<?xml version="1.0" encoding="UTF-8"?>
<testsuites name="performance_report" time="1843.358" tests="25" failures="0" errors="0">
   <testsuite name="performance_report" tests="25" failures="0" errors="0" time="1843.358" skipped="0" timestamp="18-01-2024T22:00:16" hostname="Pavitra I R - DESKTOP-MFB1Q4P" id="Test Suites/performance_report">
      <properties>
         <property name="deviceName" value=""/>
         <property name="devicePlatform" value=""/>
         <property name="logFolder" value="C:\\Users\\Pavitra I R\\Katalon Studio\\Admetrics\\Reports\\20240118_220008\\performance_report\\20240118_220009"/>
         <property name="logFiles" value="C:\\Users\\Pavitra I R\\Katalon Studio\\Admetrics\\Reports\\20240118_220008\\performance_report\\20240118_220009\\execution0.log"/>
         <property name="attachments" value=""/>
         <property name="hostName" value="Pavitra I R - DESKTOP-MFB1Q4P"/>
         <property name="os" value="Windows 10 64bit"/>
         <property name="katalonVersion" value="9.2.0.212"/>
         <property name="browser" value="Chrome 120.0.0.0"/>
         <property name="hostAddress" value="192.168.1.111"/>
         <property name="sessionId" value="ab6a16b59482895b0f6394f7c13368c9"/>
         <property name="seleniumVersion" value="3.141.59"/>
         <property name="proxyInformation" value="ProxyInformation { proxyOption=NO_PROXY, proxyServerType=HTTP, username=, password=********, proxyServerAddress=, proxyServerPort=0, executionList=&quot;&quot;, isApplyToDesiredCapabilities=true }"/>
         <property name="platform" value="Windows 10"/>
      </properties>
      <testcase name="Test Cases/Performance Report/test_verify_navigating_performance_report" time="13.669" classname="Test Cases/Performance Report/test_verify_navigating_performance_report" status="PASSED">
         <system-out><![CDATA[18-01-2024T22:00:16 - [TEST_CASE][PASSED] - Test Cases/Performance Report/test_verify_navigating_performance_report: Test Cases/Performance Report/test_verify_navigating_performance_report

18-01-2024T22:00:16 - [TEST_STEP][PASSED] - callTestCase(findTestCase("Reusable_Functions/Login"), [:], CONTINUE_ON_FAILURE): Call Test Case 'Test Cases/Reusable_Functions/Login' successfully

18-01-2024T22:00:17 - [TEST_CASE][PASSED] - Test Cases/Reusable_Functions/Login: Test Cases/Reusable_Functions/Login

18-01-2024T22:00:17 - [TEST_STEP][PASSED] - openBrowser(""): Browser is opened with url: ''

18-01-2024T22:00:17 - [MESSAGE][INFO] - Starting 'Chrome' driver

18-01-2024T22:00:17 - [MESSAGE][INFO] - Action delay is set to 0 milliseconds

18-01-2024T22:00:19 - [MESSAGE][PASSED] - Browser is opened with url: ''

18-01-2024T22:00:19 - [TEST_STEP][PASSED] - maximizeWindow(): Current window maximized

18-01-2024T22:00:19 - [MESSAGE][PASSED] - Current window maximized

18-01-2024T22:00:19 - [TEST_STEP][PASSED] - navigateToUrl(url): Navigate to 'https://dash.admetrics.ai/' successfully

18-01-2024T22:00:20 - [MESSAGE][PASSED] - Navigate to 'https://dash.admetrics.ai/' successfully

18-01-2024T22:00:20 - [TEST_STEP][PASSED] - setText(findTestObject("Page_valid_login/Page_/input_User ID_username"), username): Text 'moonlyte_admin' is set on object 'Object Repository/Page_valid_login/Page_/input_User ID_username'

18-01-2024T22:00:22 - [MESSAGE][PASSED] - Text 'moonlyte_admin' is set on object 'Object Repository/Page_valid_login/Page_/input_User ID_username'

18-01-2024T22:00:22 - [TEST_STEP][PASSED] - setEncryptedText(findTestObject("Page_valid_login/Page_/input_Password_password"), password): Text ****** has been set on object 'Object Repository/Page_valid_login/Page_/input_Password_password'

18-01-2024T22:00:23 - [MESSAGE][PASSED] - Text ****** has been set on object 'Object Repository/Page_valid_login/Page_/input_Password_password'

18-01-2024T22:00:23 - [TEST_STEP][PASSED] - click(findTestObject("Page_valid_login/Page_/button_Login")): Object: 'Object Repository/Page_valid_login/Page_/button_Login' is clicked on

18-01-2024T22:00:23 - [MESSAGE][PASSED] - Object: 'Object Repository/Page_valid_login/Page_/button_Login' is clicked on

18-01-2024T22:00:23 - [MESSAGE][PASSED] - Call Test Case 'Test Cases/Reusable_Functions/Login' successfully

18-01-2024T22:00:23 - [TEST_STEP][PASSED] - verifyElementClickable(findTestObject("Object Repository/Page_Verify_Navigating_Performance_Report/Page_/li_Performance")): Object 'Object Repository/Page_Verify_Navigating_Performance_Report/Page_/li_Performance' is clickable

18-01-2024T22:00:28 - [MESSAGE][PASSED] - Object 'Object Repository/Page_Verify_Navigating_Performance_Report/Page_/li_Performance' is clickable

18-01-2024T22:00:28 - [TEST_STEP][PASSED] - click(findTestObject("Object Repository/Page_Verify_Navigating_Performance_Report/Page_/li_Performance")): Object: 'Object Repository/Page_Verify_Navigating_Performance_Report/Page_/li_Performance' is clicked on

18-01-2024T22:00:29 - [MESSAGE][PASSED] - Object: 'Object Repository/Page_Verify_Navigating_Performance_Report/Page_/li_Performance' is clicked on

18-01-2024T22:00:29 - [TEST_STEP][PASSED] - verifyElementText(findTestObject("Object Repository/Page_Verify_Navigating_Performance_Report/Page_/p_Performance Report"), "Performance Report"): Actual text and expected text of test object 'Object Repository/Page_Verify_Navigating_Performance_Report/Page_/p_Performance Report' are matched.

18-01-2024T22:00:30 - [MESSAGE][PASSED] - Actual text and expected text of test object 'Object Repository/Page_Verify_Navigating_Performance_Report/Page_/p_Performance Report' are matched.]]></system-out>
         <system-err><![CDATA[]]></system-err>
      </testcase>
      <testcase name="Test Cases/Performance Report/test_weekly_buyer_cac_tab" time="3.477" classname="Test Cases/Performance Report/test_weekly_buyer_cac_tab" status="PASSED">
         <system-out><![CDATA[18-01-2024T22:00:30 - [TEST_CASE][PASSED] - Test Cases/Performance Report/test_weekly_buyer_cac_tab: Test Cases/Performance Report/test_weekly_buyer_cac_tab

18-01-2024T22:00:30 - [TEST_STEP][PASSED] - verifyElementText(findTestObject("Object Repository/Page_Weekly_Buyer_CAC_Tab/Page_/div_Weekly Buyer CAC Report"), "Weekly Buyer CAC Report"): Actual text and expected text of test object 'Object Repository/Page_Weekly_Buyer_CAC_Tab/Page_/div_Weekly Buyer CAC Report' are matched.

18-01-2024T22:00:30 - [MESSAGE][PASSED] - Actual text and expected text of test object 'Object Repository/Page_Weekly_Buyer_CAC_Tab/Page_/div_Weekly Buyer CAC Report' are matched.

18-01-2024T22:00:30 - [TEST_STEP][PASSED] - verifyElementClickable(findTestObject("Object Repository/Page_Weekly_Buyer_CAC_Tab/Page_/div_Weekly Buyer CAC Report")): Object 'Object Repository/Page_Weekly_Buyer_CAC_Tab/Page_/div_Weekly Buyer CAC Report' is clickable

18-01-2024T22:00:31 - [MESSAGE][PASSED] - Object 'Object Repository/Page_Weekly_Buyer_CAC_Tab/Page_/div_Weekly Buyer CAC Report' is clickable

18-01-2024T22:00:31 - [TEST_STEP][PASSED] - click(findTestObject("Object Repository/Page_Weekly_Buyer_CAC_Tab/Page_/div_Weekly Buyer CAC Report")): Object: 'Object Repository/Page_Weekly_Buyer_CAC_Tab/Page_/div_Weekly Buyer CAC Report' is clicked on

18-01-2024T22:00:31 - [MESSAGE][PASSED] - Object: 'Object Repository/Page_Weekly_Buyer_CAC_Tab/Page_/div_Weekly Buyer CAC Report' is clicked on

18-01-2024T22:00:31 - [TEST_STEP][PASSED] - delay(2): Delayed 2 second(s)

18-01-2024T22:00:33 - [MESSAGE][PASSED] - Delayed 2 second(s)]]></system-out>
         <system-err><![CDATA[]]></system-err>
      </testcase>
      <testcase name="Test Cases/Performance Report/test_weely_buyer_cac_calender" time="133.301" classname="Test Cases/Performance Report/test_weely_buyer_cac_calender" status="PASSED">
         <system-out><![CDATA[18-01-2024T22:00:33 - [TEST_CASE][PASSED] - Test Cases/Performance Report/test_weely_buyer_cac_calender: Test Cases/Performance Report/test_weely_buyer_cac_calender

18-01-2024T22:00:33 - [TEST_STEP][PASSED] - verifyElementClickable(findTestObject("Object Repository/Page_Weekly_Buyer_CAC_Calender/Page_/mat-icon_clear")): Object 'Object Repository/Page_Weekly_Buyer_CAC_Calender/Page_/mat-icon_clear' is clickable

18-01-2024T22:00:34 - [MESSAGE][PASSED] - Object 'Object Repository/Page_Weekly_Buyer_CAC_Calender/Page_/mat-icon_clear' is clickable

18-01-2024T22:00:34 - [TEST_STEP][PASSED] - click(findTestObject("Object Repository/Page_Weekly_Buyer_CAC_Calender/Page_/mat-icon_clear")): Object: 'Object Repository/Page_Weekly_Buyer_CAC_Calender/Page_/mat-icon_clear' is clicked on

18-01-2024T22:00:34 - [MESSAGE][PASSED] - Object: 'Object Repository/Page_Weekly_Buyer_CAC_Calender/Page_/mat-icon_clear' is clicked on

18-01-2024T22:00:34 - [TEST_STEP][PASSED] - verifyElementClickable(findTestObject("Object Repository/Page_Weekly_Buyer_CAC_Calender/Page_/svg_mat-datepicker-toggle-default-icon ng-s_f1b13c")): Object 'Object Repository/Page_Weekly_Buyer_CAC_Calender/Page_/svg_mat-datepicker-toggle-default-icon ng-s_f1b13c' is clickable

18-01-2024T22:01:05 - [MESSAGE][INFO] - Unable to find the element located by 'By.xpath: '. Please recheck the objects properties to make sure the desired element is located. 

18-01-2024T22:01:05 - [MESSAGE][WARNING] - [SELF-HEALING] Failed to find element with id 'Object Repository/Page_Weekly_Buyer_CAC_Calender/Page_/svg_mat-datepicker-toggle-default-icon ng-s_f1b13c'. Try using Self-healing.

18-01-2024T22:01:06 - [MESSAGE][WARNING] - [SELF-HEALING] The current locator of test object 'Object Repository/Page_Weekly_Buyer_CAC_Calender/Page_/svg_mat-datepicker-toggle-default-icon ng-s_f1b13c' was broken. Propose an alternative one: 'svg.mat-datepicker-toggle-default-icon.ng-star-inserted'.

18-01-2024T22:01:06 - [MESSAGE][PASSED] - Object 'Object Repository/Page_Weekly_Buyer_CAC_Calender/Page_/svg_mat-datepicker-toggle-default-icon ng-s_f1b13c' is clickable

18-01-2024T22:01:06 - [TEST_STEP][PASSED] - click(findTestObject("Object Repository/Page_Weekly_Buyer_CAC_Calender/Page_/svg_mat-datepicker-toggle-default-icon ng-s_f1b13c")): Object: 'Object Repository/Page_Weekly_Buyer_CAC_Calender/Page_/svg_mat-datepicker-toggle-default-icon ng-s_f1b13c' is clicked on

18-01-2024T22:01:37 - [MESSAGE][INFO] - Unable to find the element located by 'By.xpath: '. Please recheck the objects properties to make sure the desired element is located. 

18-01-2024T22:01:37 - [MESSAGE][WARNING] - [SELF-HEALING] Failed to find element with id 'Object Repository/Page_Weekly_Buyer_CAC_Calender/Page_/svg_mat-datepicker-toggle-default-icon ng-s_f1b13c'. Try using Self-healing.

18-01-2024T22:01:38 - [MESSAGE][WARNING] - [SELF-HEALING] The current locator of test object 'Object Repository/Page_Weekly_Buyer_CAC_Calender/Page_/svg_mat-datepicker-toggle-default-icon ng-s_f1b13c' was broken. Propose an alternative one: 'svg.mat-datepicker-toggle-default-icon.ng-star-inserted'.

18-01-2024T22:01:38 - [MESSAGE][PASSED] - Object: 'Object Repository/Page_Weekly_Buyer_CAC_Calender/Page_/svg_mat-datepicker-toggle-default-icon ng-s_f1b13c' is clicked on

18-01-2024T22:01:38 - [TEST_STEP][PASSED] - verifyElementClickable(findTestObject("Object Repository/Page_Weekly_Buyer_CAC_Calender/Page_/polygon")): Object 'Object Repository/Page_Weekly_Buyer_CAC_Calender/Page_/polygon' is clickable

18-01-2024T22:02:09 - [MESSAGE][INFO] - Unable to find the element located by 'By.xpath: '. Please recheck the objects properties to make sure the desired element is located. 

18-01-2024T22:02:09 - [MESSAGE][WARNING] - [SELF-HEALING] Failed to find element with id 'Object Repository/Page_Weekly_Buyer_CAC_Calender/Page_/polygon'. Try using Self-healing.

18-01-2024T22:02:09 - [MESSAGE][WARNING] - [SELF-HEALING] The current locator of test object 'Object Repository/Page_Weekly_Buyer_CAC_Calender/Page_/polygon' was broken. Propose an alternative one: 'polygon'.

18-01-2024T22:02:09 - [MESSAGE][PASSED] - Object 'Object Repository/Page_Weekly_Buyer_CAC_Calender/Page_/polygon' is clickable

18-01-2024T22:02:09 - [TEST_STEP][PASSED] - verifyElementClickable(findTestObject("Object Repository/Page_Weekly_Buyer_CAC_Calender/Page_/button_mat-focus-indicator mat-calendar-pre_09dfc7")): Object 'Object Repository/Page_Weekly_Buyer_CAC_Calender/Page_/button_mat-focus-indicator mat-calendar-pre_09dfc7' is clickable

18-01-2024T22:02:10 - [MESSAGE][PASSED] - Object 'Object Repository/Page_Weekly_Buyer_CAC_Calender/Page_/button_mat-focus-indicator mat-calendar-pre_09dfc7' is clickable

18-01-2024T22:02:10 - [TEST_STEP][PASSED] - verifyElementClickable(findTestObject("Object Repository/Page_Weekly_Buyer_CAC_Calender/Page_/button_mat-focus-indicator mat-calendar-pre_09dfc7")): Object 'Object Repository/Page_Weekly_Buyer_CAC_Calender/Page_/button_mat-focus-indicator mat-calendar-pre_09dfc7' is clickable

18-01-2024T22:02:10 - [MESSAGE][PASSED] - Object 'Object Repository/Page_Weekly_Buyer_CAC_Calender/Page_/button_mat-focus-indicator mat-calendar-pre_09dfc7' is clickable

18-01-2024T22:02:10 - [TEST_STEP][PASSED] - click(findTestObject("Object Repository/Page_Weekly_Buyer_CAC_Calender/Page_/polygon")): Object: 'Object Repository/Page_Weekly_Buyer_CAC_Calender/Page_/polygon' is clicked on

18-01-2024T22:02:41 - [MESSAGE][INFO] - Unable to find the element located by 'By.xpath: '. Please recheck the objects properties to make sure the desired element is located. 

18-01-2024T22:02:41 - [MESSAGE][WARNING] - [SELF-HEALING] Failed to find element with id 'Object Repository/Page_Weekly_Buyer_CAC_Calender/Page_/polygon'. Try using Self-healing.

18-01-2024T22:02:42 - [MESSAGE][WARNING] - [SELF-HEALING] The current locator of test object 'Object Repository/Page_Weekly_Buyer_CAC_Calender/Page_/polygon' was broken. Propose an alternative one: 'polygon'.

18-01-2024T22:02:42 - [MESSAGE][PASSED] - Object: 'Object Repository/Page_Weekly_Buyer_CAC_Calender/Page_/polygon' is clicked on

18-01-2024T22:02:42 - [TEST_STEP][PASSED] - click(findTestObject("Object Repository/Page_Weekly_Buyer_CAC_Calender/Page_/span_2016  2039")): Object: 'Object Repository/Page_Weekly_Buyer_CAC_Calender/Page_/span_2016  2039' is clicked on

18-01-2024T22:02:43 - [MESSAGE][PASSED] - Object: 'Object Repository/Page_Weekly_Buyer_CAC_Calender/Page_/span_2016  2039' is clicked on

18-01-2024T22:02:43 - [TEST_STEP][PASSED] - click(findTestObject("Object Repository/Page_Weekly_Buyer_CAC_Calender/Page_/button_mat-focus-indicator mat-calendar-pre_09dfc7")): Object: 'Object Repository/Page_Weekly_Buyer_CAC_Calender/Page_/button_mat-focus-indicator mat-calendar-pre_09dfc7' is clicked on

18-01-2024T22:02:44 - [MESSAGE][PASSED] - Object: 'Object Repository/Page_Weekly_Buyer_CAC_Calender/Page_/button_mat-focus-indicator mat-calendar-pre_09dfc7' is clicked on

18-01-2024T22:02:44 - [TEST_STEP][PASSED] - click(findTestObject("Object Repository/Page_Weekly_Buyer_CAC_Calender/Page_/button_mat-focus-indicator mat-calendar-pre_09dfc7")): Object: 'Object Repository/Page_Weekly_Buyer_CAC_Calender/Page_/button_mat-focus-indicator mat-calendar-pre_09dfc7' is clicked on

18-01-2024T22:02:45 - [MESSAGE][PASSED] - Object: 'Object Repository/Page_Weekly_Buyer_CAC_Calender/Page_/button_mat-focus-indicator mat-calendar-pre_09dfc7' is clicked on

18-01-2024T22:02:45 - [TEST_STEP][PASSED] - click(findTestObject("Object Repository/Page_Weekly_Buyer_CAC_Calender/Page_/div_1")): Object: 'Object Repository/Page_Weekly_Buyer_CAC_Calender/Page_/div_1' is clicked on

18-01-2024T22:02:46 - [MESSAGE][PASSED] - Object: 'Object Repository/Page_Weekly_Buyer_CAC_Calender/Page_/div_1' is clicked on

18-01-2024T22:02:46 - [TEST_STEP][PASSED] - click(findTestObject("Object Repository/Page_Weekly_Buyer_CAC_Calender/Page_/div_31")): Object: 'Object Repository/Page_Weekly_Buyer_CAC_Calender/Page_/div_31' is clicked on

18-01-2024T22:02:47 - [MESSAGE][PASSED] - Object: 'Object Repository/Page_Weekly_Buyer_CAC_Calender/Page_/div_31' is clicked on]]></system-out>
         <system-err><![CDATA[]]></system-err>
      </testcase>
      <testcase name="Test Cases/Performance Report/test_weekly_buyer_cac_table_title" time="2.802" classname="Test Cases/Performance Report/test_weekly_buyer_cac_table_title" status="PASSED">
         <system-out><![CDATA[18-01-2024T22:02:47 - [TEST_CASE][PASSED] - Test Cases/Performance Report/test_weekly_buyer_cac_table_title: Test Cases/Performance Report/test_weekly_buyer_cac_table_title

18-01-2024T22:02:47 - [TEST_STEP][PASSED] - verifyElementText(findTestObject("Object Repository/Page_Weekly_Buyer_CAC_Table_Title/Page_/h2_Buyer CAC"), "Buyer CAC"): Actual text and expected text of test object 'Object Repository/Page_Weekly_Buyer_CAC_Table_Title/Page_/h2_Buyer CAC' are matched.

18-01-2024T22:02:48 - [MESSAGE][PASSED] - Actual text and expected text of test object 'Object Repository/Page_Weekly_Buyer_CAC_Table_Title/Page_/h2_Buyer CAC' are matched.

18-01-2024T22:02:48 - [TEST_STEP][PASSED] - verifyElementText(findTestObject("Object Repository/Page_Weekly_Buyer_CAC_Table_Title/Page_/div_Weeks"), "Weeks"): Actual text and expected text of test object 'Object Repository/Page_Weekly_Buyer_CAC_Table_Title/Page_/div_Weeks' are matched.

18-01-2024T22:02:48 - [MESSAGE][PASSED] - Actual text and expected text of test object 'Object Repository/Page_Weekly_Buyer_CAC_Table_Title/Page_/div_Weeks' are matched.

18-01-2024T22:02:48 - [TEST_STEP][PASSED] - verifyElementText(findTestObject("Object Repository/Page_Weekly_Buyer_CAC_Table_Title/Page_/div_Buyer Spend"), "Buyer Spend"): Actual text and expected text of test object 'Object Repository/Page_Weekly_Buyer_CAC_Table_Title/Page_/div_Buyer Spend' are matched.

18-01-2024T22:02:49 - [MESSAGE][PASSED] - Actual text and expected text of test object 'Object Repository/Page_Weekly_Buyer_CAC_Table_Title/Page_/div_Buyer Spend' are matched.

18-01-2024T22:02:49 - [TEST_STEP][PASSED] - verifyElementText(findTestObject("Object Repository/Page_Weekly_Buyer_CAC_Table_Title/Page_/div_Number of Project"), "Number of Project"): Actual text and expected text of test object 'Object Repository/Page_Weekly_Buyer_CAC_Table_Title/Page_/div_Number of Project' are matched.

18-01-2024T22:02:49 - [MESSAGE][PASSED] - Actual text and expected text of test object 'Object Repository/Page_Weekly_Buyer_CAC_Table_Title/Page_/div_Number of Project' are matched.

18-01-2024T22:02:49 - [TEST_STEP][PASSED] - verifyElementText(findTestObject("Object Repository/Page_Weekly_Buyer_CAC_Table_Title/Page_/div_Buyer CAC"), "Buyer CAC"): Actual text and expected text of test object 'Object Repository/Page_Weekly_Buyer_CAC_Table_Title/Page_/div_Buyer CAC' are matched.

18-01-2024T22:02:49 - [MESSAGE][PASSED] - Actual text and expected text of test object 'Object Repository/Page_Weekly_Buyer_CAC_Table_Title/Page_/div_Buyer CAC' are matched.]]></system-out>
         <system-err><![CDATA[]]></system-err>
      </testcase>
      <testcase name="Test Cases/Performance Report/test_weekly_buyer_cac_ascending_decending" time="5.879" classname="Test Cases/Performance Report/test_weekly_buyer_cac_ascending_decending" status="PASSED">
         <system-out><![CDATA[18-01-2024T22:02:49 - [TEST_CASE][PASSED] - Test Cases/Performance Report/test_weekly_buyer_cac_ascending_decending: Test Cases/Performance Report/test_weekly_buyer_cac_ascending_decending

18-01-2024T22:02:49 - [TEST_STEP][PASSED] - verifyElementClickable(findTestObject("Object Repository/Page_Weekly_Buyer_CAC_Ascending_Decending/Page_/div_mat-sort-header-stem ng-tns-c99-11_1")): Object 'Object Repository/Page_Weekly_Buyer_CAC_Ascending_Decending/Page_/div_mat-sort-header-stem ng-tns-c99-11_1' is clickable

18-01-2024T22:02:50 - [MESSAGE][PASSED] - Object 'Object Repository/Page_Weekly_Buyer_CAC_Ascending_Decending/Page_/div_mat-sort-header-stem ng-tns-c99-11_1' is clickable

18-01-2024T22:02:50 - [TEST_STEP][PASSED] - verifyElementClickable(findTestObject("Object Repository/Page_Weekly_Buyer_CAC_Ascending_Decending/Page_/div_mat-sort-header-stem ng-tns-c99-12_1")): Object 'Object Repository/Page_Weekly_Buyer_CAC_Ascending_Decending/Page_/div_mat-sort-header-stem ng-tns-c99-12_1' is clickable

18-01-2024T22:02:50 - [MESSAGE][PASSED] - Object 'Object Repository/Page_Weekly_Buyer_CAC_Ascending_Decending/Page_/div_mat-sort-header-stem ng-tns-c99-12_1' is clickable

18-01-2024T22:02:50 - [TEST_STEP][PASSED] - verifyElementClickable(findTestObject("Object Repository/Page_Weekly_Buyer_CAC_Ascending_Decending/Page_/div_mat-sort-header-stem ng-tns-c99-13_1")): Object 'Object Repository/Page_Weekly_Buyer_CAC_Ascending_Decending/Page_/div_mat-sort-header-stem ng-tns-c99-13_1' is clickable

18-01-2024T22:02:51 - [MESSAGE][PASSED] - Object 'Object Repository/Page_Weekly_Buyer_CAC_Ascending_Decending/Page_/div_mat-sort-header-stem ng-tns-c99-13_1' is clickable

18-01-2024T22:02:51 - [TEST_STEP][PASSED] - verifyElementClickable(findTestObject("Object Repository/Page_Weekly_Buyer_CAC_Ascending_Decending/Page_/div_mat-sort-header-stem ng-tns-c99-14_1")): Object 'Object Repository/Page_Weekly_Buyer_CAC_Ascending_Decending/Page_/div_mat-sort-header-stem ng-tns-c99-14_1' is clickable

18-01-2024T22:02:51 - [MESSAGE][PASSED] - Object 'Object Repository/Page_Weekly_Buyer_CAC_Ascending_Decending/Page_/div_mat-sort-header-stem ng-tns-c99-14_1' is clickable

18-01-2024T22:02:51 - [TEST_STEP][PASSED] - click(findTestObject("Object Repository/Page_Weekly_Buyer_CAC_Ascending_Decending/Page_/div_mat-sort-header-arrow ng-trigger ng-tri_4c1f59")): Object: 'Object Repository/Page_Weekly_Buyer_CAC_Ascending_Decending/Page_/div_mat-sort-header-arrow ng-trigger ng-tri_4c1f59' is clicked on

18-01-2024T22:02:51 - [MESSAGE][PASSED] - Object: 'Object Repository/Page_Weekly_Buyer_CAC_Ascending_Decending/Page_/div_mat-sort-header-arrow ng-trigger ng-tri_4c1f59' is clicked on

18-01-2024T22:02:51 - [TEST_STEP][PASSED] - click(findTestObject("Object Repository/Page_Weekly_Buyer_CAC_Ascending_Decending/Page_/div_mat-sort-header-arrow ng-trigger ng-tri_4c1f59_1")): Object: 'Object Repository/Page_Weekly_Buyer_CAC_Ascending_Decending/Page_/div_mat-sort-header-arrow ng-trigger ng-tri_4c1f59_1' is clicked on

18-01-2024T22:02:52 - [MESSAGE][PASSED] - Object: 'Object Repository/Page_Weekly_Buyer_CAC_Ascending_Decending/Page_/div_mat-sort-header-arrow ng-trigger ng-tri_4c1f59_1' is clicked on

18-01-2024T22:02:52 - [TEST_STEP][PASSED] - click(findTestObject("Object Repository/Page_Weekly_Buyer_CAC_Ascending_Decending/Page_/div_mat-sort-header-arrow ng-trigger ng-tri_b60667")): Object: 'Object Repository/Page_Weekly_Buyer_CAC_Ascending_Decending/Page_/div_mat-sort-header-arrow ng-trigger ng-tri_b60667' is clicked on

18-01-2024T22:02:52 - [MESSAGE][PASSED] - Object: 'Object Repository/Page_Weekly_Buyer_CAC_Ascending_Decending/Page_/div_mat-sort-header-arrow ng-trigger ng-tri_b60667' is clicked on

18-01-2024T22:02:52 - [TEST_STEP][PASSED] - click(findTestObject("Object Repository/Page_Weekly_Buyer_CAC_Ascending_Decending/Page_/div_mat-sort-header-arrow ng-trigger ng-tri_b60667_1")): Object: 'Object Repository/Page_Weekly_Buyer_CAC_Ascending_Decending/Page_/div_mat-sort-header-arrow ng-trigger ng-tri_b60667_1' is clicked on

18-01-2024T22:02:53 - [MESSAGE][PASSED] - Object: 'Object Repository/Page_Weekly_Buyer_CAC_Ascending_Decending/Page_/div_mat-sort-header-arrow ng-trigger ng-tri_b60667_1' is clicked on

18-01-2024T22:02:53 - [TEST_STEP][PASSED] - click(findTestObject("Object Repository/Page_Weekly_Buyer_CAC_Ascending_Decending/Page_/div_mat-sort-header-stem ng-tns-c99-13")): Object: 'Object Repository/Page_Weekly_Buyer_CAC_Ascending_Decending/Page_/div_mat-sort-header-stem ng-tns-c99-13' is clicked on

18-01-2024T22:02:54 - [MESSAGE][PASSED] - Object: 'Object Repository/Page_Weekly_Buyer_CAC_Ascending_Decending/Page_/div_mat-sort-header-stem ng-tns-c99-13' is clicked on

18-01-2024T22:02:54 - [TEST_STEP][PASSED] - click(findTestObject("Object Repository/Page_Weekly_Buyer_CAC_Ascending_Decending/Page_/div_mat-sort-header-stem ng-tns-c99-13_1_2")): Object: 'Object Repository/Page_Weekly_Buyer_CAC_Ascending_Decending/Page_/div_mat-sort-header-stem ng-tns-c99-13_1_2' is clicked on

18-01-2024T22:02:54 - [MESSAGE][PASSED] - Object: 'Object Repository/Page_Weekly_Buyer_CAC_Ascending_Decending/Page_/div_mat-sort-header-stem ng-tns-c99-13_1_2' is clicked on

18-01-2024T22:02:54 - [TEST_STEP][PASSED] - click(findTestObject("Object Repository/Page_Weekly_Buyer_CAC_Ascending_Decending/Page_/div_mat-sort-header-stem ng-tns-c99-14")): Object: 'Object Repository/Page_Weekly_Buyer_CAC_Ascending_Decending/Page_/div_mat-sort-header-stem ng-tns-c99-14' is clicked on

18-01-2024T22:02:55 - [MESSAGE][PASSED] - Object: 'Object Repository/Page_Weekly_Buyer_CAC_Ascending_Decending/Page_/div_mat-sort-header-stem ng-tns-c99-14' is clicked on

18-01-2024T22:02:55 - [TEST_STEP][PASSED] - click(findTestObject("Object Repository/Page_Weekly_Buyer_CAC_Ascending_Decending/Page_/div_mat-sort-header-stem ng-tns-c99-14_1_2")): Object: 'Object Repository/Page_Weekly_Buyer_CAC_Ascending_Decending/Page_/div_mat-sort-header-stem ng-tns-c99-14_1_2' is clicked on

18-01-2024T22:02:55 - [MESSAGE][PASSED] - Object: 'Object Repository/Page_Weekly_Buyer_CAC_Ascending_Decending/Page_/div_mat-sort-header-stem ng-tns-c99-14_1_2' is clicked on]]></system-out>
         <system-err><![CDATA[]]></system-err>
      </testcase>
      <testcase name="Test Cases/Performance Report/test_weekly_buyer_cac_items_dropdown" time="6.19" classname="Test Cases/Performance Report/test_weekly_buyer_cac_items_dropdown" status="PASSED">
         <system-out><![CDATA[18-01-2024T22:02:55 - [TEST_CASE][PASSED] - Test Cases/Performance Report/test_weekly_buyer_cac_items_dropdown: Test Cases/Performance Report/test_weekly_buyer_cac_items_dropdown

18-01-2024T22:02:55 - [TEST_STEP][PASSED] - callTestCase(findTestCase("Reusable_Functions/Items_per_page"), [:], CONTINUE_ON_FAILURE): Call Test Case 'Test Cases/Reusable_Functions/Items_per_page' successfully

18-01-2024T22:02:55 - [TEST_CASE][PASSED] - Test Cases/Reusable_Functions/Items_per_page: Test Cases/Reusable_Functions/Items_per_page

18-01-2024T22:02:56 - [TEST_STEP][PASSED] - verifyElementText(findTestObject("Object Repository/Page_Items_Per_Page/Page_/div_Items per page"), "Items per page:"): Actual text and expected text of test object 'Object Repository/Page_Items_Per_Page/Page_/div_Items per page' are matched.

18-01-2024T22:02:56 - [MESSAGE][PASSED] - Actual text and expected text of test object 'Object Repository/Page_Items_Per_Page/Page_/div_Items per page' are matched.

18-01-2024T22:02:56 - [TEST_STEP][PASSED] - verifyElementClickable(findTestObject("Object Repository/Page_Items_Per_Page/Page_/div_mat-select-arrow ng-tns-c110-10")): Object 'Object Repository/Page_Items_Per_Page/Page_/div_mat-select-arrow ng-tns-c110-10' is clickable

18-01-2024T22:02:56 - [MESSAGE][PASSED] - Object 'Object Repository/Page_Items_Per_Page/Page_/div_mat-select-arrow ng-tns-c110-10' is clickable

18-01-2024T22:02:56 - [TEST_STEP][PASSED] - click(findTestObject("Object Repository/Page_Items_Per_Page/Page_/div_mat-select-arrow-wrapper ng-tns-c110-10")): Object: 'Object Repository/Page_Items_Per_Page/Page_/div_mat-select-arrow-wrapper ng-tns-c110-10' is clicked on

18-01-2024T22:02:57 - [MESSAGE][PASSED] - Object: 'Object Repository/Page_Items_Per_Page/Page_/div_mat-select-arrow-wrapper ng-tns-c110-10' is clicked on

18-01-2024T22:02:57 - [TEST_STEP][PASSED] - click(findTestObject("Object Repository/Page_Items_Per_Page/Page_/span_10")): Object: 'Object Repository/Page_Items_Per_Page/Page_/span_10' is clicked on

18-01-2024T22:02:57 - [MESSAGE][PASSED] - Object: 'Object Repository/Page_Items_Per_Page/Page_/span_10' is clicked on

18-01-2024T22:02:57 - [TEST_STEP][PASSED] - click(findTestObject("Object Repository/Page_Items_Per_Page/Page_/div_mat-select-arrow-wrapper ng-tns-c110-10")): Object: 'Object Repository/Page_Items_Per_Page/Page_/div_mat-select-arrow-wrapper ng-tns-c110-10' is clicked on

18-01-2024T22:02:58 - [MESSAGE][PASSED] - Object: 'Object Repository/Page_Items_Per_Page/Page_/div_mat-select-arrow-wrapper ng-tns-c110-10' is clicked on

18-01-2024T22:02:58 - [TEST_STEP][PASSED] - click(findTestObject("Object Repository/Page_Items_Per_Page/Page_/span_20")): Object: 'Object Repository/Page_Items_Per_Page/Page_/span_20' is clicked on

18-01-2024T22:02:59 - [MESSAGE][PASSED] - Object: 'Object Repository/Page_Items_Per_Page/Page_/span_20' is clicked on

18-01-2024T22:02:59 - [TEST_STEP][PASSED] - click(findTestObject("Object Repository/Page_Items_Per_Page/Page_/div_mat-select-arrow-wrapper ng-tns-c110-10")): Object: 'Object Repository/Page_Items_Per_Page/Page_/div_mat-select-arrow-wrapper ng-tns-c110-10' is clicked on

18-01-2024T22:03:00 - [MESSAGE][PASSED] - Object: 'Object Repository/Page_Items_Per_Page/Page_/div_mat-select-arrow-wrapper ng-tns-c110-10' is clicked on

18-01-2024T22:03:00 - [TEST_STEP][PASSED] - click(findTestObject("Object Repository/Page_Items_Per_Page/Page_/span_30")): Object: 'Object Repository/Page_Items_Per_Page/Page_/span_30' is clicked on

18-01-2024T22:03:00 - [MESSAGE][PASSED] - Object: 'Object Repository/Page_Items_Per_Page/Page_/span_30' is clicked on

18-01-2024T22:03:00 - [TEST_STEP][PASSED] - click(findTestObject("Object Repository/Page_Items_Per_Page/Page_/div_mat-select-arrow ng-tns-c110-10")): Object: 'Object Repository/Page_Items_Per_Page/Page_/div_mat-select-arrow ng-tns-c110-10' is clicked on

18-01-2024T22:03:01 - [MESSAGE][PASSED] - Object: 'Object Repository/Page_Items_Per_Page/Page_/div_mat-select-arrow ng-tns-c110-10' is clicked on

18-01-2024T22:03:01 - [TEST_STEP][PASSED] - click(findTestObject("Object Repository/Page_Items_Per_Page/Page_/span_5")): Object: 'Object Repository/Page_Items_Per_Page/Page_/span_5' is clicked on

18-01-2024T22:03:01 - [MESSAGE][PASSED] - Object: 'Object Repository/Page_Items_Per_Page/Page_/span_5' is clicked on

18-01-2024T22:03:01 - [MESSAGE][PASSED] - Call Test Case 'Test Cases/Reusable_Functions/Items_per_page' successfully]]></system-out>
         <system-err><![CDATA[]]></system-err>
      </testcase>
      <testcase name="Test Cases/Performance Report/test_weekly_seller_cac_tab" time="1.441" classname="Test Cases/Performance Report/test_weekly_seller_cac_tab" status="PASSED">
         <system-out><![CDATA[18-01-2024T22:03:01 - [TEST_CASE][PASSED] - Test Cases/Performance Report/test_weekly_seller_cac_tab: Test Cases/Performance Report/test_weekly_seller_cac_tab

18-01-2024T22:03:02 - [TEST_STEP][PASSED] - verifyElementText(findTestObject("Object Repository/Page_Weekly_Seller_CAC_Tab/Page_/div_Weekly Seller CAC Report"), "Weekly Seller CAC Report"): Actual text and expected text of test object 'Object Repository/Page_Weekly_Seller_CAC_Tab/Page_/div_Weekly Seller CAC Report' are matched.

18-01-2024T22:03:02 - [MESSAGE][PASSED] - Actual text and expected text of test object 'Object Repository/Page_Weekly_Seller_CAC_Tab/Page_/div_Weekly Seller CAC Report' are matched.

18-01-2024T22:03:02 - [TEST_STEP][PASSED] - verifyElementClickable(findTestObject("Object Repository/Page_Weekly_Seller_CAC_Tab/Page_/div_Weekly Seller CAC Report")): Object 'Object Repository/Page_Weekly_Seller_CAC_Tab/Page_/div_Weekly Seller CAC Report' is clickable

18-01-2024T22:03:02 - [MESSAGE][PASSED] - Object 'Object Repository/Page_Weekly_Seller_CAC_Tab/Page_/div_Weekly Seller CAC Report' is clickable

18-01-2024T22:03:02 - [TEST_STEP][PASSED] - click(findTestObject("Object Repository/Page_Weekly_Seller_CAC_Tab/Page_/div_Weekly Seller CAC Report")): Object: 'Object Repository/Page_Weekly_Seller_CAC_Tab/Page_/div_Weekly Seller CAC Report' is clicked on

18-01-2024T22:03:03 - [MESSAGE][PASSED] - Object: 'Object Repository/Page_Weekly_Seller_CAC_Tab/Page_/div_Weekly Seller CAC Report' is clicked on]]></system-out>
         <system-err><![CDATA[]]></system-err>
      </testcase>
      <testcase name="Test Cases/Performance Report/test_weekly_seller_cac_calender" time="289.044" classname="Test Cases/Performance Report/test_weekly_seller_cac_calender" status="PASSED">
         <system-out><![CDATA[18-01-2024T22:03:03 - [TEST_CASE][PASSED] - Test Cases/Performance Report/test_weekly_seller_cac_calender: Test Cases/Performance Report/test_weekly_seller_cac_calender

18-01-2024T22:03:03 - [TEST_STEP][PASSED] - callTestCase(findTestCase("Reusable_Functions/Calender"), [:], CONTINUE_ON_FAILURE): Call Test Case 'Test Cases/Reusable_Functions/Calender' successfully

18-01-2024T22:03:03 - [TEST_CASE][PASSED] - Test Cases/Reusable_Functions/Calender: Test Cases/Reusable_Functions/Calender

18-01-2024T22:03:03 - [TEST_STEP][PASSED] - verifyElementClickable(findTestObject("Object Repository/Page_Calender/Page_/mat-icon_clear")): Object 'Object Repository/Page_Calender/Page_/mat-icon_clear' is clickable

18-01-2024T22:03:35 - [MESSAGE][INFO] - Unable to find the element located by 'By.xpath: //mat-tab-body[@id='mat-tab-content-0-0']/div/app-weekly-admetric/div/div/div/app-time-series-filter-panel/div/mat-form-field/div/div/div/mat-icon'. Please recheck the objects properties to make sure the desired element is located. 

18-01-2024T22:03:35 - [MESSAGE][WARNING] - [SELF-HEALING] Failed to find element with id 'Object Repository/Page_Calender/Page_/mat-icon_clear'. Try using Self-healing.

18-01-2024T22:03:35 - [MESSAGE][WARNING] - [SELF-HEALING] The current locator of test object 'Object Repository/Page_Calender/Page_/mat-icon_clear' was broken. Propose an alternative one: '//mat-icon'.

18-01-2024T22:03:35 - [MESSAGE][PASSED] - Object 'Object Repository/Page_Calender/Page_/mat-icon_clear' is clickable

18-01-2024T22:03:35 - [TEST_STEP][PASSED] - click(findTestObject("Object Repository/Page_Calender/Page_/mat-icon_clear")): Object: 'Object Repository/Page_Calender/Page_/mat-icon_clear' is clicked on

18-01-2024T22:04:06 - [MESSAGE][INFO] - Unable to find the element located by 'By.xpath: //mat-tab-body[@id='mat-tab-content-0-0']/div/app-weekly-admetric/div/div/div/app-time-series-filter-panel/div/mat-form-field/div/div/div/mat-icon'. Please recheck the objects properties to make sure the desired element is located. 

18-01-2024T22:04:06 - [MESSAGE][WARNING] - [SELF-HEALING] Failed to find element with id 'Object Repository/Page_Calender/Page_/mat-icon_clear'. Try using Self-healing.

18-01-2024T22:04:06 - [MESSAGE][WARNING] - [SELF-HEALING] The current locator of test object 'Object Repository/Page_Calender/Page_/mat-icon_clear' was broken. Propose an alternative one: '//mat-icon'.

18-01-2024T22:04:06 - [MESSAGE][PASSED] - Object: 'Object Repository/Page_Calender/Page_/mat-icon_clear' is clicked on

18-01-2024T22:04:06 - [TEST_STEP][PASSED] - verifyElementClickable(findTestObject("Object Repository/Page_Calender/Page_/svg_mat-datepicker-toggle-default-icon ng-s_f1b13c")): Object 'Object Repository/Page_Calender/Page_/svg_mat-datepicker-toggle-default-icon ng-s_f1b13c' is clickable

18-01-2024T22:04:38 - [MESSAGE][INFO] - Unable to find the element located by 'By.xpath: '. Please recheck the objects properties to make sure the desired element is located. 

18-01-2024T22:04:38 - [MESSAGE][WARNING] - [SELF-HEALING] Failed to find element with id 'Object Repository/Page_Calender/Page_/svg_mat-datepicker-toggle-default-icon ng-s_f1b13c'. Try using Self-healing.

18-01-2024T22:04:38 - [MESSAGE][WARNING] - [SELF-HEALING] The current locator of test object 'Object Repository/Page_Calender/Page_/svg_mat-datepicker-toggle-default-icon ng-s_f1b13c' was broken. Propose an alternative one: 'svg.mat-datepicker-toggle-default-icon.ng-star-inserted'.

18-01-2024T22:04:38 - [MESSAGE][PASSED] - Object 'Object Repository/Page_Calender/Page_/svg_mat-datepicker-toggle-default-icon ng-s_f1b13c' is clickable

18-01-2024T22:04:38 - [TEST_STEP][PASSED] - click(findTestObject("Object Repository/Page_Calender/Page_/svg_mat-datepicker-toggle-default-icon ng-s_f1b13c")): Object: 'Object Repository/Page_Calender/Page_/svg_mat-datepicker-toggle-default-icon ng-s_f1b13c' is clicked on

18-01-2024T22:05:09 - [MESSAGE][INFO] - Unable to find the element located by 'By.xpath: '. Please recheck the objects properties to make sure the desired element is located. 

18-01-2024T22:05:09 - [MESSAGE][WARNING] - [SELF-HEALING] Failed to find element with id 'Object Repository/Page_Calender/Page_/svg_mat-datepicker-toggle-default-icon ng-s_f1b13c'. Try using Self-healing.

18-01-2024T22:05:10 - [MESSAGE][WARNING] - [SELF-HEALING] The current locator of test object 'Object Repository/Page_Calender/Page_/svg_mat-datepicker-toggle-default-icon ng-s_f1b13c' was broken. Propose an alternative one: 'svg.mat-datepicker-toggle-default-icon.ng-star-inserted'.

18-01-2024T22:05:10 - [MESSAGE][PASSED] - Object: 'Object Repository/Page_Calender/Page_/svg_mat-datepicker-toggle-default-icon ng-s_f1b13c' is clicked on

18-01-2024T22:05:10 - [TEST_STEP][PASSED] - verifyElementClickable(findTestObject("Object Repository/Page_Calender/Page_/button_mat-focus-indicator mat-calendar-pre_09dfc7")): Object 'Object Repository/Page_Calender/Page_/button_mat-focus-indicator mat-calendar-pre_09dfc7' is clickable

18-01-2024T22:05:11 - [MESSAGE][PASSED] - Object 'Object Repository/Page_Calender/Page_/button_mat-focus-indicator mat-calendar-pre_09dfc7' is clickable

18-01-2024T22:05:11 - [TEST_STEP][PASSED] - verifyElementClickable(findTestObject("Object Repository/Page_Calender/Page_/button_mat-focus-indicator mat-calendar-pre_09dfc7")): Object 'Object Repository/Page_Calender/Page_/button_mat-focus-indicator mat-calendar-pre_09dfc7' is clickable

18-01-2024T22:05:11 - [MESSAGE][PASSED] - Object 'Object Repository/Page_Calender/Page_/button_mat-focus-indicator mat-calendar-pre_09dfc7' is clickable

18-01-2024T22:05:11 - [TEST_STEP][PASSED] - verifyElementClickable(findTestObject("Object Repository/Page_Calender/Page_/span_DEC 2023")): Object 'Object Repository/Page_Calender/Page_/span_DEC 2023' is clickable

18-01-2024T22:05:43 - [MESSAGE][INFO] - Unable to find the element located by 'By.xpath: //mat-calendar[@id='mat-datepicker-0']/mat-calendar-header/div/div/button/span'. Please recheck the objects properties to make sure the desired element is located. 

18-01-2024T22:05:43 - [MESSAGE][WARNING] - [SELF-HEALING] Failed to find element with id 'Object Repository/Page_Calender/Page_/span_DEC 2023'. Try using Self-healing.

18-01-2024T22:05:43 - [MESSAGE][WARNING] - [SELF-HEALING] The current locator of test object 'Object Repository/Page_Calender/Page_/span_DEC 2023' was broken. Propose an alternative one: '//div/div/button/span'.

18-01-2024T22:05:43 - [MESSAGE][PASSED] - Object 'Object Repository/Page_Calender/Page_/span_DEC 2023' is clickable

18-01-2024T22:05:43 - [TEST_STEP][PASSED] - click(findTestObject("Object Repository/Page_Calender/Page_/polygon")): Object: 'Object Repository/Page_Calender/Page_/polygon' is clicked on

18-01-2024T22:06:14 - [MESSAGE][INFO] - Unable to find the element located by 'By.xpath: '. Please recheck the objects properties to make sure the desired element is located. 

18-01-2024T22:06:14 - [MESSAGE][WARNING] - [SELF-HEALING] Failed to find element with id 'Object Repository/Page_Calender/Page_/polygon'. Try using Self-healing.

18-01-2024T22:06:15 - [MESSAGE][WARNING] - [SELF-HEALING] The current locator of test object 'Object Repository/Page_Calender/Page_/polygon' was broken. Propose an alternative one: 'polygon'.

18-01-2024T22:06:15 - [MESSAGE][PASSED] - Object: 'Object Repository/Page_Calender/Page_/polygon' is clicked on

18-01-2024T22:06:15 - [TEST_STEP][PASSED] - click(findTestObject("Object Repository/Page_Calender/Page_/svg_mat-calendar-arrow mat-calendar-invert")): Object: 'Object Repository/Page_Calender/Page_/svg_mat-calendar-arrow mat-calendar-invert' is clicked on

18-01-2024T22:06:46 - [MESSAGE][INFO] - Unable to find the element located by 'By.xpath: '. Please recheck the objects properties to make sure the desired element is located. 

18-01-2024T22:06:46 - [MESSAGE][WARNING] - [SELF-HEALING] Failed to find element with id 'Object Repository/Page_Calender/Page_/svg_mat-calendar-arrow mat-calendar-invert'. Try using Self-healing.

18-01-2024T22:06:46 - [MESSAGE][WARNING] - [SELF-HEALING] The current locator of test object 'Object Repository/Page_Calender/Page_/svg_mat-calendar-arrow mat-calendar-invert' was broken. Propose an alternative one: 'svg.mat-calendar-arrow.mat-calendar-invert'.

18-01-2024T22:06:46 - [MESSAGE][PASSED] - Object: 'Object Repository/Page_Calender/Page_/svg_mat-calendar-arrow mat-calendar-invert' is clicked on

18-01-2024T22:06:46 - [TEST_STEP][PASSED] - click(findTestObject("Object Repository/Page_Calender/Page_/button_mat-focus-indicator mat-calendar-pre_09dfc7")): Object: 'Object Repository/Page_Calender/Page_/button_mat-focus-indicator mat-calendar-pre_09dfc7' is clicked on

18-01-2024T22:06:48 - [MESSAGE][PASSED] - Object: 'Object Repository/Page_Calender/Page_/button_mat-focus-indicator mat-calendar-pre_09dfc7' is clicked on

18-01-2024T22:06:48 - [TEST_STEP][PASSED] - click(findTestObject("Object Repository/Page_Calender/Page_/button_mat-focus-indicator mat-calendar-pre_09dfc7")): Object: 'Object Repository/Page_Calender/Page_/button_mat-focus-indicator mat-calendar-pre_09dfc7' is clicked on

18-01-2024T22:06:49 - [MESSAGE][PASSED] - Object: 'Object Repository/Page_Calender/Page_/button_mat-focus-indicator mat-calendar-pre_09dfc7' is clicked on

18-01-2024T22:06:49 - [TEST_STEP][PASSED] - click(findTestObject("Object Repository/Page_Calender/Page_/div_1")): Object: 'Object Repository/Page_Calender/Page_/div_1' is clicked on

18-01-2024T22:07:20 - [MESSAGE][INFO] - Unable to find the element located by 'By.xpath: //mat-calendar[@id='mat-datepicker-0']/div/mat-month-view/table/tbody/tr[2]/td/button/div'. Please recheck the objects properties to make sure the desired element is located. 

18-01-2024T22:07:20 - [MESSAGE][WARNING] - [SELF-HEALING] Failed to find element with id 'Object Repository/Page_Calender/Page_/div_1'. Try using Self-healing.

18-01-2024T22:07:20 - [MESSAGE][WARNING] - [SELF-HEALING] The current locator of test object 'Object Repository/Page_Calender/Page_/div_1' was broken. Propose an alternative one: '//td/button/div'.

18-01-2024T22:07:20 - [MESSAGE][PASSED] - Object: 'Object Repository/Page_Calender/Page_/div_1' is clicked on

18-01-2024T22:07:20 - [TEST_STEP][PASSED] - click(findTestObject("Object Repository/Page_Calender/Page_/div_31")): Object: 'Object Repository/Page_Calender/Page_/div_31' is clicked on

18-01-2024T22:07:51 - [MESSAGE][INFO] - Unable to find the element located by 'By.xpath: //mat-calendar[@id='mat-datepicker-0']/div/mat-month-view/table/tbody/tr[6]/td[3]/button/div'. Please recheck the objects properties to make sure the desired element is located. 

18-01-2024T22:07:51 - [MESSAGE][WARNING] - [SELF-HEALING] Failed to find element with id 'Object Repository/Page_Calender/Page_/div_31'. Try using Self-healing.

18-01-2024T22:07:52 - [MESSAGE][WARNING] - [SELF-HEALING] The current locator of test object 'Object Repository/Page_Calender/Page_/div_31' was broken. Propose an alternative one: '//tr[6]/td[3]/button/div'.

18-01-2024T22:07:52 - [MESSAGE][PASSED] - Object: 'Object Repository/Page_Calender/Page_/div_31' is clicked on

18-01-2024T22:07:52 - [MESSAGE][INFO] - 

18-01-2024T22:07:52 - [MESSAGE][INFO] - ===================== Self-healing Report ====================

18-01-2024T22:07:52 - [MESSAGE][INFO] - One of the failed test object locators has been recovered by Self-healing. Please refer to the Self-healing Insights tab for more details.

18-01-2024T22:07:52 - [MESSAGE][INFO] - To learn more about Self-healing, please read https://docs.katalon.com/katalon-studio/docs/self-healing.html

18-01-2024T22:07:52 - [MESSAGE][INFO] - ==============================================================

18-01-2024T22:07:52 - [MESSAGE][PASSED] - Call Test Case 'Test Cases/Reusable_Functions/Calender' successfully]]></system-out>
         <system-err><![CDATA[]]></system-err>
      </testcase>
      <testcase name="Test Cases/Performance Report/test_weekly_seller_cac_table_title" time="2.864" classname="Test Cases/Performance Report/test_weekly_seller_cac_table_title" status="PASSED">
         <system-out><![CDATA[18-01-2024T22:07:52 - [TEST_CASE][PASSED] - Test Cases/Performance Report/test_weekly_seller_cac_table_title: Test Cases/Performance Report/test_weekly_seller_cac_table_title

18-01-2024T22:07:52 - [TEST_STEP][PASSED] - verifyElementText(findTestObject("Object Repository/Page_Weekly_Seller_CAC_Table_Title/Page_/h2_Seller CAC"), "Seller CAC"): Actual text and expected text of test object 'Object Repository/Page_Weekly_Seller_CAC_Table_Title/Page_/h2_Seller CAC' are matched.

18-01-2024T22:07:53 - [MESSAGE][PASSED] - Actual text and expected text of test object 'Object Repository/Page_Weekly_Seller_CAC_Table_Title/Page_/h2_Seller CAC' are matched.

18-01-2024T22:07:53 - [TEST_STEP][PASSED] - verifyElementText(findTestObject("Object Repository/Page_Weekly_Seller_CAC_Table_Title/Page_/div_Weeks"), "Weeks"): Actual text and expected text of test object 'Object Repository/Page_Weekly_Seller_CAC_Table_Title/Page_/div_Weeks' are matched.

18-01-2024T22:07:54 - [MESSAGE][PASSED] - Actual text and expected text of test object 'Object Repository/Page_Weekly_Seller_CAC_Table_Title/Page_/div_Weeks' are matched.

18-01-2024T22:07:54 - [TEST_STEP][PASSED] - verifyElementText(findTestObject("Object Repository/Page_Weekly_Seller_CAC_Table_Title/Page_/div_Seller Spend"), "Seller Spend"): Actual text and expected text of test object 'Object Repository/Page_Weekly_Seller_CAC_Table_Title/Page_/div_Seller Spend' are matched.

18-01-2024T22:07:54 - [MESSAGE][PASSED] - Actual text and expected text of test object 'Object Repository/Page_Weekly_Seller_CAC_Table_Title/Page_/div_Seller Spend' are matched.

18-01-2024T22:07:54 - [TEST_STEP][PASSED] - verifyElementText(findTestObject("Object Repository/Page_Weekly_Seller_CAC_Table_Title/Page_/div_Number of Applications"), "Number of Applications"): Actual text and expected text of test object 'Object Repository/Page_Weekly_Seller_CAC_Table_Title/Page_/div_Number of Applications' are matched.

18-01-2024T22:07:54 - [MESSAGE][PASSED] - Actual text and expected text of test object 'Object Repository/Page_Weekly_Seller_CAC_Table_Title/Page_/div_Number of Applications' are matched.

18-01-2024T22:07:54 - [TEST_STEP][PASSED] - verifyElementText(findTestObject("Object Repository/Page_Weekly_Seller_CAC_Table_Title/Page_/div_Seller CAC"), "Seller CAC"): Actual text and expected text of test object 'Object Repository/Page_Weekly_Seller_CAC_Table_Title/Page_/div_Seller CAC' are matched.

18-01-2024T22:07:55 - [MESSAGE][PASSED] - Actual text and expected text of test object 'Object Repository/Page_Weekly_Seller_CAC_Table_Title/Page_/div_Seller CAC' are matched.]]></system-out>
         <system-err><![CDATA[]]></system-err>
      </testcase>
      <testcase name="Test Cases/Performance Report/test_weekly_seller_cac_asending_decending" time="5.854" classname="Test Cases/Performance Report/test_weekly_seller_cac_asending_decending" status="PASSED">
         <system-out><![CDATA[18-01-2024T22:07:55 - [TEST_CASE][PASSED] - Test Cases/Performance Report/test_weekly_seller_cac_asending_decending: Test Cases/Performance Report/test_weekly_seller_cac_asending_decending

18-01-2024T22:07:55 - [TEST_STEP][PASSED] - verifyElementClickable(findTestObject("Object Repository/Page_Weekly_Seller_CAC_Ascending_Decending/Page_/div_mat-sort-header-arrow ng-trigger ng-tri_de4702")): Object 'Object Repository/Page_Weekly_Seller_CAC_Ascending_Decending/Page_/div_mat-sort-header-arrow ng-trigger ng-tri_de4702' is clickable

18-01-2024T22:07:55 - [MESSAGE][PASSED] - Object 'Object Repository/Page_Weekly_Seller_CAC_Ascending_Decending/Page_/div_mat-sort-header-arrow ng-trigger ng-tri_de4702' is clickable

18-01-2024T22:07:55 - [TEST_STEP][PASSED] - verifyElementClickable(findTestObject("Object Repository/Page_Weekly_Seller_CAC_Ascending_Decending/Page_/div_mat-sort-header-arrow ng-trigger ng-tri_506a70")): Object 'Object Repository/Page_Weekly_Seller_CAC_Ascending_Decending/Page_/div_mat-sort-header-arrow ng-trigger ng-tri_506a70' is clickable

18-01-2024T22:07:56 - [MESSAGE][PASSED] - Object 'Object Repository/Page_Weekly_Seller_CAC_Ascending_Decending/Page_/div_mat-sort-header-arrow ng-trigger ng-tri_506a70' is clickable

18-01-2024T22:07:56 - [TEST_STEP][PASSED] - verifyElementClickable(findTestObject("Object Repository/Page_Weekly_Seller_CAC_Ascending_Decending/Page_/div_mat-sort-header-arrow ng-trigger ng-tri_6cc990")): Object 'Object Repository/Page_Weekly_Seller_CAC_Ascending_Decending/Page_/div_mat-sort-header-arrow ng-trigger ng-tri_6cc990' is clickable

18-01-2024T22:07:56 - [MESSAGE][PASSED] - Object 'Object Repository/Page_Weekly_Seller_CAC_Ascending_Decending/Page_/div_mat-sort-header-arrow ng-trigger ng-tri_6cc990' is clickable

18-01-2024T22:07:56 - [TEST_STEP][PASSED] - verifyElementClickable(findTestObject("Object Repository/Page_Weekly_Seller_CAC_Ascending_Decending/Page_/div_mat-sort-header-arrow ng-trigger ng-tri_a7da72")): Object 'Object Repository/Page_Weekly_Seller_CAC_Ascending_Decending/Page_/div_mat-sort-header-arrow ng-trigger ng-tri_a7da72' is clickable

18-01-2024T22:07:57 - [MESSAGE][PASSED] - Object 'Object Repository/Page_Weekly_Seller_CAC_Ascending_Decending/Page_/div_mat-sort-header-arrow ng-trigger ng-tri_a7da72' is clickable

18-01-2024T22:07:57 - [TEST_STEP][PASSED] - click(findTestObject("Object Repository/Page_Weekly_Seller_CAC_Ascending_Decending/Page_/div_mat-sort-header-arrow ng-trigger ng-tri_c2f568")): Object: 'Object Repository/Page_Weekly_Seller_CAC_Ascending_Decending/Page_/div_mat-sort-header-arrow ng-trigger ng-tri_c2f568' is clicked on

18-01-2024T22:07:57 - [MESSAGE][PASSED] - Object: 'Object Repository/Page_Weekly_Seller_CAC_Ascending_Decending/Page_/div_mat-sort-header-arrow ng-trigger ng-tri_c2f568' is clicked on

18-01-2024T22:07:57 - [TEST_STEP][PASSED] - click(findTestObject("Object Repository/Page_Weekly_Seller_CAC_Ascending_Decending/Page_/div_mat-sort-header-arrow ng-trigger ng-tri_c2f568_1")): Object: 'Object Repository/Page_Weekly_Seller_CAC_Ascending_Decending/Page_/div_mat-sort-header-arrow ng-trigger ng-tri_c2f568_1' is clicked on

18-01-2024T22:07:57 - [MESSAGE][PASSED] - Object: 'Object Repository/Page_Weekly_Seller_CAC_Ascending_Decending/Page_/div_mat-sort-header-arrow ng-trigger ng-tri_c2f568_1' is clicked on

18-01-2024T22:07:57 - [TEST_STEP][PASSED] - click(findTestObject("Object Repository/Page_Weekly_Seller_CAC_Ascending_Decending/Page_/div_mat-sort-header-pointer-right ng-tns-c9_150dad")): Object: 'Object Repository/Page_Weekly_Seller_CAC_Ascending_Decending/Page_/div_mat-sort-header-pointer-right ng-tns-c9_150dad' is clicked on

18-01-2024T22:07:58 - [MESSAGE][PASSED] - Object: 'Object Repository/Page_Weekly_Seller_CAC_Ascending_Decending/Page_/div_mat-sort-header-pointer-right ng-tns-c9_150dad' is clicked on

18-01-2024T22:07:58 - [TEST_STEP][PASSED] - click(findTestObject("Object Repository/Page_Weekly_Seller_CAC_Ascending_Decending/Page_/div_mat-sort-header-pointer-right ng-tns-c9_150dad_1")): Object: 'Object Repository/Page_Weekly_Seller_CAC_Ascending_Decending/Page_/div_mat-sort-header-pointer-right ng-tns-c9_150dad_1' is clicked on

18-01-2024T22:07:58 - [MESSAGE][PASSED] - Object: 'Object Repository/Page_Weekly_Seller_CAC_Ascending_Decending/Page_/div_mat-sort-header-pointer-right ng-tns-c9_150dad_1' is clicked on

18-01-2024T22:07:58 - [TEST_STEP][PASSED] - click(findTestObject("Object Repository/Page_Weekly_Seller_CAC_Ascending_Decending/Page_/div_mat-sort-header-arrow ng-trigger ng-tri_52b0b7")): Object: 'Object Repository/Page_Weekly_Seller_CAC_Ascending_Decending/Page_/div_mat-sort-header-arrow ng-trigger ng-tri_52b0b7' is clicked on

18-01-2024T22:07:59 - [MESSAGE][PASSED] - Object: 'Object Repository/Page_Weekly_Seller_CAC_Ascending_Decending/Page_/div_mat-sort-header-arrow ng-trigger ng-tri_52b0b7' is clicked on

18-01-2024T22:07:59 - [TEST_STEP][PASSED] - click(findTestObject("Object Repository/Page_Weekly_Seller_CAC_Ascending_Decending/Page_/div_mat-sort-header-arrow ng-trigger ng-tri_52b0b7_1")): Object: 'Object Repository/Page_Weekly_Seller_CAC_Ascending_Decending/Page_/div_mat-sort-header-arrow ng-trigger ng-tri_52b0b7_1' is clicked on

18-01-2024T22:08:00 - [MESSAGE][PASSED] - Object: 'Object Repository/Page_Weekly_Seller_CAC_Ascending_Decending/Page_/div_mat-sort-header-arrow ng-trigger ng-tri_52b0b7_1' is clicked on

18-01-2024T22:08:00 - [TEST_STEP][PASSED] - click(findTestObject("Object Repository/Page_Weekly_Seller_CAC_Ascending_Decending/Page_/div_mat-sort-header-stem ng-tns-c99-22")): Object: 'Object Repository/Page_Weekly_Seller_CAC_Ascending_Decending/Page_/div_mat-sort-header-stem ng-tns-c99-22' is clicked on

18-01-2024T22:08:00 - [MESSAGE][PASSED] - Object: 'Object Repository/Page_Weekly_Seller_CAC_Ascending_Decending/Page_/div_mat-sort-header-stem ng-tns-c99-22' is clicked on

18-01-2024T22:08:00 - [TEST_STEP][PASSED] - click(findTestObject("Object Repository/Page_Weekly_Seller_CAC_Ascending_Decending/Page_/div_mat-sort-header-stem ng-tns-c99-22_1")): Object: 'Object Repository/Page_Weekly_Seller_CAC_Ascending_Decending/Page_/div_mat-sort-header-stem ng-tns-c99-22_1' is clicked on

18-01-2024T22:08:01 - [MESSAGE][PASSED] - Object: 'Object Repository/Page_Weekly_Seller_CAC_Ascending_Decending/Page_/div_mat-sort-header-stem ng-tns-c99-22_1' is clicked on]]></system-out>
         <system-err><![CDATA[]]></system-err>
      </testcase>
      <testcase name="Test Cases/Performance Report/test_weekly_seller_cac_items_dropdown" time="321.678" classname="Test Cases/Performance Report/test_weekly_seller_cac_items_dropdown" status="PASSED">
         <system-out><![CDATA[18-01-2024T22:08:01 - [TEST_CASE][PASSED] - Test Cases/Performance Report/test_weekly_seller_cac_items_dropdown: Test Cases/Performance Report/test_weekly_seller_cac_items_dropdown

18-01-2024T22:08:01 - [TEST_STEP][PASSED] - callTestCase(findTestCase("Reusable_Functions/Items_per_page"), [:], CONTINUE_ON_FAILURE): Call Test Case 'Test Cases/Reusable_Functions/Items_per_page' successfully

18-01-2024T22:08:01 - [TEST_CASE][PASSED] - Test Cases/Reusable_Functions/Items_per_page: Test Cases/Reusable_Functions/Items_per_page

18-01-2024T22:08:01 - [TEST_STEP][PASSED] - verifyElementText(findTestObject("Object Repository/Page_Items_Per_Page/Page_/div_Items per page"), "Items per page:"): Actual text and expected text of test object 'Object Repository/Page_Items_Per_Page/Page_/div_Items per page' are matched.

18-01-2024T22:08:32 - [MESSAGE][INFO] - Unable to find the element located by 'By.xpath: //div[@id='table1']/app-weekly-approved-vs-campaign-table/div/div/div/app-material-heat-chart-drilldown-table/div/mat-paginator/div/div/div/div'. Please recheck the objects properties to make sure the desired element is located. 

18-01-2024T22:08:32 - [MESSAGE][WARNING] - [SELF-HEALING] Failed to find element with id 'Object Repository/Page_Items_Per_Page/Page_/div_Items per page'. Try using Self-healing.

18-01-2024T22:08:32 - [MESSAGE][WARNING] - [SELF-HEALING] The current locator of test object 'Object Repository/Page_Items_Per_Page/Page_/div_Items per page' was broken. Propose an alternative one: '//mat-paginator/div/div/div/div'.

18-01-2024T22:08:32 - [MESSAGE][PASSED] - Actual text and expected text of test object 'Object Repository/Page_Items_Per_Page/Page_/div_Items per page' are matched.

18-01-2024T22:08:32 - [TEST_STEP][PASSED] - verifyElementClickable(findTestObject("Object Repository/Page_Items_Per_Page/Page_/div_mat-select-arrow ng-tns-c110-10")): Object 'Object Repository/Page_Items_Per_Page/Page_/div_mat-select-arrow ng-tns-c110-10' is clickable

18-01-2024T22:09:04 - [MESSAGE][INFO] - Unable to find the element located by 'By.xpath: //mat-select[@id='mat-select-0']/div/div[2]/div'. Please recheck the objects properties to make sure the desired element is located. 

18-01-2024T22:09:04 - [MESSAGE][WARNING] - [SELF-HEALING] Failed to find element with id 'Object Repository/Page_Items_Per_Page/Page_/div_mat-select-arrow ng-tns-c110-10'. Try using Self-healing.

18-01-2024T22:09:04 - [MESSAGE][WARNING] - [SELF-HEALING] The current locator of test object 'Object Repository/Page_Items_Per_Page/Page_/div_mat-select-arrow ng-tns-c110-10' was broken. Propose an alternative one: '//mat-select/div/div[2]/div'.

18-01-2024T22:09:04 - [MESSAGE][PASSED] - Object 'Object Repository/Page_Items_Per_Page/Page_/div_mat-select-arrow ng-tns-c110-10' is clickable

18-01-2024T22:09:04 - [TEST_STEP][PASSED] - click(findTestObject("Object Repository/Page_Items_Per_Page/Page_/div_mat-select-arrow-wrapper ng-tns-c110-10")): Object: 'Object Repository/Page_Items_Per_Page/Page_/div_mat-select-arrow-wrapper ng-tns-c110-10' is clicked on

18-01-2024T22:09:35 - [MESSAGE][INFO] - Unable to find the element located by 'By.xpath: //mat-select[@id='mat-select-0']/div/div[2]'. Please recheck the objects properties to make sure the desired element is located. 

18-01-2024T22:09:35 - [MESSAGE][WARNING] - [SELF-HEALING] Failed to find element with id 'Object Repository/Page_Items_Per_Page/Page_/div_mat-select-arrow-wrapper ng-tns-c110-10'. Try using Self-healing.

18-01-2024T22:09:36 - [MESSAGE][WARNING] - [SELF-HEALING] The current locator of test object 'Object Repository/Page_Items_Per_Page/Page_/div_mat-select-arrow-wrapper ng-tns-c110-10' was broken. Propose an alternative one: '//mat-select/div/div[2]'.

18-01-2024T22:09:36 - [MESSAGE][PASSED] - Object: 'Object Repository/Page_Items_Per_Page/Page_/div_mat-select-arrow-wrapper ng-tns-c110-10' is clicked on

18-01-2024T22:09:36 - [TEST_STEP][PASSED] - click(findTestObject("Object Repository/Page_Items_Per_Page/Page_/span_10")): Object: 'Object Repository/Page_Items_Per_Page/Page_/span_10' is clicked on

18-01-2024T22:10:07 - [MESSAGE][INFO] - Unable to find the element located by 'By.xpath: //mat-option[@id='mat-option-1']/span'. Please recheck the objects properties to make sure the desired element is located. 

18-01-2024T22:10:07 - [MESSAGE][WARNING] - [SELF-HEALING] Failed to find element with id 'Object Repository/Page_Items_Per_Page/Page_/span_10'. Try using Self-healing.

18-01-2024T22:10:07 - [MESSAGE][WARNING] - [SELF-HEALING] The current locator of test object 'Object Repository/Page_Items_Per_Page/Page_/span_10' was broken. Propose an alternative one: '//mat-option[2]/span'.

18-01-2024T22:10:07 - [MESSAGE][PASSED] - Object: 'Object Repository/Page_Items_Per_Page/Page_/span_10' is clicked on

18-01-2024T22:10:07 - [TEST_STEP][PASSED] - click(findTestObject("Object Repository/Page_Items_Per_Page/Page_/div_mat-select-arrow-wrapper ng-tns-c110-10")): Object: 'Object Repository/Page_Items_Per_Page/Page_/div_mat-select-arrow-wrapper ng-tns-c110-10' is clicked on

18-01-2024T22:10:39 - [MESSAGE][INFO] - Unable to find the element located by 'By.xpath: //mat-select[@id='mat-select-0']/div/div[2]'. Please recheck the objects properties to make sure the desired element is located. 

18-01-2024T22:10:39 - [MESSAGE][WARNING] - [SELF-HEALING] Failed to find element with id 'Object Repository/Page_Items_Per_Page/Page_/div_mat-select-arrow-wrapper ng-tns-c110-10'. Try using Self-healing.

18-01-2024T22:10:39 - [MESSAGE][WARNING] - [SELF-HEALING] The current locator of test object 'Object Repository/Page_Items_Per_Page/Page_/div_mat-select-arrow-wrapper ng-tns-c110-10' was broken. Propose an alternative one: '//mat-select/div/div[2]'.

18-01-2024T22:10:39 - [MESSAGE][PASSED] - Object: 'Object Repository/Page_Items_Per_Page/Page_/div_mat-select-arrow-wrapper ng-tns-c110-10' is clicked on

18-01-2024T22:10:39 - [TEST_STEP][PASSED] - click(findTestObject("Object Repository/Page_Items_Per_Page/Page_/span_20")): Object: 'Object Repository/Page_Items_Per_Page/Page_/span_20' is clicked on

18-01-2024T22:11:10 - [MESSAGE][INFO] - Unable to find the element located by 'By.xpath: //mat-option[@id='mat-option-2']/span'. Please recheck the objects properties to make sure the desired element is located. 

18-01-2024T22:11:10 - [MESSAGE][WARNING] - [SELF-HEALING] Failed to find element with id 'Object Repository/Page_Items_Per_Page/Page_/span_20'. Try using Self-healing.

18-01-2024T22:11:10 - [MESSAGE][WARNING] - [SELF-HEALING] The current locator of test object 'Object Repository/Page_Items_Per_Page/Page_/span_20' was broken. Propose an alternative one: '//mat-option[3]/span'.

18-01-2024T22:11:11 - [MESSAGE][PASSED] - Object: 'Object Repository/Page_Items_Per_Page/Page_/span_20' is clicked on

18-01-2024T22:11:11 - [TEST_STEP][PASSED] - click(findTestObject("Object Repository/Page_Items_Per_Page/Page_/div_mat-select-arrow-wrapper ng-tns-c110-10")): Object: 'Object Repository/Page_Items_Per_Page/Page_/div_mat-select-arrow-wrapper ng-tns-c110-10' is clicked on

18-01-2024T22:11:42 - [MESSAGE][INFO] - Unable to find the element located by 'By.xpath: //mat-select[@id='mat-select-0']/div/div[2]'. Please recheck the objects properties to make sure the desired element is located. 

18-01-2024T22:11:42 - [MESSAGE][WARNING] - [SELF-HEALING] Failed to find element with id 'Object Repository/Page_Items_Per_Page/Page_/div_mat-select-arrow-wrapper ng-tns-c110-10'. Try using Self-healing.

18-01-2024T22:11:42 - [MESSAGE][WARNING] - [SELF-HEALING] The current locator of test object 'Object Repository/Page_Items_Per_Page/Page_/div_mat-select-arrow-wrapper ng-tns-c110-10' was broken. Propose an alternative one: '//mat-select/div/div[2]'.

18-01-2024T22:11:42 - [MESSAGE][PASSED] - Object: 'Object Repository/Page_Items_Per_Page/Page_/div_mat-select-arrow-wrapper ng-tns-c110-10' is clicked on

18-01-2024T22:11:42 - [TEST_STEP][PASSED] - click(findTestObject("Object Repository/Page_Items_Per_Page/Page_/span_30")): Object: 'Object Repository/Page_Items_Per_Page/Page_/span_30' is clicked on

18-01-2024T22:12:13 - [MESSAGE][INFO] - Unable to find the element located by 'By.xpath: //mat-option[@id='mat-option-3']/span'. Please recheck the objects properties to make sure the desired element is located. 

18-01-2024T22:12:13 - [MESSAGE][WARNING] - [SELF-HEALING] Failed to find element with id 'Object Repository/Page_Items_Per_Page/Page_/span_30'. Try using Self-healing.

18-01-2024T22:12:14 - [MESSAGE][WARNING] - [SELF-HEALING] The current locator of test object 'Object Repository/Page_Items_Per_Page/Page_/span_30' was broken. Propose an alternative one: '//mat-option[4]/span'.

18-01-2024T22:12:14 - [MESSAGE][PASSED] - Object: 'Object Repository/Page_Items_Per_Page/Page_/span_30' is clicked on

18-01-2024T22:12:14 - [TEST_STEP][PASSED] - click(findTestObject("Object Repository/Page_Items_Per_Page/Page_/div_mat-select-arrow ng-tns-c110-10")): Object: 'Object Repository/Page_Items_Per_Page/Page_/div_mat-select-arrow ng-tns-c110-10' is clicked on

18-01-2024T22:12:45 - [MESSAGE][INFO] - Unable to find the element located by 'By.xpath: //mat-select[@id='mat-select-0']/div/div[2]/div'. Please recheck the objects properties to make sure the desired element is located. 

18-01-2024T22:12:45 - [MESSAGE][WARNING] - [SELF-HEALING] Failed to find element with id 'Object Repository/Page_Items_Per_Page/Page_/div_mat-select-arrow ng-tns-c110-10'. Try using Self-healing.

18-01-2024T22:12:45 - [MESSAGE][WARNING] - [SELF-HEALING] The current locator of test object 'Object Repository/Page_Items_Per_Page/Page_/div_mat-select-arrow ng-tns-c110-10' was broken. Propose an alternative one: '//mat-select/div/div[2]/div'.

18-01-2024T22:12:45 - [MESSAGE][PASSED] - Object: 'Object Repository/Page_Items_Per_Page/Page_/div_mat-select-arrow ng-tns-c110-10' is clicked on

18-01-2024T22:12:45 - [TEST_STEP][PASSED] - click(findTestObject("Object Repository/Page_Items_Per_Page/Page_/span_5")): Object: 'Object Repository/Page_Items_Per_Page/Page_/span_5' is clicked on

18-01-2024T22:13:17 - [MESSAGE][INFO] - Unable to find the element located by 'By.xpath: //mat-option[@id='mat-option-0']/span'. Please recheck the objects properties to make sure the desired element is located. 

18-01-2024T22:13:17 - [MESSAGE][WARNING] - [SELF-HEALING] Failed to find element with id 'Object Repository/Page_Items_Per_Page/Page_/span_5'. Try using Self-healing.

18-01-2024T22:13:17 - [MESSAGE][WARNING] - [SELF-HEALING] The current locator of test object 'Object Repository/Page_Items_Per_Page/Page_/span_5' was broken. Propose an alternative one: '//mat-option/span'.

18-01-2024T22:13:17 - [MESSAGE][PASSED] - Object: 'Object Repository/Page_Items_Per_Page/Page_/span_5' is clicked on

18-01-2024T22:13:17 - [MESSAGE][INFO] - 

18-01-2024T22:13:17 - [MESSAGE][INFO] - ===================== Self-healing Report ====================

18-01-2024T22:13:17 - [MESSAGE][INFO] - One of the failed test object locators has been recovered by Self-healing. Please refer to the Self-healing Insights tab for more details.

18-01-2024T22:13:17 - [MESSAGE][INFO] - To learn more about Self-healing, please read https://docs.katalon.com/katalon-studio/docs/self-healing.html

18-01-2024T22:13:17 - [MESSAGE][INFO] - ==============================================================

18-01-2024T22:13:17 - [MESSAGE][PASSED] - Call Test Case 'Test Cases/Reusable_Functions/Items_per_page' successfully

18-01-2024T22:13:17 - [TEST_STEP][PASSED] - callTestCase(findTestCase("Reusable_Functions/Fullscreen"), [:], CONTINUE_ON_FAILURE): Call Test Case 'Test Cases/Reusable_Functions/Fullscreen' successfully

18-01-2024T22:13:17 - [TEST_CASE][PASSED] - Test Cases/Reusable_Functions/Fullscreen: Test Cases/Reusable_Functions/Fullscreen

18-01-2024T22:13:17 - [TEST_STEP][PASSED] - verifyElementClickable(findTestObject("Object Repository/Page_Fullscreen/Page_/img")): Object 'Object Repository/Page_Fullscreen/Page_/img' is clickable

18-01-2024T22:13:18 - [MESSAGE][PASSED] - Object 'Object Repository/Page_Fullscreen/Page_/img' is clickable

18-01-2024T22:13:18 - [TEST_STEP][PASSED] - click(findTestObject("Object Repository/Page_Fullscreen/Page_/img")): Object: 'Object Repository/Page_Fullscreen/Page_/img' is clicked on

18-01-2024T22:13:18 - [MESSAGE][PASSED] - Object: 'Object Repository/Page_Fullscreen/Page_/img' is clicked on

18-01-2024T22:13:18 - [TEST_STEP][PASSED] - delay(2): Delayed 2 second(s)

18-01-2024T22:13:20 - [MESSAGE][PASSED] - Delayed 2 second(s)

18-01-2024T22:13:20 - [TEST_STEP][PASSED] - executeJavaScript("document.exitFullscreen();", null): Execute JavaScript 'document.exitFullscreen();' successfully

18-01-2024T22:13:20 - [MESSAGE][PASSED] - Execute JavaScript 'document.exitFullscreen();' successfully

18-01-2024T22:13:20 - [TEST_STEP][PASSED] - delay(2): Delayed 2 second(s)

18-01-2024T22:13:22 - [MESSAGE][PASSED] - Delayed 2 second(s)

18-01-2024T22:13:22 - [MESSAGE][INFO] - 

18-01-2024T22:13:22 - [MESSAGE][INFO] - ===================== Self-healing Report ====================

18-01-2024T22:13:22 - [MESSAGE][INFO] - One of the failed test object locators has been recovered by Self-healing. Please refer to the Self-healing Insights tab for more details.

18-01-2024T22:13:22 - [MESSAGE][INFO] - To learn more about Self-healing, please read https://docs.katalon.com/katalon-studio/docs/self-healing.html

18-01-2024T22:13:22 - [MESSAGE][INFO] - ==============================================================

18-01-2024T22:13:22 - [MESSAGE][PASSED] - Call Test Case 'Test Cases/Reusable_Functions/Fullscreen' successfully]]></system-out>
         <system-err><![CDATA[]]></system-err>
      </testcase>
      <testcase name="Test Cases/Performance Report/test_daily_buyer_cac_tab" time="1.381" classname="Test Cases/Performance Report/test_daily_buyer_cac_tab" status="PASSED">
         <system-out><![CDATA[18-01-2024T22:13:22 - [TEST_CASE][PASSED] - Test Cases/Performance Report/test_daily_buyer_cac_tab: Test Cases/Performance Report/test_daily_buyer_cac_tab

18-01-2024T22:13:22 - [TEST_STEP][PASSED] - verifyElementText(findTestObject("Object Repository/Page_Daily_Buyer_CAC_Tab/Page_/div_Daily Buyer CAC Report"), "Daily Buyer CAC Report"): Actual text and expected text of test object 'Object Repository/Page_Daily_Buyer_CAC_Tab/Page_/div_Daily Buyer CAC Report' are matched.

18-01-2024T22:13:23 - [MESSAGE][PASSED] - Actual text and expected text of test object 'Object Repository/Page_Daily_Buyer_CAC_Tab/Page_/div_Daily Buyer CAC Report' are matched.

18-01-2024T22:13:23 - [TEST_STEP][PASSED] - verifyElementClickable(findTestObject("Object Repository/Page_Daily_Buyer_CAC_Tab/Page_/div_Daily Buyer CAC Report")): Object 'Object Repository/Page_Daily_Buyer_CAC_Tab/Page_/div_Daily Buyer CAC Report' is clickable

18-01-2024T22:13:23 - [MESSAGE][PASSED] - Object 'Object Repository/Page_Daily_Buyer_CAC_Tab/Page_/div_Daily Buyer CAC Report' is clickable

18-01-2024T22:13:23 - [TEST_STEP][PASSED] - click(findTestObject("Object Repository/Page_Daily_Buyer_CAC_Tab/Page_/div_Daily Buyer CAC Report")): Object: 'Object Repository/Page_Daily_Buyer_CAC_Tab/Page_/div_Daily Buyer CAC Report' is clicked on

18-01-2024T22:13:24 - [MESSAGE][PASSED] - Object: 'Object Repository/Page_Daily_Buyer_CAC_Tab/Page_/div_Daily Buyer CAC Report' is clicked on]]></system-out>
         <system-err><![CDATA[]]></system-err>
      </testcase>
      <testcase name="Test Cases/Performance Report/test_daily_buyer_csc_calender" time="131.63" classname="Test Cases/Performance Report/test_daily_buyer_csc_calender" status="PASSED">
         <system-out><![CDATA[18-01-2024T22:13:24 - [TEST_CASE][PASSED] - Test Cases/Performance Report/test_daily_buyer_csc_calender: Test Cases/Performance Report/test_daily_buyer_csc_calender

18-01-2024T22:13:24 - [TEST_STEP][PASSED] - click(findTestObject("Object Repository/Page_Daily_Buyer_CAC_Calender/Page_/div_18122023clearEnter a date range")): Object: 'Object Repository/Page_Daily_Buyer_CAC_Calender/Page_/div_18122023clearEnter a date range' is clicked on

18-01-2024T22:13:25 - [MESSAGE][PASSED] - Object: 'Object Repository/Page_Daily_Buyer_CAC_Calender/Page_/div_18122023clearEnter a date range' is clicked on

18-01-2024T22:13:25 - [TEST_STEP][PASSED] - verifyElementClickable(findTestObject("Object Repository/Page_Daily_Buyer_CAC_Calender/Page_/svg_mat-datepicker-toggle-default-icon ng-s_f1b13c")): Object 'Object Repository/Page_Daily_Buyer_CAC_Calender/Page_/svg_mat-datepicker-toggle-default-icon ng-s_f1b13c' is clickable

18-01-2024T22:13:56 - [MESSAGE][INFO] - Unable to find the element located by 'By.xpath: '. Please recheck the objects properties to make sure the desired element is located. 

18-01-2024T22:13:56 - [MESSAGE][WARNING] - [SELF-HEALING] Failed to find element with id 'Object Repository/Page_Daily_Buyer_CAC_Calender/Page_/svg_mat-datepicker-toggle-default-icon ng-s_f1b13c'. Try using Self-healing.

18-01-2024T22:13:57 - [MESSAGE][WARNING] - [SELF-HEALING] The current locator of test object 'Object Repository/Page_Daily_Buyer_CAC_Calender/Page_/svg_mat-datepicker-toggle-default-icon ng-s_f1b13c' was broken. Propose an alternative one: 'svg.mat-datepicker-toggle-default-icon.ng-star-inserted'.

18-01-2024T22:13:57 - [MESSAGE][PASSED] - Object 'Object Repository/Page_Daily_Buyer_CAC_Calender/Page_/svg_mat-datepicker-toggle-default-icon ng-s_f1b13c' is clickable

18-01-2024T22:13:57 - [TEST_STEP][PASSED] - click(findTestObject("Object Repository/Page_Daily_Buyer_CAC_Calender/Page_/svg_mat-datepicker-toggle-default-icon ng-s_f1b13c")): Object: 'Object Repository/Page_Daily_Buyer_CAC_Calender/Page_/svg_mat-datepicker-toggle-default-icon ng-s_f1b13c' is clicked on

18-01-2024T22:14:28 - [MESSAGE][INFO] - Unable to find the element located by 'By.xpath: '. Please recheck the objects properties to make sure the desired element is located. 

18-01-2024T22:14:28 - [MESSAGE][WARNING] - [SELF-HEALING] Failed to find element with id 'Object Repository/Page_Daily_Buyer_CAC_Calender/Page_/svg_mat-datepicker-toggle-default-icon ng-s_f1b13c'. Try using Self-healing.

18-01-2024T22:14:28 - [MESSAGE][WARNING] - [SELF-HEALING] The current locator of test object 'Object Repository/Page_Daily_Buyer_CAC_Calender/Page_/svg_mat-datepicker-toggle-default-icon ng-s_f1b13c' was broken. Propose an alternative one: 'svg.mat-datepicker-toggle-default-icon.ng-star-inserted'.

18-01-2024T22:14:28 - [MESSAGE][PASSED] - Object: 'Object Repository/Page_Daily_Buyer_CAC_Calender/Page_/svg_mat-datepicker-toggle-default-icon ng-s_f1b13c' is clicked on

18-01-2024T22:14:28 - [TEST_STEP][PASSED] - verifyElementClickable(findTestObject("Object Repository/Page_Daily_Buyer_CAC_Calender/Page_/button_mat-focus-indicator mat-calendar-pre_09dfc7")): Object 'Object Repository/Page_Daily_Buyer_CAC_Calender/Page_/button_mat-focus-indicator mat-calendar-pre_09dfc7' is clickable

18-01-2024T22:14:29 - [MESSAGE][PASSED] - Object 'Object Repository/Page_Daily_Buyer_CAC_Calender/Page_/button_mat-focus-indicator mat-calendar-pre_09dfc7' is clickable

18-01-2024T22:14:29 - [TEST_STEP][PASSED] - verifyElementClickable(findTestObject("Object Repository/Page_Daily_Buyer_CAC_Calender/Page_/button_mat-focus-indicator mat-calendar-pre_09dfc7")): Object 'Object Repository/Page_Daily_Buyer_CAC_Calender/Page_/button_mat-focus-indicator mat-calendar-pre_09dfc7' is clickable

18-01-2024T22:14:30 - [MESSAGE][PASSED] - Object 'Object Repository/Page_Daily_Buyer_CAC_Calender/Page_/button_mat-focus-indicator mat-calendar-pre_09dfc7' is clickable

18-01-2024T22:14:30 - [TEST_STEP][PASSED] - click(findTestObject("Object Repository/Page_Daily_Buyer_CAC_Calender/Page_/button_mat-focus-indicator mat-calendar-pre_09dfc7")): Object: 'Object Repository/Page_Daily_Buyer_CAC_Calender/Page_/button_mat-focus-indicator mat-calendar-pre_09dfc7' is clicked on

18-01-2024T22:14:30 - [MESSAGE][PASSED] - Object: 'Object Repository/Page_Daily_Buyer_CAC_Calender/Page_/button_mat-focus-indicator mat-calendar-pre_09dfc7' is clicked on

18-01-2024T22:14:30 - [TEST_STEP][PASSED] - click(findTestObject("Object Repository/Page_Daily_Buyer_CAC_Calender/Page_/button_mat-focus-indicator mat-calendar-pre_09dfc7")): Object: 'Object Repository/Page_Daily_Buyer_CAC_Calender/Page_/button_mat-focus-indicator mat-calendar-pre_09dfc7' is clicked on

18-01-2024T22:14:31 - [MESSAGE][PASSED] - Object: 'Object Repository/Page_Daily_Buyer_CAC_Calender/Page_/button_mat-focus-indicator mat-calendar-pre_09dfc7' is clicked on

18-01-2024T22:14:31 - [TEST_STEP][PASSED] - click(findTestObject("Object Repository/Page_Daily_Buyer_CAC_Calender/Page_/button_mat-focus-indicator mat-calendar-pre_09dfc7")): Object: 'Object Repository/Page_Daily_Buyer_CAC_Calender/Page_/button_mat-focus-indicator mat-calendar-pre_09dfc7' is clicked on

18-01-2024T22:14:32 - [MESSAGE][PASSED] - Object: 'Object Repository/Page_Daily_Buyer_CAC_Calender/Page_/button_mat-focus-indicator mat-calendar-pre_09dfc7' is clicked on

18-01-2024T22:14:32 - [TEST_STEP][PASSED] - click(findTestObject("Object Repository/Page_Daily_Buyer_CAC_Calender/Page_/div_1")): Object: 'Object Repository/Page_Daily_Buyer_CAC_Calender/Page_/div_1' is clicked on

18-01-2024T22:15:03 - [MESSAGE][INFO] - Unable to find the element located by 'By.xpath: //mat-calendar[@id='mat-datepicker-2']/div/mat-month-view/table/tbody/tr/td[2]/button/div'. Please recheck the objects properties to make sure the desired element is located. 

18-01-2024T22:15:03 - [MESSAGE][WARNING] - [SELF-HEALING] Failed to find element with id 'Object Repository/Page_Daily_Buyer_CAC_Calender/Page_/div_1'. Try using Self-healing.

18-01-2024T22:15:03 - [MESSAGE][WARNING] - [SELF-HEALING] The current locator of test object 'Object Repository/Page_Daily_Buyer_CAC_Calender/Page_/div_1' was broken. Propose an alternative one: '//td[2]/button/div'.

18-01-2024T22:15:04 - [MESSAGE][PASSED] - Object: 'Object Repository/Page_Daily_Buyer_CAC_Calender/Page_/div_1' is clicked on

18-01-2024T22:15:04 - [TEST_STEP][PASSED] - click(findTestObject("Object Repository/Page_Daily_Buyer_CAC_Calender/Page_/div_30")): Object: 'Object Repository/Page_Daily_Buyer_CAC_Calender/Page_/div_30' is clicked on

18-01-2024T22:15:35 - [MESSAGE][INFO] - Unable to find the element located by 'By.xpath: //mat-calendar[@id='mat-datepicker-2']/div/mat-month-view/table/tbody/tr[5]/td[7]/button/div'. Please recheck the objects properties to make sure the desired element is located. 

18-01-2024T22:15:35 - [MESSAGE][WARNING] - [SELF-HEALING] Failed to find element with id 'Object Repository/Page_Daily_Buyer_CAC_Calender/Page_/div_30'. Try using Self-healing.

18-01-2024T22:15:35 - [MESSAGE][WARNING] - [SELF-HEALING] The current locator of test object 'Object Repository/Page_Daily_Buyer_CAC_Calender/Page_/div_30' was broken. Propose an alternative one: '//tr[5]/td[7]/button/div'.

18-01-2024T22:15:35 - [MESSAGE][PASSED] - Object: 'Object Repository/Page_Daily_Buyer_CAC_Calender/Page_/div_30' is clicked on]]></system-out>
         <system-err><![CDATA[]]></system-err>
      </testcase>
      <testcase name="Test Cases/Performance Report/test_daily_buyer_cac_table1" time="4.927" classname="Test Cases/Performance Report/test_daily_buyer_cac_table1" status="PASSED">
         <system-out><![CDATA[18-01-2024T22:15:35 - [TEST_CASE][PASSED] - Test Cases/Performance Report/test_daily_buyer_cac_table1: Test Cases/Performance Report/test_daily_buyer_cac_table1

18-01-2024T22:15:36 - [TEST_STEP][PASSED] - verifyElementText(findTestObject("Object Repository/Page_Daily_Buyer_CAC_Table1/Page_/h2_Buyer CAC"), "Buyer CAC"): Actual text and expected text of test object 'Object Repository/Page_Daily_Buyer_CAC_Table1/Page_/h2_Buyer CAC' are matched.

18-01-2024T22:15:37 - [MESSAGE][PASSED] - Actual text and expected text of test object 'Object Repository/Page_Daily_Buyer_CAC_Table1/Page_/h2_Buyer CAC' are matched.

18-01-2024T22:15:37 - [TEST_STEP][PASSED] - verifyElementPresent(findTestObject("Object Repository/Page_Daily_Buyer_CAC_Table1/Page_/h2_Buyer CAC"), 0): Object 'Object Repository/Page_Daily_Buyer_CAC_Table1/Page_/h2_Buyer CAC' is present

18-01-2024T22:15:37 - [MESSAGE][WARNING] - Timeout '0' is invalid. Using default page load timeout: '30'

18-01-2024T22:15:37 - [MESSAGE][PASSED] - Object 'Object Repository/Page_Daily_Buyer_CAC_Table1/Page_/h2_Buyer CAC' is present

18-01-2024T22:15:37 - [TEST_STEP][PASSED] - verifyElementText(findTestObject("Object Repository/Page_Daily_Buyer_CAC_Table1/Page_/div_Date"), "Date"): Actual text and expected text of test object 'Object Repository/Page_Daily_Buyer_CAC_Table1/Page_/div_Date' are matched.

18-01-2024T22:15:38 - [MESSAGE][PASSED] - Actual text and expected text of test object 'Object Repository/Page_Daily_Buyer_CAC_Table1/Page_/div_Date' are matched.

18-01-2024T22:15:38 - [TEST_STEP][PASSED] - verifyElementPresent(findTestObject("Object Repository/Page_Daily_Buyer_CAC_Table1/Page_/div_Date"), 0): Object 'Object Repository/Page_Daily_Buyer_CAC_Table1/Page_/div_Date' is present

[...]

18-01-2024T22:26:48 - [MESSAGE][PASSED] - Object: 'Object Repository/Page_Items_Per_Page/Page_/div_mat-select-arrow-wrapper ng-tns-c110-10' is clicked on

18-01-2024T22:26:48 - [TEST_STEP][PASSED] - click(findTestObject("Object Repository/Page_Items_Per_Page/Page_/span_10")): Object: 'Object Repository/Page_Items_Per_Page/Page_/span_10' is clicked on

18-01-2024T22:27:19 - [MESSAGE][INFO] - Unable to find the element located by 'By.xpath: //mat-option[@id='mat-option-1']/span'. Please recheck the objects properties to make sure the desired element is located. 

18-01-2024T22:27:19 - [MESSAGE][WARNING] - [SELF-HEALING] Failed to find element with id 'Object Repository/Page_Items_Per_Page/Page_/span_10'. Try using Self-healing.

18-01-2024T22:27:19 - [MESSAGE][WARNING] - [SELF-HEALING] The current locator of test object 'Object Repository/Page_Items_Per_Page/Page_/span_10' was broken. Propose an alternative one: '//mat-option[2]/span'.

18-01-2024T22:27:20 - [MESSAGE][PASSED] - Object: 'Object Repository/Page_Items_Per_Page/Page_/span_10' is clicked on

18-01-2024T22:27:20 - [TEST_STEP][PASSED] - click(findTestObject("Object Repository/Page_Items_Per_Page/Page_/div_mat-select-arrow-wrapper ng-tns-c110-10")): Object: 'Object Repository/Page_Items_Per_Page/Page_/div_mat-select-arrow-wrapper ng-tns-c110-10' is clicked on

18-01-2024T22:27:51 - [MESSAGE][INFO] - Unable to find the element located by 'By.xpath: //mat-select[@id='mat-select-0']/div/div[2]'. Please recheck the objects properties to make sure the desired element is located. 

18-01-2024T22:27:51 - [MESSAGE][WARNING] - [SELF-HEALING] Failed to find element with id 'Object Repository/Page_Items_Per_Page/Page_/div_mat-select-arrow-wrapper ng-tns-c110-10'. Try using Self-healing.

18-01-2024T22:27:51 - [MESSAGE][WARNING] - [SELF-HEALING] The current locator of test object 'Object Repository/Page_Items_Per_Page/Page_/div_mat-select-arrow-wrapper ng-tns-c110-10' was broken. Propose an alternative one: '//mat-select/div/div[2]'.

18-01-2024T22:27:51 - [MESSAGE][PASSED] - Object: 'Object Repository/Page_Items_Per_Page/Page_/div_mat-select-arrow-wrapper ng-tns-c110-10' is clicked on

18-01-2024T22:27:51 - [TEST_STEP][PASSED] - click(findTestObject("Object Repository/Page_Items_Per_Page/Page_/span_20")): Object: 'Object Repository/Page_Items_Per_Page/Page_/span_20' is clicked on

18-01-2024T22:28:23 - [MESSAGE][INFO] - Unable to find the element located by 'By.xpath: //mat-option[@id='mat-option-2']/span'. Please recheck the objects properties to make sure the desired element is located. 

18-01-2024T22:28:23 - [MESSAGE][WARNING] - [SELF-HEALING] Failed to find element with id 'Object Repository/Page_Items_Per_Page/Page_/span_20'. Try using Self-healing.

18-01-2024T22:28:23 - [MESSAGE][WARNING] - [SELF-HEALING] The current locator of test object 'Object Repository/Page_Items_Per_Page/Page_/span_20' was broken. Propose an alternative one: '//mat-option[3]/span'.

18-01-2024T22:28:23 - [MESSAGE][PASSED] - Object: 'Object Repository/Page_Items_Per_Page/Page_/span_20' is clicked on

18-01-2024T22:28:23 - [TEST_STEP][PASSED] - click(findTestObject("Object Repository/Page_Items_Per_Page/Page_/div_mat-select-arrow-wrapper ng-tns-c110-10")): Object: 'Object Repository/Page_Items_Per_Page/Page_/div_mat-select-arrow-wrapper ng-tns-c110-10' is clicked on

18-01-2024T22:28:54 - [MESSAGE][INFO] - Unable to find the element located by 'By.xpath: //mat-select[@id='mat-select-0']/div/div[2]'. Please recheck the objects properties to make sure the desired element is located. 

18-01-2024T22:28:54 - [MESSAGE][WARNING] - [SELF-HEALING] Failed to find element with id 'Object Repository/Page_Items_Per_Page/Page_/div_mat-select-arrow-wrapper ng-tns-c110-10'. Try using Self-healing.

18-01-2024T22:28:55 - [MESSAGE][WARNING] - [SELF-HEALING] The current locator of test object 'Object Repository/Page_Items_Per_Page/Page_/div_mat-select-arrow-wrapper ng-tns-c110-10' was broken. Propose an alternative one: '//mat-select/div/div[2]'.

18-01-2024T22:28:55 - [MESSAGE][PASSED] - Object: 'Object Repository/Page_Items_Per_Page/Page_/div_mat-select-arrow-wrapper ng-tns-c110-10' is clicked on

18-01-2024T22:28:55 - [TEST_STEP][PASSED] - click(findTestObject("Object Repository/Page_Items_Per_Page/Page_/span_30")): Object: 'Object Repository/Page_Items_Per_Page/Page_/span_30' is clicked on

18-01-2024T22:29:26 - [MESSAGE][INFO] - Unable to find the element located by 'By.xpath: //mat-option[@id='mat-option-3']/span'. Please recheck the objects properties to make sure the desired element is located. 

18-01-2024T22:29:26 - [MESSAGE][WARNING] - [SELF-HEALING] Failed to find element with id 'Object Repository/Page_Items_Per_Page/Page_/span_30'. Try using Self-healing.

18-01-2024T22:29:26 - [MESSAGE][WARNING] - [SELF-HEALING] The current locator of test object 'Object Repository/Page_Items_Per_Page/Page_/span_30' was broken. Propose an alternative one: '//mat-option[4]/span'.

18-01-2024T22:29:27 - [MESSAGE][PASSED] - Object: 'Object Repository/Page_Items_Per_Page/Page_/span_30' is clicked on

18-01-2024T22:29:27 - [TEST_STEP][PASSED] - click(findTestObject("Object Repository/Page_Items_Per_Page/Page_/div_mat-select-arrow ng-tns-c110-10")): Object: 'Object Repository/Page_Items_Per_Page/Page_/div_mat-select-arrow ng-tns-c110-10' is clicked on

18-01-2024T22:29:58 - [MESSAGE][INFO] - Unable to find the element located by 'By.xpath: //mat-select[@id='mat-select-0']/div/div[2]/div'. Please recheck the objects properties to make sure the desired element is located. 

18-01-2024T22:29:58 - [MESSAGE][WARNING] - [SELF-HEALING] Failed to find element with id 'Object Repository/Page_Items_Per_Page/Page_/div_mat-select-arrow ng-tns-c110-10'. Try using Self-healing.

18-01-2024T22:29:58 - [MESSAGE][WARNING] - [SELF-HEALING] The current locator of test object 'Object Repository/Page_Items_Per_Page/Page_/div_mat-select-arrow ng-tns-c110-10' was broken. Propose an alternative one: '//mat-select/div/div[2]/div'.

18-01-2024T22:29:58 - [MESSAGE][PASSED] - Object: 'Object Repository/Page_Items_Per_Page/Page_/div_mat-select-arrow ng-tns-c110-10' is clicked on

18-01-2024T22:29:58 - [TEST_STEP][PASSED] - click(findTestObject("Object Repository/Page_Items_Per_Page/Page_/span_5")): Object: 'Object Repository/Page_Items_Per_Page/Page_/span_5' is clicked on

18-01-2024T22:30:29 - [MESSAGE][INFO] - Unable to find the element located by 'By.xpath: //mat-option[@id='mat-option-0']/span'. Please recheck the objects properties to make sure the desired element is located. 

18-01-2024T22:30:29 - [MESSAGE][WARNING] - [SELF-HEALING] Failed to find element with id 'Object Repository/Page_Items_Per_Page/Page_/span_5'. Try using Self-healing.

18-01-2024T22:30:30 - [MESSAGE][WARNING] - [SELF-HEALING] The current locator of test object 'Object Repository/Page_Items_Per_Page/Page_/span_5' was broken. Propose an alternative one: '//mat-option/span'.

18-01-2024T22:30:30 - [MESSAGE][PASSED] - Object: 'Object Repository/Page_Items_Per_Page/Page_/span_5' is clicked on

18-01-2024T22:30:30 - [MESSAGE][INFO] - 

18-01-2024T22:30:30 - [MESSAGE][INFO] - ===================== Self-healing Report ====================

18-01-2024T22:30:30 - [MESSAGE][INFO] - One of the failed test object locators has been recovered by Self-healing. Please refer to the Self-healing Insights tab for more details.

18-01-2024T22:30:30 - [MESSAGE][INFO] - To learn more about Self-healing, please read https://docs.katalon.com/katalon-studio/docs/self-healing.html

18-01-2024T22:30:30 - [MESSAGE][INFO] - ==============================================================

18-01-2024T22:30:30 - [MESSAGE][PASSED] - Call Test Case 'Test Cases/Reusable_Functions/Items_per_page' successfully

18-01-2024T22:30:30 - [TEST_STEP][PASSED] - callTestCase(findTestCase("Reusable_Functions/Fullscreen"), [:], CONTINUE_ON_FAILURE): Call Test Case 'Test Cases/Reusable_Functions/Fullscreen' successfully

18-01-2024T22:30:30 - [TEST_CASE][PASSED] - Test Cases/Reusable_Functions/Fullscreen: Test Cases/Reusable_Functions/Fullscreen

18-01-2024T22:30:30 - [TEST_STEP][PASSED] - verifyElementClickable(findTestObject("Object Repository/Page_Fullscreen/Page_/img")): Object 'Object Repository/Page_Fullscreen/Page_/img' is clickable

18-01-2024T22:30:31 - [MESSAGE][PASSED] - Object 'Object Repository/Page_Fullscreen/Page_/img' is clickable

18-01-2024T22:30:31 - [TEST_STEP][PASSED] - click(findTestObject("Object Repository/Page_Fullscreen/Page_/img")): Object: 'Object Repository/Page_Fullscreen/Page_/img' is clicked on

18-01-2024T22:30:31 - [MESSAGE][PASSED] - Object: 'Object Repository/Page_Fullscreen/Page_/img' is clicked on

18-01-2024T22:30:31 - [TEST_STEP][PASSED] - delay(2): Delayed 2 second(s)

18-01-2024T22:30:33 - [MESSAGE][PASSED] - Delayed 2 second(s)

18-01-2024T22:30:33 - [TEST_STEP][PASSED] - executeJavaScript("document.exitFullscreen();", null): Execute JavaScript 'document.exitFullscreen();' successfully

18-01-2024T22:30:33 - [MESSAGE][PASSED] - Execute JavaScript 'document.exitFullscreen();' successfully

18-01-2024T22:30:33 - [TEST_STEP][PASSED] - delay(2): Delayed 2 second(s)

18-01-2024T22:30:35 - [MESSAGE][PASSED] - Delayed 2 second(s)

18-01-2024T22:30:35 - [MESSAGE][INFO] - 

18-01-2024T22:30:35 - [MESSAGE][INFO] - ===================== Self-healing Report ====================

18-01-2024T22:30:35 - [MESSAGE][INFO] - One of the failed test object locators has been recovered by Self-healing. Please refer to the Self-healing Insights tab for more details.

18-01-2024T22:30:35 - [MESSAGE][INFO] - To learn more about Self-healing, please read https://docs.katalon.com/katalon-studio/docs/self-healing.html

18-01-2024T22:30:35 - [MESSAGE][INFO] - ==============================================================

18-01-2024T22:30:35 - [MESSAGE][PASSED] - Call Test Case 'Test Cases/Reusable_Functions/Fullscreen' successfully]]></system-out>
         <system-err><![CDATA[]]></system-err>
      </testcase>
      <testcase name="Test Cases/Performance Report/test_weekly_buyer_cac_zoom" time="7.282" classname="Test Cases/Performance Report/test_weekly_buyer_cac_zoom" status="PASSED">
         <system-out><![CDATA[18-01-2024T22:30:35 - [TEST_CASE][PASSED] - Test Cases/Performance Report/test_weekly_buyer_cac_zoom: Test Cases/Performance Report/test_weekly_buyer_cac_zoom

18-01-2024T22:30:35 - [TEST_STEP][PASSED] - click(findTestObject("Object Repository/Page_Weekly_Buyer_CAC_Zoom/Page_/div_Weekly Buyer CAC Report")): Object: 'Object Repository/Page_Weekly_Buyer_CAC_Zoom/Page_/div_Weekly Buyer CAC Report' is clicked on

18-01-2024T22:30:36 - [MESSAGE][PASSED] - Object: 'Object Repository/Page_Weekly_Buyer_CAC_Zoom/Page_/div_Weekly Buyer CAC Report' is clicked on

18-01-2024T22:30:36 - [TEST_STEP][PASSED] - verifyElementPresent(findTestObject("Object Repository/Page_Weekly_Buyer_CAC_Zoom/Page_/img"), 0): Object 'Object Repository/Page_Weekly_Buyer_CAC_Zoom/Page_/img' is present

18-01-2024T22:30:36 - [MESSAGE][WARNING] - Timeout '0' is invalid. Using default page load timeout: '30'

18-01-2024T22:30:37 - [MESSAGE][PASSED] - Object 'Object Repository/Page_Weekly_Buyer_CAC_Zoom/Page_/img' is present

18-01-2024T22:30:37 - [TEST_STEP][PASSED] - verifyElementClickable(findTestObject("Object Repository/Page_Weekly_Buyer_CAC_Zoom/Page_/img")): Object 'Object Repository/Page_Weekly_Buyer_CAC_Zoom/Page_/img' is clickable

18-01-2024T22:30:37 - [MESSAGE][PASSED] - Object 'Object Repository/Page_Weekly_Buyer_CAC_Zoom/Page_/img' is clickable

18-01-2024T22:30:37 - [TEST_STEP][PASSED] - callTestCase(findTestCase("Reusable_Functions/Fullscreen"), [:], CONTINUE_ON_FAILURE): Call Test Case 'Test Cases/Reusable_Functions/Fullscreen' successfully

18-01-2024T22:30:38 - [TEST_CASE][PASSED] - Test Cases/Reusable_Functions/Fullscreen: Test Cases/Reusable_Functions/Fullscreen

18-01-2024T22:30:38 - [TEST_STEP][PASSED] - verifyElementClickable(findTestObject("Object Repository/Page_Fullscreen/Page_/img")): Object 'Object Repository/Page_Fullscreen/Page_/img' is clickable

18-01-2024T22:30:38 - [MESSAGE][PASSED] - Object 'Object Repository/Page_Fullscreen/Page_/img' is clickable

18-01-2024T22:30:38 - [TEST_STEP][PASSED] - click(findTestObject("Object Repository/Page_Fullscreen/Page_/img")): Object: 'Object Repository/Page_Fullscreen/Page_/img' is clicked on

18-01-2024T22:30:38 - [MESSAGE][PASSED] - Object: 'Object Repository/Page_Fullscreen/Page_/img' is clicked on

18-01-2024T22:30:38 - [TEST_STEP][PASSED] - delay(2): Delayed 2 second(s)

18-01-2024T22:30:40 - [MESSAGE][PASSED] - Delayed 2 second(s)

18-01-2024T22:30:41 - [TEST_STEP][PASSED] - executeJavaScript("document.exitFullscreen();", null): Execute JavaScript 'document.exitFullscreen();' successfully

18-01-2024T22:30:41 - [MESSAGE][PASSED] - Execute JavaScript 'document.exitFullscreen();' successfully

18-01-2024T22:30:41 - [TEST_STEP][PASSED] - delay(2): Delayed 2 second(s)

18-01-2024T22:30:43 - [MESSAGE][PASSED] - Delayed 2 second(s)

18-01-2024T22:30:43 - [MESSAGE][PASSED] - Call Test Case 'Test Cases/Reusable_Functions/Fullscreen' successfully]]></system-out>
         <system-err><![CDATA[]]></system-err>
      </testcase>
      <testcase name="Test Cases/Performance Report/test_weekly_seller_cac_zoom" time="9.261" classname="Test Cases/Performance Report/test_weekly_seller_cac_zoom" status="PASSED">
         <system-out><![CDATA[18-01-2024T22:30:43 - [TEST_CASE][PASSED] - Test Cases/Performance Report/test_weekly_seller_cac_zoom: Test Cases/Performance Report/test_weekly_seller_cac_zoom

18-01-2024T22:30:43 - [TEST_STEP][PASSED] - click(findTestObject("Object Repository/Page_Weekly_Seller_CAC_Zoom/Page_/div_Weekly Seller CAC Report")): Object: 'Object Repository/Page_Weekly_Seller_CAC_Zoom/Page_/div_Weekly Seller CAC Report' is clicked on

18-01-2024T22:30:43 - [MESSAGE][PASSED] - Object: 'Object Repository/Page_Weekly_Seller_CAC_Zoom/Page_/div_Weekly Seller CAC Report' is clicked on

18-01-2024T22:30:43 - [TEST_STEP][PASSED] - verifyElementPresent(findTestObject("Object Repository/Page_Weekly_Seller_CAC_Zoom/Page_/img"), 0): Object 'Object Repository/Page_Weekly_Seller_CAC_Zoom/Page_/img' is present

18-01-2024T22:30:43 - [MESSAGE][WARNING] - Timeout '0' is invalid. Using default page load timeout: '30'

18-01-2024T22:30:44 - [MESSAGE][PASSED] - Object 'Object Repository/Page_Weekly_Seller_CAC_Zoom/Page_/img' is present

18-01-2024T22:30:44 - [TEST_STEP][PASSED] - verifyElementClickable(findTestObject("Object Repository/Page_Weekly_Seller_CAC_Zoom/Page_/img")): Object 'Object Repository/Page_Weekly_Seller_CAC_Zoom/Page_/img' is clickable

18-01-2024T22:30:45 - [MESSAGE][PASSED] - Object 'Object Repository/Page_Weekly_Seller_CAC_Zoom/Page_/img' is clickable

18-01-2024T22:30:45 - [TEST_STEP][PASSED] - callTestCase(findTestCase("Reusable_Functions/Fullscreen"), [:], CONTINUE_ON_FAILURE): Call Test Case 'Test Cases/Reusable_Functions/Fullscreen' successfully

18-01-2024T22:30:45 - [TEST_CASE][PASSED] - Test Cases/Reusable_Functions/Fullscreen: Test Cases/Reusable_Functions/Fullscreen

18-01-2024T22:30:45 - [TEST_STEP][PASSED] - verifyElementClickable(findTestObject("Object Repository/Page_Fullscreen/Page_/img")): Object 'Object Repository/Page_Fullscreen/Page_/img' is clickable

18-01-2024T22:30:45 - [MESSAGE][PASSED] - Object 'Object Repository/Page_Fullscreen/Page_/img' is clickable

18-01-2024T22:30:45 - [TEST_STEP][PASSED] - click(findTestObject("Object Repository/Page_Fullscreen/Page_/img")): Object: 'Object Repository/Page_Fullscreen/Page_/img' is clicked on

18-01-2024T22:30:46 - [MESSAGE][PASSED] - Object: 'Object Repository/Page_Fullscreen/Page_/img' is clicked on

18-01-2024T22:30:46 - [TEST_STEP][PASSED] - delay(2): Delayed 2 second(s)

18-01-2024T22:30:48 - [MESSAGE][PASSED] - Delayed 2 second(s)

18-01-2024T22:30:48 - [TEST_STEP][PASSED] - executeJavaScript("document.exitFullscreen();", null): Execute JavaScript 'document.exitFullscreen();' successfully

18-01-2024T22:30:48 - [MESSAGE][PASSED] - Execute JavaScript 'document.exitFullscreen();' successfully

18-01-2024T22:30:48 - [TEST_STEP][PASSED] - delay(2): Delayed 2 second(s)

18-01-2024T22:30:50 - [MESSAGE][PASSED] - Delayed 2 second(s)

18-01-2024T22:30:50 - [MESSAGE][PASSED] - Call Test Case 'Test Cases/Reusable_Functions/Fullscreen' successfully

18-01-2024T22:30:50 - [TEST_STEP][PASSED] - delay(2): Delayed 2 second(s)

18-01-2024T22:30:52 - [MESSAGE][PASSED] - Delayed 2 second(s)]]></system-out>
         <system-err><![CDATA[]]></system-err>
      </testcase>
      <testcase name="Test Cases/Performance Report/test_daily_buyer_cac_zoom" time="7.322" classname="Test Cases/Performance Report/test_daily_buyer_cac_zoom" status="PASSED">
         <system-out><![CDATA[18-01-2024T22:30:52 - [TEST_CASE][PASSED] - Test Cases/Performance Report/test_daily_buyer_cac_zoom: Test Cases/Performance Report/test_daily_buyer_cac_zoom

18-01-2024T22:30:52 - [TEST_STEP][PASSED] - click(findTestObject("Object Repository/Page_Daily_Buyer_CAC_Zoom/Page_/div_Daily Buyer CAC Report")): Object: 'Object Repository/Page_Daily_Buyer_CAC_Zoom/Page_/div_Daily Buyer CAC Report' is clicked on

18-01-2024T22:30:53 - [MESSAGE][PASSED] - Object: 'Object Repository/Page_Daily_Buyer_CAC_Zoom/Page_/div_Daily Buyer CAC Report' is clicked on

18-01-2024T22:30:53 - [TEST_STEP][PASSED] - verifyElementClickable(findTestObject("Object Repository/Page_Daily_Buyer_CAC_Zoom/Page_/img")): Object 'Object Repository/Page_Daily_Buyer_CAC_Zoom/Page_/img' is clickable

18-01-2024T22:30:54 - [MESSAGE][PASSED] - Object 'Object Repository/Page_Daily_Buyer_CAC_Zoom/Page_/img' is clickable

18-01-2024T22:30:54 - [TEST_STEP][PASSED] - callTestCase(findTestCase("Reusable_Functions/Fullscreen"), [:], CONTINUE_ON_FAILURE): Call Test Case 'Test Cases/Reusable_Functions/Fullscreen' successfully

18-01-2024T22:30:54 - [TEST_CASE][PASSED] - Test Cases/Reusable_Functions/Fullscreen: Test Cases/Reusable_Functions/Fullscreen

18-01-2024T22:30:54 - [TEST_STEP][PASSED] - verifyElementClickable(findTestObject("Object Repository/Page_Fullscreen/Page_/img")): Object 'Object Repository/Page_Fullscreen/Page_/img' is clickable

18-01-2024T22:30:55 - [MESSAGE][PASSED] - Object 'Object Repository/Page_Fullscreen/Page_/img' is clickable

18-01-2024T22:30:55 - [TEST_STEP][PASSED] - click(findTestObject("Object Repository/Page_Fullscreen/Page_/img")): Object: 'Object Repository/Page_Fullscreen/Page_/img' is clicked on

18-01-2024T22:30:55 - [MESSAGE][PASSED] - Object: 'Object Repository/Page_Fullscreen/Page_/img' is clicked on

18-01-2024T22:30:55 - [TEST_STEP][PASSED] - delay(2): Delayed 2 second(s)

18-01-2024T22:30:57 - [MESSAGE][PASSED] - Delayed 2 second(s)

18-01-2024T22:30:57 - [TEST_STEP][PASSED] - executeJavaScript("document.exitFullscreen();", null): Execute JavaScript 'document.exitFullscreen();' successfully

18-01-2024T22:30:57 - [MESSAGE][PASSED] - Execute JavaScript 'document.exitFullscreen();' successfully

18-01-2024T22:30:57 - [TEST_STEP][PASSED] - delay(2): Delayed 2 second(s)

18-01-2024T22:30:59 - [MESSAGE][PASSED] - Delayed 2 second(s)

18-01-2024T22:30:59 - [MESSAGE][PASSED] - Call Test Case 'Test Cases/Reusable_Functions/Fullscreen' successfully]]></system-out>
         <system-err><![CDATA[]]></system-err>
      </testcase>
      <system-out><![CDATA[18-01-2024T22:00:16 - [TEST_SUITE][PASSED] - performance_report: Test Cases/Performance Report/test_daily_buyer_cac_zoom]]></system-out>
      <system-err><![CDATA[]]></system-err>
   </testsuite>
</testsuites>
