<?xml version="1.0" encoding="UTF-8"?>
<testsuites name="Function_test" time="964.632" tests="23" failures="0" errors="0">
   <testsuite name="Function_test" tests="23" failures="0" errors="0" time="964.632" skipped="0" timestamp="2023-12-14 09:16:25" hostname="Pavitra I R - DESKTOP-MFB1Q4P" id="Test Suites/Function_test">
      <properties>
         <property name="deviceName" value=""/>
         <property name="devicePlatform" value=""/>
         <property name="logFolder" value="C:\\Users\\Pavitra I R\\Katalon Studio\\Admetrics\\Reports\\20231214_091616\\Function_test\\20231214_091616"/>
         <property name="logFiles" value="C:\\Users\\Pavitra I R\\Katalon Studio\\Admetrics\\Reports\\20231214_091616\\Function_test\\20231214_091616\\execution0.log"/>
         <property name="attachments" value=""/>
         <property name="hostName" value="Pavitra I R - DESKTOP-MFB1Q4P"/>
         <property name="os" value="Windows 10 64bit"/>
         <property name="katalonVersion" value="8.6.8.208"/>
         <property name="browser" value="Chrome 120.0.0.0"/>
         <property name="hostAddress" value="192.168.1.110"/>
         <property name="sessionId" value="053e46a4b5c13a6171d90b7771447b64"/>
         <property name="seleniumVersion" value="3.141.59"/>
         <property name="proxyInformation" value="ProxyInformation { proxyOption=NO_PROXY, proxyServerType=HTTP, username=, password=********, proxyServerAddress=, proxyServerPort=0, executionList=&quot;&quot;, isApplyToDesiredCapabilities=true }"/>
         <property name="platform" value="Windows 10"/>
      </properties>
      <testcase name="Test Cases/Login_Page/test_verify_project_title" time="10.842" classname="Test Cases/Login_Page/test_verify_project_title" status="PASSED">
         <system-out><![CDATA[2023-12-14 09:16:25 - [TEST_CASE][PASSED] - Test Cases/Login_Page/test_verify_project_title: Test Cases/Login_Page/test_verify_project_title

2023-12-14 09:16:26 - [TEST_STEP][PASSED] - openBrowser(""): Browser is opened with url: ''

2023-12-14 09:16:26 - [MESSAGE][INFO] - Starting 'Chrome' driver

2023-12-14 09:16:26 - [MESSAGE][INFO] - Action delay is set to 0 milliseconds

2023-12-14 09:16:28 - [MESSAGE][PASSED] - Browser is opened with url: ''

2023-12-14 09:16:28 - [TEST_STEP][PASSED] - maximizeWindow(): Current window maximized

2023-12-14 09:16:28 - [MESSAGE][PASSED] - Current window maximized

2023-12-14 09:16:28 - [TEST_STEP][PASSED] - navigateToUrl("https://dev-dash.admetrics.ai/"): Navigate to 'https://dev-dash.admetrics.ai/' successfully

2023-12-14 09:16:29 - [MESSAGE][PASSED] - Navigate to 'https://dev-dash.admetrics.ai/' successfully

2023-12-14 09:16:29 - [TEST_STEP][PASSED] - verifyElementText(findTestObject("Object Repository/Page_Project_Title/p_Admetrics"), "Admetrics"): Actual text and expected text of test object 'Object Repository/Page_Project_Title/p_Admetrics' are matched.

2023-12-14 09:16:32 - [MESSAGE][PASSED] - Actual text and expected text of test object 'Object Repository/Page_Project_Title/p_Admetrics' are matched.

2023-12-14 09:16:32 - [TEST_STEP][PASSED] - verifyElementVisible(findTestObject("Object Repository/Page_Project_Title/img_User ID_logoImg mr-3")): Object 'Object Repository/Page_Project_Title/img_User ID_logoImg mr-3' is visible

2023-12-14 09:16:33 - [MESSAGE][PASSED] - Object 'Object Repository/Page_Project_Title/img_User ID_logoImg mr-3' is visible

2023-12-14 09:16:33 - [TEST_STEP][PASSED] - verifyElementText(findTestObject("Object Repository/Page_Project_Title/p_India"), "India"): Actual text and expected text of test object 'Object Repository/Page_Project_Title/p_India' are matched.

2023-12-14 09:16:33 - [MESSAGE][PASSED] - Actual text and expected text of test object 'Object Repository/Page_Project_Title/p_India' are matched.

2023-12-14 09:16:33 - [TEST_STEP][PASSED] - verifyElementText(findTestObject("Object Repository/Page_Project_Title/input_User ID_username"), ""): Actual text and expected text of test object 'Object Repository/Page_Project_Title/input_User ID_username' are matched.

2023-12-14 09:16:34 - [MESSAGE][PASSED] - Actual text and expected text of test object 'Object Repository/Page_Project_Title/input_User ID_username' are matched.

2023-12-14 09:16:34 - [TEST_STEP][PASSED] - verifyElementText(findTestObject("Object Repository/Page_Project_Title/input_Password_password"), ""): Actual text and expected text of test object 'Object Repository/Page_Project_Title/input_Password_password' are matched.

2023-12-14 09:16:34 - [MESSAGE][PASSED] - Actual text and expected text of test object 'Object Repository/Page_Project_Title/input_Password_password' are matched.

2023-12-14 09:16:34 - [TEST_STEP][PASSED] - verifyElementClickable(findTestObject("Object Repository/Page_Project_Title/button_Login")): Object 'Object Repository/Page_Project_Title/button_Login' is clickable

2023-12-14 09:16:35 - [MESSAGE][PASSED] - Object 'Object Repository/Page_Project_Title/button_Login' is clickable

2023-12-14 09:16:35 - [TEST_STEP][PASSED] - closeBrowser(): Browser is closed

2023-12-14 09:16:36 - [MESSAGE][PASSED] - Browser is closed]]></system-out>
         <system-err><![CDATA[]]></system-err>
      </testcase>
      <testcase name="Test Cases/Login_Page/test_empty_credentials" time="6.939" classname="Test Cases/Login_Page/test_empty_credentials" status="PASSED">
         <system-out><![CDATA[2023-12-14 09:16:36 - [TEST_CASE][PASSED] - Test Cases/Login_Page/test_empty_credentials: Test Cases/Login_Page/test_empty_credentials

2023-12-14 09:16:36 - [TEST_STEP][PASSED] - openBrowser(""): Browser is opened with url: ''

2023-12-14 09:16:36 - [MESSAGE][INFO] - Starting 'Chrome' driver

2023-12-14 09:16:36 - [MESSAGE][INFO] - Action delay is set to 0 milliseconds

2023-12-14 09:16:38 - [MESSAGE][PASSED] - Browser is opened with url: ''

2023-12-14 09:16:38 - [TEST_STEP][PASSED] - maximizeWindow(): Current window maximized

2023-12-14 09:16:38 - [MESSAGE][PASSED] - Current window maximized

2023-12-14 09:16:38 - [TEST_STEP][PASSED] - navigateToUrl("https://dev-dash.admetrics.ai/"): Navigate to 'https://dev-dash.admetrics.ai/' successfully

2023-12-14 09:16:38 - [MESSAGE][PASSED] - Navigate to 'https://dev-dash.admetrics.ai/' successfully

2023-12-14 09:16:38 - [TEST_STEP][PASSED] - click(findTestObject("Object Repository/Page_Empty_credentials/Page_/input_User ID_username")): Object: 'Object Repository/Page_Empty_credentials/Page_/input_User ID_username' is clicked on

2023-12-14 09:16:41 - [MESSAGE][PASSED] - Object: 'Object Repository/Page_Empty_credentials/Page_/input_User ID_username' is clicked on

2023-12-14 09:16:41 - [TEST_STEP][PASSED] - click(findTestObject("Object Repository/Page_Empty_credentials/Page_/button_Login")): Object: 'Object Repository/Page_Empty_credentials/Page_/button_Login' is clicked on

2023-12-14 09:16:42 - [MESSAGE][PASSED] - Object: 'Object Repository/Page_Empty_credentials/Page_/button_Login' is clicked on

2023-12-14 09:16:42 - [TEST_STEP][PASSED] - verifyElementText(findTestObject("Object Repository/Page_Empty_credentials/Page_/span_Invalid Credentials"), "Invalid Credentials"): Actual text and expected text of test object 'Object Repository/Page_Empty_credentials/Page_/span_Invalid Credentials' are matched.

2023-12-14 09:16:42 - [MESSAGE][PASSED] - Actual text and expected text of test object 'Object Repository/Page_Empty_credentials/Page_/span_Invalid Credentials' are matched.

2023-12-14 09:16:42 - [TEST_STEP][PASSED] - closeBrowser(): Browser is closed

2023-12-14 09:16:43 - [MESSAGE][PASSED] - Browser is closed]]></system-out>
         <system-err><![CDATA[]]></system-err>
      </testcase>
      <testcase name="Test Cases/Login_Page/test_invalidusername_validpassword" time="8.38" classname="Test Cases/Login_Page/test_invalidusername_validpassword" status="PASSED">
         <system-out><![CDATA[2023-12-14 09:16:43 - [TEST_CASE][PASSED] - Test Cases/Login_Page/test_invalidusername_validpassword: Test Cases/Login_Page/test_invalidusername_validpassword

2023-12-14 09:16:43 - [TEST_STEP][PASSED] - openBrowser(""): Browser is opened with url: ''

2023-12-14 09:16:43 - [MESSAGE][INFO] - Starting 'Chrome' driver

2023-12-14 09:16:43 - [MESSAGE][INFO] - Action delay is set to 0 milliseconds

2023-12-14 09:16:45 - [MESSAGE][PASSED] - Browser is opened with url: ''

2023-12-14 09:16:45 - [TEST_STEP][PASSED] - maximizeWindow(): Current window maximized

2023-12-14 09:16:45 - [MESSAGE][PASSED] - Current window maximized

2023-12-14 09:16:45 - [TEST_STEP][PASSED] - navigateToUrl("https://dev-dash.admetrics.ai/"): Navigate to 'https://dev-dash.admetrics.ai/' successfully

2023-12-14 09:16:46 - [MESSAGE][PASSED] - Navigate to 'https://dev-dash.admetrics.ai/' successfully

2023-12-14 09:16:46 - [TEST_STEP][PASSED] - setText(findTestObject("Object Repository/Page_invalid_valid/Page_/input_User ID_username"), "tibil"): Text 'tibil' is set on object 'Object Repository/Page_invalid_valid/Page_/input_User ID_username'

2023-12-14 09:16:49 - [MESSAGE][PASSED] - Text 'tibil' is set on object 'Object Repository/Page_invalid_valid/Page_/input_User ID_username'

2023-12-14 09:16:49 - [TEST_STEP][PASSED] - setEncryptedText(findTestObject("Object Repository/Page_invalid_valid/Page_/input_Password_password"), "7Dxoto1EjKfQbGop/Ov+1g=="): Text ****** has been set on object 'Object Repository/Page_invalid_valid/Page_/input_Password_password'

2023-12-14 09:16:49 - [MESSAGE][PASSED] - Text ****** has been set on object 'Object Repository/Page_invalid_valid/Page_/input_Password_password'

2023-12-14 09:16:49 - [TEST_STEP][PASSED] - click(findTestObject("Object Repository/Page_invalid_valid/Page_/button_Login")): Object: 'Object Repository/Page_invalid_valid/Page_/button_Login' is clicked on

2023-12-14 09:16:50 - [MESSAGE][PASSED] - Object: 'Object Repository/Page_invalid_valid/Page_/button_Login' is clicked on

2023-12-14 09:16:50 - [TEST_STEP][PASSED] - verifyElementText(findTestObject("Object Repository/Page_invalid_valid/Page_/span_Invalid Credentials"), "Invalid Credentials"): Actual text and expected text of test object 'Object Repository/Page_invalid_valid/Page_/span_Invalid Credentials' are matched.

2023-12-14 09:16:50 - [MESSAGE][PASSED] - Actual text and expected text of test object 'Object Repository/Page_invalid_valid/Page_/span_Invalid Credentials' are matched.

2023-12-14 09:16:50 - [TEST_STEP][PASSED] - closeBrowser(): Browser is closed

2023-12-14 09:16:51 - [MESSAGE][PASSED] - Browser is closed]]></system-out>
         <system-err><![CDATA[]]></system-err>
      </testcase>
      <testcase name="Test Cases/Login_Page/test_invalid_username_password" time="7.838" classname="Test Cases/Login_Page/test_invalid_username_password" status="PASSED">
         <system-out><![CDATA[2023-12-14 09:16:51 - [TEST_CASE][PASSED] - Test Cases/Login_Page/test_invalid_username_password: Test Cases/Login_Page/test_invalid_username_password

2023-12-14 09:16:52 - [TEST_STEP][PASSED] - openBrowser(""): Browser is opened with url: ''

2023-12-14 09:16:52 - [MESSAGE][INFO] - Starting 'Chrome' driver

2023-12-14 09:16:52 - [MESSAGE][INFO] - Action delay is set to 0 milliseconds

2023-12-14 09:16:53 - [MESSAGE][PASSED] - Browser is opened with url: ''

2023-12-14 09:16:53 - [TEST_STEP][PASSED] - maximizeWindow(): Current window maximized

2023-12-14 09:16:53 - [MESSAGE][PASSED] - Current window maximized

2023-12-14 09:16:53 - [TEST_STEP][PASSED] - navigateToUrl("https://dev-dash.admetrics.ai/"): Navigate to 'https://dev-dash.admetrics.ai/' successfully

2023-12-14 09:16:54 - [MESSAGE][PASSED] - Navigate to 'https://dev-dash.admetrics.ai/' successfully

2023-12-14 09:16:54 - [TEST_STEP][PASSED] - setText(findTestObject("Object Repository/Page_Invalid/Page_/input_User ID_username"), "cqube"): Text 'cqube' is set on object 'Object Repository/Page_Invalid/Page_/input_User ID_username'

2023-12-14 09:16:57 - [MESSAGE][PASSED] - Text 'cqube' is set on object 'Object Repository/Page_Invalid/Page_/input_User ID_username'

2023-12-14 09:16:57 - [TEST_STEP][PASSED] - setEncryptedText(findTestObject("Object Repository/Page_Invalid/Page_/input_Password_password"), "KNgadmoWMNQLHR89HR7ydQ=="): Text ****** has been set on object 'Object Repository/Page_Invalid/Page_/input_Password_password'

2023-12-14 09:16:57 - [MESSAGE][PASSED] - Text ****** has been set on object 'Object Repository/Page_Invalid/Page_/input_Password_password'

2023-12-14 09:16:57 - [TEST_STEP][PASSED] - click(findTestObject("Object Repository/Page_Invalid/Page_/button_Login")): Object: 'Object Repository/Page_Invalid/Page_/button_Login' is clicked on

2023-12-14 09:16:58 - [MESSAGE][PASSED] - Object: 'Object Repository/Page_Invalid/Page_/button_Login' is clicked on

2023-12-14 09:16:58 - [TEST_STEP][PASSED] - verifyElementText(findTestObject("Object Repository/Page_Invalid/Page_/span_Invalid Credentials"), "Invalid Credentials"): Actual text and expected text of test object 'Object Repository/Page_Invalid/Page_/span_Invalid Credentials' are matched.

2023-12-14 09:16:58 - [MESSAGE][PASSED] - Actual text and expected text of test object 'Object Repository/Page_Invalid/Page_/span_Invalid Credentials' are matched.

2023-12-14 09:16:58 - [TEST_STEP][PASSED] - closeBrowser(): Browser is closed

2023-12-14 09:16:59 - [MESSAGE][PASSED] - Browser is closed]]></system-out>
         <system-err><![CDATA[]]></system-err>
      </testcase>
      <testcase name="Test Cases/Login_Page/test_validusername_invalipassword" time="7.45" classname="Test Cases/Login_Page/test_validusername_invalipassword" status="PASSED">
         <system-out><![CDATA[2023-12-14 09:16:59 - [TEST_CASE][PASSED] - Test Cases/Login_Page/test_validusername_invalipassword: Test Cases/Login_Page/test_validusername_invalipassword

2023-12-14 09:17:00 - [TEST_STEP][PASSED] - openBrowser(""): Browser is opened with url: ''

2023-12-14 09:17:00 - [MESSAGE][INFO] - Starting 'Chrome' driver

2023-12-14 09:17:00 - [MESSAGE][INFO] - Action delay is set to 0 milliseconds

2023-12-14 09:17:01 - [MESSAGE][PASSED] - Browser is opened with url: ''

2023-12-14 09:17:01 - [TEST_STEP][PASSED] - maximizeWindow(): Current window maximized

2023-12-14 09:17:01 - [MESSAGE][PASSED] - Current window maximized

2023-12-14 09:17:01 - [TEST_STEP][PASSED] - navigateToUrl("https://dev-dash.admetrics.ai/"): Navigate to 'https://dev-dash.admetrics.ai/' successfully

2023-12-14 09:17:02 - [MESSAGE][PASSED] - Navigate to 'https://dev-dash.admetrics.ai/' successfully

2023-12-14 09:17:02 - [TEST_STEP][PASSED] - setText(findTestObject("Object Repository/Page_valid_invalid/Page_/input_User ID_username"), "admin"): Text 'admin' is set on object 'Object Repository/Page_valid_invalid/Page_/input_User ID_username'

2023-12-14 09:17:04 - [MESSAGE][PASSED] - Text 'admin' is set on object 'Object Repository/Page_valid_invalid/Page_/input_User ID_username'

2023-12-14 09:17:04 - [TEST_STEP][PASSED] - setEncryptedText(findTestObject("Object Repository/Page_valid_invalid/Page_/input_Password_password"), "RSNArcc3BqI="): Text ****** has been set on object 'Object Repository/Page_valid_invalid/Page_/input_Password_password'

2023-12-14 09:17:05 - [MESSAGE][PASSED] - Text ****** has been set on object 'Object Repository/Page_valid_invalid/Page_/input_Password_password'

2023-12-14 09:17:05 - [TEST_STEP][PASSED] - click(findTestObject("Object Repository/Page_valid_invalid/Page_/button_Login")): Object: 'Object Repository/Page_valid_invalid/Page_/button_Login' is clicked on

2023-12-14 09:17:05 - [MESSAGE][PASSED] - Object: 'Object Repository/Page_valid_invalid/Page_/button_Login' is clicked on

2023-12-14 09:17:05 - [TEST_STEP][PASSED] - verifyElementText(findTestObject("Object Repository/Page_valid_invalid/Page_/span_Invalid Credentials"), "Invalid Credentials"): Actual text and expected text of test object 'Object Repository/Page_valid_invalid/Page_/span_Invalid Credentials' are matched.

2023-12-14 09:17:06 - [MESSAGE][PASSED] - Actual text and expected text of test object 'Object Repository/Page_valid_invalid/Page_/span_Invalid Credentials' are matched.

2023-12-14 09:17:06 - [TEST_STEP][PASSED] - closeBrowser(): Browser is closed

2023-12-14 09:17:07 - [MESSAGE][PASSED] - Browser is closed]]></system-out>
         <system-err><![CDATA[]]></system-err>
      </testcase>
      <testcase name="Test Cases/Login_Page/test_valid_login" time="9.593" classname="Test Cases/Login_Page/test_valid_login" status="PASSED">
         <system-out><![CDATA[2023-12-14 09:17:07 - [TEST_CASE][PASSED] - Test Cases/Login_Page/test_valid_login: Test Cases/Login_Page/test_valid_login

2023-12-14 09:17:07 - [TEST_STEP][PASSED] - openBrowser(""): Browser is opened with url: ''

2023-12-14 09:17:07 - [MESSAGE][INFO] - Starting 'Chrome' driver

2023-12-14 09:17:07 - [MESSAGE][INFO] - Action delay is set to 0 milliseconds

2023-12-14 09:17:08 - [MESSAGE][PASSED] - Browser is opened with url: ''

2023-12-14 09:17:08 - [TEST_STEP][PASSED] - maximizeWindow(): Current window maximized

2023-12-14 09:17:09 - [MESSAGE][PASSED] - Current window maximized

2023-12-14 09:17:09 - [TEST_STEP][PASSED] - navigateToUrl("https://dev-dash.admetrics.ai/"): Navigate to 'https://dev-dash.admetrics.ai/' successfully

2023-12-14 09:17:09 - [MESSAGE][PASSED] - Navigate to 'https://dev-dash.admetrics.ai/' successfully

2023-12-14 09:17:09 - [TEST_STEP][PASSED] - setText(findTestObject("Object Repository/Page_valid_login/Page_/input_User ID_username"), "admin"): Text 'admin' is set on object 'Object Repository/Page_valid_login/Page_/input_User ID_username'

2023-12-14 09:17:12 - [MESSAGE][PASSED] - Text 'admin' is set on object 'Object Repository/Page_valid_login/Page_/input_User ID_username'

2023-12-14 09:17:12 - [TEST_STEP][PASSED] - setEncryptedText(findTestObject("Object Repository/Page_valid_login/Page_/input_Password_password"), "7Dxoto1EjKfQbGop/Ov+1g=="): Text ****** has been set on object 'Object Repository/Page_valid_login/Page_/input_Password_password'

2023-12-14 09:17:13 - [MESSAGE][PASSED] - Text ****** has been set on object 'Object Repository/Page_valid_login/Page_/input_Password_password'

2023-12-14 09:17:13 - [TEST_STEP][PASSED] - click(findTestObject("Object Repository/Page_valid_login/Page_/button_Login")): Object: 'Object Repository/Page_valid_login/Page_/button_Login' is clicked on

2023-12-14 09:17:13 - [MESSAGE][PASSED] - Object: 'Object Repository/Page_valid_login/Page_/button_Login' is clicked on

2023-12-14 09:17:13 - [TEST_STEP][PASSED] - verifyElementText(findTestObject("Object Repository/Page_valid_login/Page_/p_Summary Statistics"), "Summary Statistics"): Actual text and expected text of test object 'Object Repository/Page_valid_login/Page_/p_Summary Statistics' are matched.

2023-12-14 09:17:15 - [MESSAGE][PASSED] - Actual text and expected text of test object 'Object Repository/Page_valid_login/Page_/p_Summary Statistics' are matched.

2023-12-14 09:17:15 - [TEST_STEP][PASSED] - closeBrowser(): Browser is closed

2023-12-14 09:17:16 - [MESSAGE][PASSED] - Browser is closed]]></system-out>
         <system-err><![CDATA[]]></system-err>
      </testcase>
      <testcase name="Test Cases/Dashboard_Page/test_verify_menu" time="42.902" classname="Test Cases/Dashboard_Page/test_verify_menu" status="PASSED">
         <system-out><![CDATA[2023-12-14 09:17:16 - [TEST_CASE][PASSED] - Test Cases/Dashboard_Page/test_verify_menu: Test Cases/Dashboard_Page/test_verify_menu

2023-12-14 09:17:17 - [TEST_STEP][PASSED] - callTestCase(findTestCase("Reusable_Functions/Login"), [:], CONTINUE_ON_FAILURE): Call Test Case 'Test Cases/Reusable_Functions/Login' successfully

2023-12-14 09:17:17 - [TEST_CASE][PASSED] - Test Cases/Reusable_Functions/Login: Test Cases/Reusable_Functions/Login

2023-12-14 09:17:17 - [TEST_STEP][PASSED] - openBrowser(""): Browser is opened with url: ''

2023-12-14 09:17:17 - [MESSAGE][INFO] - Starting 'Chrome' driver

2023-12-14 09:17:17 - [MESSAGE][INFO] - Action delay is set to 0 milliseconds

2023-12-14 09:17:18 - [MESSAGE][PASSED] - Browser is opened with url: ''

2023-12-14 09:17:18 - [TEST_STEP][PASSED] - maximizeWindow(): Current window maximized

2023-12-14 09:17:19 - [MESSAGE][PASSED] - Current window maximized

2023-12-14 09:17:19 - [TEST_STEP][PASSED] - navigateToUrl("https://dev-dash.admetrics.ai/"): Navigate to 'https://dev-dash.admetrics.ai/' successfully

2023-12-14 09:17:19 - [MESSAGE][PASSED] - Navigate to 'https://dev-dash.admetrics.ai/' successfully

2023-12-14 09:17:19 - [TEST_STEP][PASSED] - setText(findTestObject("Object Repository/Page_Project_Title/input_User ID_username"), "admin"): Text 'admin' is set on object 'Object Repository/Page_Project_Title/input_User ID_username'

2023-12-14 09:17:22 - [MESSAGE][PASSED] - Text 'admin' is set on object 'Object Repository/Page_Project_Title/input_User ID_username'

2023-12-14 09:17:22 - [TEST_STEP][PASSED] - setEncryptedText(findTestObject("Object Repository/Page_Project_Title/input_Password_password"), "7Dxoto1EjKfQbGop/Ov+1g=="): Text ****** has been set on object 'Object Repository/Page_Project_Title/input_Password_password'

2023-12-14 09:17:23 - [MESSAGE][PASSED] - Text ****** has been set on object 'Object Repository/Page_Project_Title/input_Password_password'

2023-12-14 09:17:23 - [TEST_STEP][PASSED] - click(findTestObject("Object Repository/Page_Project_Title/button_Login")): Object: 'Object Repository/Page_Project_Title/button_Login' is clicked on

2023-12-14 09:17:23 - [MESSAGE][PASSED] - Object: 'Object Repository/Page_Project_Title/button_Login' is clicked on

2023-12-14 09:17:23 - [MESSAGE][PASSED] - Call Test Case 'Test Cases/Reusable_Functions/Login' successfully

2023-12-14 09:17:23 - [TEST_STEP][PASSED] - verifyElementText(findTestObject("Object Repository/Page_Menu/Page_/p_Summary Statistics"), "Summary Statistics"): Actual text and expected text of test object 'Object Repository/Page_Menu/Page_/p_Summary Statistics' are matched.

2023-12-14 09:17:26 - [MESSAGE][PASSED] - Actual text and expected text of test object 'Object Repository/Page_Menu/Page_/p_Summary Statistics' are matched.

2023-12-14 09:17:26 - [TEST_STEP][PASSED] - verifyElementVisible(findTestObject("Object Repository/Page_Menu/Page_/img")): Object 'Object Repository/Page_Menu/Page_/img' is visible

2023-12-14 09:17:26 - [MESSAGE][PASSED] - Object 'Object Repository/Page_Menu/Page_/img' is visible

2023-12-14 09:17:26 - [TEST_STEP][PASSED] - verifyElementText(findTestObject("Object Repository/Page_Menu/Page_/span_admetrics"), "admetrics"): Actual text and expected text of test object 'Object Repository/Page_Menu/Page_/span_admetrics' are matched.

2023-12-14 09:17:27 - [MESSAGE][PASSED] - Actual text and expected text of test object 'Object Repository/Page_Menu/Page_/span_admetrics' are matched.

2023-12-14 09:17:27 - [TEST_STEP][PASSED] - verifyElementClickable(findTestObject("Object Repository/Page_Menu/Page_/div_admetrics_spinner diagonal part-2")): Object 'Object Repository/Page_Menu/Page_/div_admetrics_spinner diagonal part-2' is clickable

2023-12-14 09:17:27 - [MESSAGE][PASSED] - Object 'Object Repository/Page_Menu/Page_/div_admetrics_spinner diagonal part-2' is clickable

2023-12-14 09:17:27 - [TEST_STEP][PASSED] - click(findTestObject("Object Repository/Page_Menu/Page_/div_admetrics_spinner diagonal part-2")): Object: 'Object Repository/Page_Menu/Page_/div_admetrics_spinner diagonal part-2' is clicked on

2023-12-14 09:17:28 - [MESSAGE][PASSED] - Object: 'Object Repository/Page_Menu/Page_/div_admetrics_spinner diagonal part-2' is clicked on

2023-12-14 09:17:28 - [TEST_STEP][PASSED] - click(findTestObject("Object Repository/Page_Menu/Page_/div_admetrics_RespMenuIcon")): Object: 'Object Repository/Page_Menu/Page_/div_admetrics_RespMenuIcon' is clicked on

2023-12-14 09:17:28 - [MESSAGE][PASSED] - Object: 'Object Repository/Page_Menu/Page_/div_admetrics_RespMenuIcon' is clicked on

2023-12-14 09:17:28 - [TEST_STEP][PASSED] - verifyElementClickable(findTestObject("Object Repository/Page_Menu/Page_/div_admetrics_spinner diagonal part-2_1")): Object 'Object Repository/Page_Menu/Page_/div_admetrics_spinner diagonal part-2_1' is clickable

2023-12-14 09:17:29 - [MESSAGE][PASSED] - Object 'Object Repository/Page_Menu/Page_/div_admetrics_spinner diagonal part-2_1' is clickable

2023-12-14 09:17:29 - [TEST_STEP][PASSED] - click(findTestObject("Object Repository/Page_Menu/Page_/div_admetrics_spinner horizontal")): Object: 'Object Repository/Page_Menu/Page_/div_admetrics_spinner horizontal' is clicked on

2023-12-14 09:17:29 - [MESSAGE][PASSED] - Object: 'Object Repository/Page_Menu/Page_/div_admetrics_spinner horizontal' is clicked on

2023-12-14 09:17:29 - [TEST_STEP][PASSED] - click(findTestObject("Object Repository/Page_Menu/Page_/label_admetrics_sidebarIconToggle")): Object: 'Object Repository/Page_Menu/Page_/label_admetrics_sidebarIconToggle' is clicked on

2023-12-14 09:17:30 - [MESSAGE][PASSED] - Object: 'Object Repository/Page_Menu/Page_/label_admetrics_sidebarIconToggle' is clicked on

2023-12-14 09:17:30 - [TEST_STEP][PASSED] - mouseOver(findTestObject("Object Repository/Page_Menu/Page_/img_admetrics_menuIcon")): Object: 'Object Repository/Page_Menu/Page_/img_admetrics_menuIcon' is hovered

2023-12-14 09:17:31 - [MESSAGE][PASSED] - Object: 'Object Repository/Page_Menu/Page_/img_admetrics_menuIcon' is hovered

2023-12-14 09:17:31 - [TEST_STEP][PASSED] - mouseOver(findTestObject("Object Repository/Page_Menu/Page_/img_Summary Statistics_menuIcon")): Object: 'Object Repository/Page_Menu/Page_/img_Summary Statistics_menuIcon' is hovered

2023-12-14 09:17:31 - [MESSAGE][PASSED] - Object: 'Object Repository/Page_Menu/Page_/img_Summary Statistics_menuIcon' is hovered

2023-12-14 09:17:31 - [TEST_STEP][PASSED] - mouseOver(findTestObject("Object Repository/Page_Menu/Page_/img_Spend Report_menuIcon")): Object: 'Object Repository/Page_Menu/Page_/img_Spend Report_menuIcon' is hovered

2023-12-14 09:17:32 - [MESSAGE][PASSED] - Object: 'Object Repository/Page_Menu/Page_/img_Spend Report_menuIcon' is hovered

2023-12-14 09:17:32 - [TEST_STEP][PASSED] - mouseOver(findTestObject("Object Repository/Page_Menu/Page_/img_Spend Monitoring_menuIcon")): Object: 'Object Repository/Page_Menu/Page_/img_Spend Monitoring_menuIcon' is hovered

2023-12-14 09:17:33 - [MESSAGE][PASSED] - Object: 'Object Repository/Page_Menu/Page_/img_Spend Monitoring_menuIcon' is hovered

2023-12-14 09:17:33 - [TEST_STEP][PASSED] - mouseOver(findTestObject("Object Repository/Page_Menu/Page_/img_Performance_menuIcon")): Object: 'Object Repository/Page_Menu/Page_/img_Performance_menuIcon' is hovered

2023-12-14 09:17:34 - [MESSAGE][PASSED] - Object: 'Object Repository/Page_Menu/Page_/img_Performance_menuIcon' is hovered

2023-12-14 09:17:34 - [TEST_STEP][PASSED] - click(findTestObject("Object Repository/Page_Menu/Page_/div_admetrics_spinner diagonal part-2_1")): Object: 'Object Repository/Page_Menu/Page_/div_admetrics_spinner diagonal part-2_1' is clicked on

2023-12-14 09:17:34 - [MESSAGE][PASSED] - Object: 'Object Repository/Page_Menu/Page_/div_admetrics_spinner diagonal part-2_1' is clicked on

2023-12-14 09:17:34 - [TEST_STEP][PASSED] - verifyElementText(findTestObject("Object Repository/Page_Menu/Page_/span_Summary Statistics"), "Summary Statistics"): Actual text and expected text of test object 'Object Repository/Page_Menu/Page_/span_Summary Statistics' are matched.

2023-12-14 09:17:35 - [MESSAGE][PASSED] - Actual text and expected text of test object 'Object Repository/Page_Menu/Page_/span_Summary Statistics' are matched.

2023-12-14 09:17:35 - [TEST_STEP][PASSED] - verifyElementVisible(findTestObject("Object Repository/Page_Menu/Page_/img_admetrics_menuIcon")): Object 'Object Repository/Page_Menu/Page_/img_admetrics_menuIcon' is visible

2023-12-14 09:17:35 - [MESSAGE][PASSED] - Object 'Object Repository/Page_Menu/Page_/img_admetrics_menuIcon' is visible

2023-12-14 09:17:35 - [TEST_STEP][PASSED] - verifyElementText(findTestObject("Object Repository/Page_Menu/Page_/span_Spend Report"), "Spend Report"): Actual text and expected text of test object 'Object Repository/Page_Menu/Page_/span_Spend Report' are matched.

2023-12-14 09:17:36 - [MESSAGE][PASSED] - Actual text and expected text of test object 'Object Repository/Page_Menu/Page_/span_Spend Report' are matched.

2023-12-14 09:17:36 - [TEST_STEP][PASSED] - verifyElementVisible(findTestObject("Object Repository/Page_Menu/Page_/img_Summary Statistics_menuIcon")): Object 'Object Repository/Page_Menu/Page_/img_Summary Statistics_menuIcon' is visible

2023-12-14 09:17:36 - [MESSAGE][PASSED] - Object 'Object Repository/Page_Menu/Page_/img_Summary Statistics_menuIcon' is visible

2023-12-14 09:17:36 - [TEST_STEP][PASSED] - click(findTestObject("Object Repository/Page_Menu/Page_/div_Spend Report")): Object: 'Object Repository/Page_Menu/Page_/div_Spend Report' is clicked on

2023-12-14 09:17:37 - [MESSAGE][PASSED] - Object: 'Object Repository/Page_Menu/Page_/div_Spend Report' is clicked on

2023-12-14 09:17:37 - [TEST_STEP][PASSED] - click(findTestObject("Object Repository/Page_Menu/Page_/div_admetrics_spinner horizontal")): Object: 'Object Repository/Page_Menu/Page_/div_admetrics_spinner horizontal' is clicked on

2023-12-14 09:17:39 - [MESSAGE][PASSED] - Object: 'Object Repository/Page_Menu/Page_/div_admetrics_spinner horizontal' is clicked on

2023-12-14 09:17:39 - [TEST_STEP][PASSED] - verifyElementText(findTestObject("Object Repository/Page_Menu/Page_/span_Spend Monitoring"), "Spend Monitoring"): Actual text and expected text of test object 'Object Repository/Page_Menu/Page_/span_Spend Monitoring' are matched.

2023-12-14 09:17:40 - [MESSAGE][PASSED] - Actual text and expected text of test object 'Object Repository/Page_Menu/Page_/span_Spend Monitoring' are matched.

2023-12-14 09:17:40 - [TEST_STEP][PASSED] - verifyElementVisible(findTestObject("Object Repository/Page_Menu/Page_/img_Spend Report_menuIcon")): Object 'Object Repository/Page_Menu/Page_/img_Spend Report_menuIcon' is visible

2023-12-14 09:17:40 - [MESSAGE][PASSED] - Object 'Object Repository/Page_Menu/Page_/img_Spend Report_menuIcon' is visible

2023-12-14 09:17:40 - [TEST_STEP][PASSED] - click(findTestObject("Object Repository/Page_Menu/Page_/span_Spend Monitoring")): Object: 'Object Repository/Page_Menu/Page_/span_Spend Monitoring' is clicked on

2023-12-14 09:17:41 - [MESSAGE][PASSED] - Object: 'Object Repository/Page_Menu/Page_/span_Spend Monitoring' is clicked on

2023-12-14 09:17:41 - [TEST_STEP][PASSED] - click(findTestObject("Object Repository/Page_Menu/Page_/div_admetrics_spinner diagonal part-2_1")): Object: 'Object Repository/Page_Menu/Page_/div_admetrics_spinner diagonal part-2_1' is clicked on

2023-12-14 09:17:43 - [MESSAGE][PASSED] - Object: 'Object Repository/Page_Menu/Page_/div_admetrics_spinner diagonal part-2_1' is clicked on

2023-12-14 09:17:43 - [TEST_STEP][PASSED] - verifyElementText(findTestObject("Object Repository/Page_Menu/Page_/span_Performance"), "Performance"): Actual text and expected text of test object 'Object Repository/Page_Menu/Page_/span_Performance' are matched.

2023-12-14 09:17:44 - [MESSAGE][PASSED] - Actual text and expected text of test object 'Object Repository/Page_Menu/Page_/span_Performance' are matched.

2023-12-14 09:17:44 - [TEST_STEP][PASSED] - verifyElementVisible(findTestObject("Object Repository/Page_Menu/Page_/img_Spend Monitoring_menuIcon")): Object 'Object Repository/Page_Menu/Page_/img_Spend Monitoring_menuIcon' is visible

2023-12-14 09:17:44 - [MESSAGE][PASSED] - Object 'Object Repository/Page_Menu/Page_/img_Spend Monitoring_menuIcon' is visible

2023-12-14 09:17:44 - [TEST_STEP][PASSED] - click(findTestObject("Object Repository/Page_Menu/Page_/div_Performance")): Object: 'Object Repository/Page_Menu/Page_/div_Performance' is clicked on

2023-12-14 09:17:45 - [MESSAGE][PASSED] - Object: 'Object Repository/Page_Menu/Page_/div_Performance' is clicked on

2023-12-14 09:17:45 - [TEST_STEP][PASSED] - click(findTestObject("Object Repository/Page_Menu/Page_/label_admetrics_sidebarIconToggle_1")): Object: 'Object Repository/Page_Menu/Page_/label_admetrics_sidebarIconToggle_1' is clicked on

2023-12-14 09:17:47 - [MESSAGE][PASSED] - Object: 'Object Repository/Page_Menu/Page_/label_admetrics_sidebarIconToggle_1' is clicked on

2023-12-14 09:17:47 - [TEST_STEP][PASSED] - verifyElementText(findTestObject("Object Repository/Page_Menu/Page_/span_Campaign"), "Campaign"): Actual text and expected text of test object 'Object Repository/Page_Menu/Page_/span_Campaign' are matched.

2023-12-14 09:17:48 - [MESSAGE][PASSED] - Actual text and expected text of test object 'Object Repository/Page_Menu/Page_/span_Campaign' are matched.

2023-12-14 09:17:48 - [TEST_STEP][PASSED] - verifyElementVisible(findTestObject("Object Repository/Page_Menu/Page_/img_Spend Monitoring_menuIcon")): Object 'Object Repository/Page_Menu/Page_/img_Spend Monitoring_menuIcon' is visible

2023-12-14 09:17:48 - [MESSAGE][PASSED] - Object 'Object Repository/Page_Menu/Page_/img_Spend Monitoring_menuIcon' is visible

2023-12-14 09:17:48 - [TEST_STEP][PASSED] - click(findTestObject("Object Repository/Page_Menu/Page_/span_Performance")): Object: 'Object Repository/Page_Menu/Page_/span_Performance' is clicked on

2023-12-14 09:17:49 - [MESSAGE][PASSED] - Object: 'Object Repository/Page_Menu/Page_/span_Performance' is clicked on

2023-12-14 09:17:49 - [TEST_STEP][PASSED] - click(findTestObject("Object Repository/Page_Menu/Page_/label_admetrics_sidebarIconToggle_1")): Object: 'Object Repository/Page_Menu/Page_/label_admetrics_sidebarIconToggle_1' is clicked on

2023-12-14 09:17:49 - [MESSAGE][PASSED] - Object: 'Object Repository/Page_Menu/Page_/label_admetrics_sidebarIconToggle_1' is clicked on

2023-12-14 09:17:49 - [TEST_STEP][PASSED] - verifyElementText(findTestObject("Object Repository/Page_Menu/Page_/span_Campaign"), "Campaign"): Actual text and expected text of test object 'Object Repository/Page_Menu/Page_/span_Campaign' are matched.

2023-12-14 09:17:50 - [MESSAGE][PASSED] - Actual text and expected text of test object 'Object Repository/Page_Menu/Page_/span_Campaign' are matched.

2023-12-14 09:17:50 - [TEST_STEP][PASSED] - verifyElementVisible(findTestObject("Object Repository/Page_Menu/Page_/img_Performance_menuIcon")): Object 'Object Repository/Page_Menu/Page_/img_Performance_menuIcon' is visible

2023-12-14 09:17:50 - [MESSAGE][PASSED] - Object 'Object Repository/Page_Menu/Page_/img_Performance_menuIcon' is visible

2023-12-14 09:17:50 - [TEST_STEP][PASSED] - click(findTestObject("Object Repository/Page_Menu/Page_/span_Campaign")): Object: 'Object Repository/Page_Menu/Page_/span_Campaign' is clicked on

2023-12-14 09:17:51 - [MESSAGE][PASSED] - Object: 'Object Repository/Page_Menu/Page_/span_Campaign' is clicked on

2023-12-14 09:17:51 - [TEST_STEP][PASSED] - click(findTestObject("Object Repository/Page_Menu/Page_/label_admetrics_sidebarIconToggle_1")): Object: 'Object Repository/Page_Menu/Page_/label_admetrics_sidebarIconToggle_1' is clicked on

2023-12-14 09:17:55 - [MESSAGE][PASSED] - Object: 'Object Repository/Page_Menu/Page_/label_admetrics_sidebarIconToggle_1' is clicked on

2023-12-14 09:17:55 - [TEST_STEP][PASSED] - verifyElementVisible(findTestObject("Object Repository/Page_Menu/Page_/i_Campaign_signOut")): Object 'Object Repository/Page_Menu/Page_/i_Campaign_signOut' is visible

2023-12-14 09:17:55 - [MESSAGE][PASSED] - Object 'Object Repository/Page_Menu/Page_/i_Campaign_signOut' is visible

2023-12-14 09:17:55 - [TEST_STEP][PASSED] - verifyElementClickable(findTestObject("Object Repository/Page_Menu/Page_/i_Campaign_signOut")): Object 'Object Repository/Page_Menu/Page_/i_Campaign_signOut' is clickable

2023-12-14 09:17:56 - [MESSAGE][PASSED] - Object 'Object Repository/Page_Menu/Page_/i_Campaign_signOut' is clickable

2023-12-14 09:17:56 - [TEST_STEP][PASSED] - click(findTestObject("Object Repository/Page_Menu/Page_/i_Campaign_signOut")): Object: 'Object Repository/Page_Menu/Page_/i_Campaign_signOut' is clicked on

2023-12-14 09:17:56 - [MESSAGE][PASSED] - Object: 'Object Repository/Page_Menu/Page_/i_Campaign_signOut' is clicked on

2023-12-14 09:17:56 - [TEST_STEP][PASSED] - delay(2): Delayed 2 second(s)

2023-12-14 09:17:58 - [MESSAGE][PASSED] - Delayed 2 second(s)

2023-12-14 09:17:58 - [TEST_STEP][PASSED] - closeBrowser(): Browser is closed

2023-12-14 09:17:59 - [MESSAGE][PASSED] - Browser is closed]]></system-out>
         <system-err><![CDATA[]]></system-err>
      </testcase>
      <testcase name="Test Cases/Dashboard_Page/test_spend_report" time="15.514" classname="Test Cases/Dashboard_Page/test_spend_report" status="PASSED">
         <system-out><![CDATA[2023-12-14 09:17:59 - [TEST_CASE][PASSED] - Test Cases/Dashboard_Page/test_spend_report: Test Cases/Dashboard_Page/test_spend_report

2023-12-14 09:18:00 - [TEST_STEP][PASSED] - callTestCase(findTestCase("Reusable_Functions/Login"), [:], CONTINUE_ON_FAILURE): Call Test Case 'Test Cases/Reusable_Functions/Login' successfully

2023-12-14 09:18:00 - [TEST_CASE][PASSED] - Test Cases/Reusable_Functions/Login: Test Cases/Reusable_Functions/Login

2023-12-14 09:18:00 - [TEST_STEP][PASSED] - openBrowser(""): Browser is opened with url: ''

2023-12-14 09:18:00 - [MESSAGE][INFO] - Starting 'Chrome' driver

2023-12-14 09:18:00 - [MESSAGE][INFO] - Action delay is set to 0 milliseconds

2023-12-14 09:18:01 - [MESSAGE][PASSED] - Browser is opened with url: ''

2023-12-14 09:18:01 - [TEST_STEP][PASSED] - maximizeWindow(): Current window maximized

2023-12-14 09:18:01 - [MESSAGE][PASSED] - Current window maximized

2023-12-14 09:18:01 - [TEST_STEP][PASSED] - navigateToUrl("https://dev-dash.admetrics.ai/"): Navigate to 'https://dev-dash.admetrics.ai/' successfully

2023-12-14 09:18:02 - [MESSAGE][PASSED] - Navigate to 'https://dev-dash.admetrics.ai/' successfully

2023-12-14 09:18:02 - [TEST_STEP][PASSED] - setText(findTestObject("Object Repository/Page_Project_Title/input_User ID_username"), "admin"): Text 'admin' is set on object 'Object Repository/Page_Project_Title/input_User ID_username'

2023-12-14 09:18:05 - [MESSAGE][PASSED] - Text 'admin' is set on object 'Object Repository/Page_Project_Title/input_User ID_username'

2023-12-14 09:18:05 - [TEST_STEP][PASSED] - setEncryptedText(findTestObject("Object Repository/Page_Project_Title/input_Password_password"), "7Dxoto1EjKfQbGop/Ov+1g=="): Text ****** has been set on object 'Object Repository/Page_Project_Title/input_Password_password'

2023-12-14 09:18:05 - [MESSAGE][PASSED] - Text ****** has been set on object 'Object Repository/Page_Project_Title/input_Password_password'

2023-12-14 09:18:05 - [TEST_STEP][PASSED] - click(findTestObject("Object Repository/Page_Project_Title/button_Login")): Object: 'Object Repository/Page_Project_Title/button_Login' is clicked on

2023-12-14 09:18:06 - [MESSAGE][PASSED] - Object: 'Object Repository/Page_Project_Title/button_Login' is clicked on

2023-12-14 09:18:06 - [MESSAGE][PASSED] - Call Test Case 'Test Cases/Reusable_Functions/Login' successfully

2023-12-14 09:18:06 - [TEST_STEP][PASSED] - verifyElementText(findTestObject("Object Repository/Page_Spend_Report/Page_/div_Spend Report"), "Spend Report"): Actual text and expected text of test object 'Object Repository/Page_Spend_Report/Page_/div_Spend Report' are matched.

2023-12-14 09:18:08 - [MESSAGE][PASSED] - Actual text and expected text of test object 'Object Repository/Page_Spend_Report/Page_/div_Spend Report' are matched.

2023-12-14 09:18:08 - [TEST_STEP][PASSED] - verifyElementVisible(findTestObject("Object Repository/Page_Spend_Report/Page_/img_Spend Report_mg-0")): Object 'Object Repository/Page_Spend_Report/Page_/img_Spend Report_mg-0' is visible

2023-12-14 09:18:09 - [MESSAGE][PASSED] - Object 'Object Repository/Page_Spend_Report/Page_/img_Spend Report_mg-0' is visible

2023-12-14 09:18:09 - [TEST_STEP][PASSED] - mouseOver(findTestObject("Object Repository/Page_Spend_Report/Page_/img_Spend Report_infoIconImage")): Object: 'Object Repository/Page_Spend_Report/Page_/img_Spend Report_infoIconImage' is hovered

2023-12-14 09:18:09 - [MESSAGE][PASSED] - Object: 'Object Repository/Page_Spend_Report/Page_/img_Spend Report_infoIconImage' is hovered

2023-12-14 09:18:09 - [TEST_STEP][PASSED] - verifyElementText(findTestObject("Object Repository/Page_Spend_Report/Page_/p_Access dashboard to"), "Access dashboard to"): Actual text and expected text of test object 'Object Repository/Page_Spend_Report/Page_/p_Access dashboard to' are matched.

2023-12-14 09:18:10 - [MESSAGE][PASSED] - Actual text and expected text of test object 'Object Repository/Page_Spend_Report/Page_/p_Access dashboard to' are matched.

2023-12-14 09:18:10 - [TEST_STEP][PASSED] - verifyElementText(findTestObject("Object Repository/Page_Spend_Report/Page_/p_view details"), "view details"): Actual text and expected text of test object 'Object Repository/Page_Spend_Report/Page_/p_view details' are matched.

2023-12-14 09:18:10 - [MESSAGE][PASSED] - Actual text and expected text of test object 'Object Repository/Page_Spend_Report/Page_/p_view details' are matched.

2023-12-14 09:18:10 - [TEST_STEP][PASSED] - verifyElementText(findTestObject("Object Repository/Page_Spend_Report/Page_/button_Access dashboard"), "Access dashboard →"): Actual text and expected text of test object 'Object Repository/Page_Spend_Report/Page_/button_Access dashboard' are matched.

2023-12-14 09:18:10 - [MESSAGE][PASSED] - Actual text and expected text of test object 'Object Repository/Page_Spend_Report/Page_/button_Access dashboard' are matched.

2023-12-14 09:18:10 - [TEST_STEP][PASSED] - verifyElementClickable(findTestObject("Object Repository/Page_Spend_Report/Page_/button_Access dashboard")): Object 'Object Repository/Page_Spend_Report/Page_/button_Access dashboard' is clickable

2023-12-14 09:18:11 - [MESSAGE][PASSED] - Object 'Object Repository/Page_Spend_Report/Page_/button_Access dashboard' is clickable

2023-12-14 09:18:11 - [TEST_STEP][PASSED] - click(findTestObject("Object Repository/Page_Spend_Report/Page_/button_Access dashboard")): Object: 'Object Repository/Page_Spend_Report/Page_/button_Access dashboard' is clicked on

2023-12-14 09:18:11 - [MESSAGE][PASSED] - Object: 'Object Repository/Page_Spend_Report/Page_/button_Access dashboard' is clicked on

2023-12-14 09:18:11 - [TEST_STEP][PASSED] - verifyElementText(findTestObject("Object Repository/Page_Spend_Report/Page_/p_Spend Report"), "Spend Report"): Actual text and expected text of test object 'Object Repository/Page_Spend_Report/Page_/p_Spend Report' are matched.

2023-12-14 09:18:14 - [MESSAGE][PASSED] - Actual text and expected text of test object 'Object Repository/Page_Spend_Report/Page_/p_Spend Report' are matched.

2023-12-14 09:18:14 - [TEST_STEP][PASSED] - closeBrowser(): Browser is closed

2023-12-14 09:18:15 - [MESSAGE][PASSED] - Browser is closed]]></system-out>
         <system-err><![CDATA[]]></system-err>
      </testcase>
      <testcase name="Test Cases/Dashboard_Page/test_spend_monitoring_report" time="15.718" classname="Test Cases/Dashboard_Page/test_spend_monitoring_report" status="PASSED">
         <system-out><![CDATA[2023-12-14 09:18:15 - [TEST_CASE][PASSED] - Test Cases/Dashboard_Page/test_spend_monitoring_report: Test Cases/Dashboard_Page/test_spend_monitoring_report

2023-12-14 09:18:15 - [TEST_STEP][PASSED] - callTestCase(findTestCase("Reusable_Functions/Login"), [:], CONTINUE_ON_FAILURE): Call Test Case 'Test Cases/Reusable_Functions/Login' successfully

2023-12-14 09:18:15 - [TEST_CASE][PASSED] - Test Cases/Reusable_Functions/Login: Test Cases/Reusable_Functions/Login

2023-12-14 09:18:15 - [TEST_STEP][PASSED] - openBrowser(""): Browser is opened with url: ''

2023-12-14 09:18:15 - [MESSAGE][INFO] - Starting 'Chrome' driver

2023-12-14 09:18:15 - [MESSAGE][INFO] - Action delay is set to 0 milliseconds

2023-12-14 09:18:17 - [MESSAGE][PASSED] - Browser is opened with url: ''

2023-12-14 09:18:17 - [TEST_STEP][PASSED] - maximizeWindow(): Current window maximized

2023-12-14 09:18:17 - [MESSAGE][PASSED] - Current window maximized

2023-12-14 09:18:17 - [TEST_STEP][PASSED] - navigateToUrl("https://dev-dash.admetrics.ai/"): Navigate to 'https://dev-dash.admetrics.ai/' successfully

2023-12-14 09:18:17 - [MESSAGE][PASSED] - Navigate to 'https://dev-dash.admetrics.ai/' successfully

2023-12-14 09:18:17 - [TEST_STEP][PASSED] - setText(findTestObject("Object Repository/Page_Project_Title/input_User ID_username"), "admin"): Text 'admin' is set on object 'Object Repository/Page_Project_Title/input_User ID_username'

2023-12-14 09:18:20 - [MESSAGE][PASSED] - Text 'admin' is set on object 'Object Repository/Page_Project_Title/input_User ID_username'

2023-12-14 09:18:20 - [TEST_STEP][PASSED] - setEncryptedText(findTestObject("Object Repository/Page_Project_Title/input_Password_password"), "7Dxoto1EjKfQbGop/Ov+1g=="): Text ****** has been set on object 'Object Repository/Page_Project_Title/input_Password_password'

2023-12-14 09:18:21 - [MESSAGE][PASSED] - Text ****** has been set on object 'Object Repository/Page_Project_Title/input_Password_password'

2023-12-14 09:18:21 - [TEST_STEP][PASSED] - click(findTestObject("Object Repository/Page_Project_Title/button_Login")): Object: 'Object Repository/Page_Project_Title/button_Login' is clicked on

2023-12-14 09:18:21 - [MESSAGE][PASSED] - Object: 'Object Repository/Page_Project_Title/button_Login' is clicked on

2023-12-14 09:18:21 - [MESSAGE][PASSED] - Call Test Case 'Test Cases/Reusable_Functions/Login' successfully

2023-12-14 09:18:21 - [TEST_STEP][PASSED] - verifyElementText(findTestObject("Object Repository/Page_Spend_Monitoring/Page_/div_Spend Monitoring"), "Spend Monitoring"): Actual text and expected text of test object 'Object Repository/Page_Spend_Monitoring/Page_/div_Spend Monitoring' are matched.

2023-12-14 09:18:24 - [MESSAGE][PASSED] - Actual text and expected text of test object 'Object Repository/Page_Spend_Monitoring/Page_/div_Spend Monitoring' are matched.

2023-12-14 09:18:24 - [TEST_STEP][PASSED] - verifyElementVisible(findTestObject("Object Repository/Page_Spend_Monitoring/Page_/img_Spend Monitoring_mg-0")): Object 'Object Repository/Page_Spend_Monitoring/Page_/img_Spend Monitoring_mg-0' is visible

2023-12-14 09:18:25 - [MESSAGE][PASSED] - Object 'Object Repository/Page_Spend_Monitoring/Page_/img_Spend Monitoring_mg-0' is visible

2023-12-14 09:18:25 - [TEST_STEP][PASSED] - mouseOver(findTestObject("Object Repository/Page_Spend_Monitoring/Page_/img_Spend Monitoring_infoIconImage")): Object: 'Object Repository/Page_Spend_Monitoring/Page_/img_Spend Monitoring_infoIconImage' is hovered

2023-12-14 09:18:25 - [MESSAGE][PASSED] - Object: 'Object Repository/Page_Spend_Monitoring/Page_/img_Spend Monitoring_infoIconImage' is hovered

2023-12-14 09:18:25 - [TEST_STEP][PASSED] - verifyElementText(findTestObject("Object Repository/Page_Spend_Monitoring/Page_/p_Access dashboard to"), "Access dashboard to"): Actual text and expected text of test object 'Object Repository/Page_Spend_Monitoring/Page_/p_Access dashboard to' are matched.

2023-12-14 09:18:26 - [MESSAGE][PASSED] - Actual text and expected text of test object 'Object Repository/Page_Spend_Monitoring/Page_/p_Access dashboard to' are matched.

2023-12-14 09:18:26 - [TEST_STEP][PASSED] - verifyElementText(findTestObject("Object Repository/Page_Spend_Monitoring/Page_/p_view details"), "view details"): Actual text and expected text of test object 'Object Repository/Page_Spend_Monitoring/Page_/p_view details' are matched.

2023-12-14 09:18:26 - [MESSAGE][PASSED] - Actual text and expected text of test object 'Object Repository/Page_Spend_Monitoring/Page_/p_view details' are matched.

2023-12-14 09:18:26 - [TEST_STEP][PASSED] - verifyElementText(findTestObject("Object Repository/Page_Spend_Monitoring/Page_/button_Access dashboard"), "Access dashboard →"): Actual text and expected text of test object 'Object Repository/Page_Spend_Monitoring/Page_/button_Access dashboard' are matched.

2023-12-14 09:18:26 - [MESSAGE][PASSED] - Actual text and expected text of test object 'Object Repository/Page_Spend_Monitoring/Page_/button_Access dashboard' are matched.

2023-12-14 09:18:26 - [TEST_STEP][PASSED] - verifyElementClickable(findTestObject("Object Repository/Page_Spend_Monitoring/Page_/button_Access dashboard")): Object 'Object Repository/Page_Spend_Monitoring/Page_/button_Access dashboard' is clickable

2023-12-14 09:18:27 - [MESSAGE][PASSED] - Object 'Object Repository/Page_Spend_Monitoring/Page_/button_Access dashboard' is clickable

2023-12-14 09:18:27 - [TEST_STEP][PASSED] - click(findTestObject("Object Repository/Page_Spend_Monitoring/Page_/button_Access dashboard")): Object: 'Object Repository/Page_Spend_Monitoring/Page_/button_Access dashboard' is clicked on

2023-12-14 09:18:27 - [MESSAGE][PASSED] - Object: 'Object Repository/Page_Spend_Monitoring/Page_/button_Access dashboard' is clicked on

2023-12-14 09:18:27 - [TEST_STEP][PASSED] - verifyElementText(findTestObject("Object Repository/Page_Spend_Monitoring/Page_/p_Spend Monitoring Report"), "Spend Monitoring Report"): Actual text and expected text of test object 'Object Repository/Page_Spend_Monitoring/Page_/p_Spend Monitoring Report' are matched.

2023-12-14 09:18:30 - [MESSAGE][PASSED] - Actual text and expected text of test object 'Object Repository/Page_Spend_Monitoring/Page_/p_Spend Monitoring Report' are matched.

2023-12-14 09:18:30 - [TEST_STEP][PASSED] - closeBrowser(): Browser is closed

2023-12-14 09:18:30 - [MESSAGE][PASSED] - Browser is closed]]></system-out>
         <system-err><![CDATA[]]></system-err>
      </testcase>
      <testcase name="Test Cases/Dashboard_Page/test_performance_report" time="15.223" classname="Test Cases/Dashboard_Page/test_performance_report" status="PASSED">
         <system-out><![CDATA[2023-12-14 09:18:30 - [TEST_CASE][PASSED] - Test Cases/Dashboard_Page/test_performance_report: Test Cases/Dashboard_Page/test_performance_report

2023-12-14 09:18:31 - [TEST_STEP][PASSED] - callTestCase(findTestCase("Reusable_Functions/Login"), [:], CONTINUE_ON_FAILURE): Call Test Case 'Test Cases/Reusable_Functions/Login' successfully

2023-12-14 09:18:31 - [TEST_CASE][PASSED] - Test Cases/Reusable_Functions/Login: Test Cases/Reusable_Functions/Login

2023-12-14 09:18:31 - [TEST_STEP][PASSED] - openBrowser(""): Browser is opened with url: ''

2023-12-14 09:18:31 - [MESSAGE][INFO] - Starting 'Chrome' driver

2023-12-14 09:18:31 - [MESSAGE][INFO] - Action delay is set to 0 milliseconds

2023-12-14 09:18:32 - [MESSAGE][PASSED] - Browser is opened with url: ''

2023-12-14 09:18:32 - [TEST_STEP][PASSED] - maximizeWindow(): Current window maximized

2023-12-14 09:18:33 - [MESSAGE][PASSED] - Current window maximized

2023-12-14 09:18:33 - [TEST_STEP][PASSED] - navigateToUrl("https://dev-dash.admetrics.ai/"): Navigate to 'https://dev-dash.admetrics.ai/' successfully

2023-12-14 09:18:33 - [MESSAGE][PASSED] - Navigate to 'https://dev-dash.admetrics.ai/' successfully

2023-12-14 09:18:33 - [TEST_STEP][PASSED] - setText(findTestObject("Object Repository/Page_Project_Title/input_User ID_username"), "admin"): Text 'admin' is set on object 'Object Repository/Page_Project_Title/input_User ID_username'

2023-12-14 09:18:36 - [MESSAGE][PASSED] - Text 'admin' is set on object 'Object Repository/Page_Project_Title/input_User ID_username'

2023-12-14 09:18:36 - [TEST_STEP][PASSED] - setEncryptedText(findTestObject("Object Repository/Page_Project_Title/input_Password_password"), "7Dxoto1EjKfQbGop/Ov+1g=="): Text ****** has been set on object 'Object Repository/Page_Project_Title/input_Password_password'

2023-12-14 09:18:36 - [MESSAGE][PASSED] - Text ****** has been set on object 'Object Repository/Page_Project_Title/input_Password_password'

2023-12-14 09:18:36 - [TEST_STEP][PASSED] - click(findTestObject("Object Repository/Page_Project_Title/button_Login")): Object: 'Object Repository/Page_Project_Title/button_Login' is clicked on

2023-12-14 09:18:37 - [MESSAGE][PASSED] - Object: 'Object Repository/Page_Project_Title/button_Login' is clicked on

2023-12-14 09:18:37 - [MESSAGE][PASSED] - Call Test Case 'Test Cases/Reusable_Functions/Login' successfully

2023-12-14 09:18:37 - [TEST_STEP][PASSED] - verifyElementText(findTestObject("Object Repository/Page_Performance/Page_/div_Performance"), "Performance"): Actual text and expected text of test object 'Object Repository/Page_Performance/Page_/div_Performance' are matched.

2023-12-14 09:18:39 - [MESSAGE][PASSED] - Actual text and expected text of test object 'Object Repository/Page_Performance/Page_/div_Performance' are matched.

2023-12-14 09:18:39 - [TEST_STEP][PASSED] - verifyElementVisible(findTestObject("Object Repository/Page_Performance/Page_/img_Performance_mg-0")): Object 'Object Repository/Page_Performance/Page_/img_Performance_mg-0' is visible

2023-12-14 09:18:40 - [MESSAGE][PASSED] - Object 'Object Repository/Page_Performance/Page_/img_Performance_mg-0' is visible

2023-12-14 09:18:40 - [TEST_STEP][PASSED] - mouseOver(findTestObject("Object Repository/Page_Performance/Page_/img_Performance_infoIconImage")): Object: 'Object Repository/Page_Performance/Page_/img_Performance_infoIconImage' is hovered

2023-12-14 09:18:40 - [MESSAGE][PASSED] - Object: 'Object Repository/Page_Performance/Page_/img_Performance_infoIconImage' is hovered

2023-12-14 09:18:40 - [TEST_STEP][PASSED] - verifyElementText(findTestObject("Object Repository/Page_Performance/Page_/p_Access dashboard to"), "Access dashboard to"): Actual text and expected text of test object 'Object Repository/Page_Performance/Page_/p_Access dashboard to' are matched.

2023-12-14 09:18:41 - [MESSAGE][PASSED] - Actual text and expected text of test object 'Object Repository/Page_Performance/Page_/p_Access dashboard to' are matched.

2023-12-14 09:18:41 - [TEST_STEP][PASSED] - verifyElementText(findTestObject("Object Repository/Page_Performance/Page_/p_view details"), "view details"): Actual text and expected text of test object 'Object Repository/Page_Performance/Page_/p_view details' are matched.

2023-12-14 09:18:41 - [MESSAGE][PASSED] - Actual text and expected text of test object 'Object Repository/Page_Performance/Page_/p_view details' are matched.

2023-12-14 09:18:41 - [TEST_STEP][PASSED] - verifyElementText(findTestObject("Object Repository/Page_Performance/Page_/button_Access dashboard"), "Access dashboard →"): Actual text and expected text of test object 'Object Repository/Page_Performance/Page_/button_Access dashboard' are matched.

2023-12-14 09:18:42 - [MESSAGE][PASSED] - Actual text and expected text of test object 'Object Repository/Page_Performance/Page_/button_Access dashboard' are matched.

2023-12-14 09:18:42 - [TEST_STEP][PASSED] - verifyElementClickable(findTestObject("Object Repository/Page_Performance/Page_/button_Access dashboard")): Object 'Object Repository/Page_Performance/Page_/button_Access dashboard' is clickable

2023-12-14 09:18:42 - [MESSAGE][PASSED] - Object 'Object Repository/Page_Performance/Page_/button_Access dashboard' is clickable

2023-12-14 09:18:42 - [TEST_STEP][PASSED] - click(findTestObject("Object Repository/Page_Performance/Page_/button_Access dashboard")): Object: 'Object Repository/Page_Performance/Page_/button_Access dashboard' is clicked on

2023-12-14 09:18:42 - [MESSAGE][PASSED] - Object: 'Object Repository/Page_Performance/Page_/button_Access dashboard' is clicked on

2023-12-14 09:18:42 - [TEST_STEP][PASSED] - verifyElementText(findTestObject("Object Repository/Page_Performance/Page_/p_Performance Report"), "Performance Report"): Actual text and expected text of test object 'Object Repository/Page_Performance/Page_/p_Performance Report' are matched.

2023-12-14 09:18:45 - [MESSAGE][PASSED] - Actual text and expected text of test object 'Object Repository/Page_Performance/Page_/p_Performance Report' are matched.

2023-12-14 09:18:45 - [TEST_STEP][PASSED] - closeBrowser(): Browser is closed

2023-12-14 09:18:46 - [MESSAGE][PASSED] - Browser is closed]]></system-out>
         <system-err><![CDATA[]]></system-err>
      </testcase>
      <testcase name="Test Cases/Dashboard_Page/test_campaign_report" time="16.819" classname="Test Cases/Dashboard_Page/test_campaign_report" status="PASSED">
         <system-out><![CDATA[2023-12-14 09:18:46 - [TEST_CASE][PASSED] - Test Cases/Dashboard_Page/test_campaign_report: Test Cases/Dashboard_Page/test_campaign_report

2023-12-14 09:18:46 - [TEST_STEP][PASSED] - callTestCase(findTestCase("Reusable_Functions/Login"), [:], CONTINUE_ON_FAILURE): Call Test Case 'Test Cases/Reusable_Functions/Login' successfully

2023-12-14 09:18:46 - [TEST_CASE][PASSED] - Test Cases/Reusable_Functions/Login: Test Cases/Reusable_Functions/Login

2023-12-14 09:18:46 - [TEST_STEP][PASSED] - openBrowser(""): Browser is opened with url: ''

2023-12-14 09:18:46 - [MESSAGE][INFO] - Starting 'Chrome' driver

2023-12-14 09:18:46 - [MESSAGE][INFO] - Action delay is set to 0 milliseconds

2023-12-14 09:18:47 - [MESSAGE][PASSED] - Browser is opened with url: ''

2023-12-14 09:18:47 - [TEST_STEP][PASSED] - maximizeWindow(): Current window maximized

2023-12-14 09:18:48 - [MESSAGE][PASSED] - Current window maximized

2023-12-14 09:18:48 - [TEST_STEP][PASSED] - navigateToUrl("https://dev-dash.admetrics.ai/"): Navigate to 'https://dev-dash.admetrics.ai/' successfully

2023-12-14 09:18:48 - [MESSAGE][PASSED] - Navigate to 'https://dev-dash.admetrics.ai/' successfully

2023-12-14 09:18:48 - [TEST_STEP][PASSED] - setText(findTestObject("Object Repository/Page_Project_Title/input_User ID_username"), "admin"): Text 'admin' is set on object 'Object Repository/Page_Project_Title/input_User ID_username'

2023-12-14 09:18:51 - [MESSAGE][PASSED] - Text 'admin' is set on object 'Object Repository/Page_Project_Title/input_User ID_username'

2023-12-14 09:18:51 - [TEST_STEP][PASSED] - setEncryptedText(findTestObject("Object Repository/Page_Project_Title/input_Password_password"), "7Dxoto1EjKfQbGop/Ov+1g=="): Text ****** has been set on object 'Object Repository/Page_Project_Title/input_Password_password'

2023-12-14 09:18:52 - [MESSAGE][PASSED] - Text ****** has been set on object 'Object Repository/Page_Project_Title/input_Password_password'

2023-12-14 09:18:52 - [TEST_STEP][PASSED] - click(findTestObject("Object Repository/Page_Project_Title/button_Login")): Object: 'Object Repository/Page_Project_Title/button_Login' is clicked on

2023-12-14 09:18:52 - [MESSAGE][PASSED] - Object: 'Object Repository/Page_Project_Title/button_Login' is clicked on

2023-12-14 09:18:52 - [MESSAGE][PASSED] - Call Test Case 'Test Cases/Reusable_Functions/Login' successfully

2023-12-14 09:18:52 - [TEST_STEP][PASSED] - verifyElementText(findTestObject("Object Repository/Page_Campaign/Page_/div_Campaign"), "Campaign"): Actual text and expected text of test object 'Object Repository/Page_Campaign/Page_/div_Campaign' are matched.

2023-12-14 09:18:55 - [MESSAGE][PASSED] - Actual text and expected text of test object 'Object Repository/Page_Campaign/Page_/div_Campaign' are matched.

2023-12-14 09:18:55 - [TEST_STEP][PASSED] - verifyElementVisible(findTestObject("Object Repository/Page_Campaign/Page_/img_Campaign_mg-0")): Object 'Object Repository/Page_Campaign/Page_/img_Campaign_mg-0' is visible

2023-12-14 09:18:55 - [MESSAGE][PASSED] - Object 'Object Repository/Page_Campaign/Page_/img_Campaign_mg-0' is visible

2023-12-14 09:18:55 - [TEST_STEP][PASSED] - mouseOver(findTestObject("Object Repository/Page_Campaign/Page_/img_Campaign_infoIconImage")): Object: 'Object Repository/Page_Campaign/Page_/img_Campaign_infoIconImage' is hovered

2023-12-14 09:18:56 - [MESSAGE][PASSED] - Object: 'Object Repository/Page_Campaign/Page_/img_Campaign_infoIconImage' is hovered

2023-12-14 09:18:56 - [TEST_STEP][PASSED] - verifyElementText(findTestObject("Object Repository/Page_Campaign/Page_/p_Access dashboard to"), "Access dashboard to"): Actual text and expected text of test object 'Object Repository/Page_Campaign/Page_/p_Access dashboard to' are matched.

2023-12-14 09:18:56 - [MESSAGE][PASSED] - Actual text and expected text of test object 'Object Repository/Page_Campaign/Page_/p_Access dashboard to' are matched.

2023-12-14 09:18:56 - [TEST_STEP][PASSED] - verifyElementText(findTestObject("Object Repository/Page_Campaign/Page_/p_view details"), "view details"): Actual text and expected text of test object 'Object Repository/Page_Campaign/Page_/p_view details' are matched.

2023-12-14 09:18:57 - [MESSAGE][PASSED] - Actual text and expected text of test object 'Object Repository/Page_Campaign/Page_/p_view details' are matched.

2023-12-14 09:18:57 - [TEST_STEP][PASSED] - verifyElementText(findTestObject("Object Repository/Page_Campaign/Page_/button_Access dashboard"), "Access dashboard →"): Actual text and expected text of test object 'Object Repository/Page_Campaign/Page_/button_Access dashboard' are matched.

2023-12-14 09:18:57 - [MESSAGE][PASSED] - Actual text and expected text of test object 'Object Repository/Page_Campaign/Page_/button_Access dashboard' are matched.

2023-12-14 09:18:57 - [TEST_STEP][PASSED] - verifyElementClickable(findTestObject("Object Repository/Page_Campaign/Page_/button_Access dashboard")): Object 'Object Repository/Page_Campaign/Page_/button_Access dashboard' is clickable

2023-12-14 09:18:57 - [MESSAGE][PASSED] - Object 'Object Repository/Page_Campaign/Page_/button_Access dashboard' is clickable

2023-12-14 09:18:57 - [TEST_STEP][PASSED] - click(findTestObject("Object Repository/Page_Campaign/Page_/button_Access dashboard")): Object: 'Object Repository/Page_Campaign/Page_/button_Access dashboard' is clicked on

2023-12-14 09:18:58 - [MESSAGE][PASSED] - Object: 'Object Repository/Page_Campaign/Page_/button_Access dashboard' is clicked on

2023-12-14 09:18:58 - [TEST_STEP][PASSED] - verifyElementText(findTestObject("Object Repository/Page_Campaign/Page_/p_Campaign Analytics"), "Campaign Analytics"): Actual text and expected text of test object 'Object Repository/Page_Campaign/Page_/p_Campaign Analytics' are matched.

2023-12-14 09:19:02 - [MESSAGE][PASSED] - Actual text and expected text of test object 'Object Repository/Page_Campaign/Page_/p_Campaign Analytics' are matched.

2023-12-14 09:19:02 - [TEST_STEP][PASSED] - closeBrowser(): Browser is closed

2023-12-14 09:19:03 - [MESSAGE][PASSED] - Browser is closed]]></system-out>
         <system-err><![CDATA[]]></system-err>
      </testcase>
      <testcase name="Test Cases/Spend_Report/test_monthly_spend_report" time="184.32" classname="Test Cases/Spend_Report/test_monthly_spend_report" status="PASSED">
         <system-out><![CDATA[2023-12-14 09:19:03 - [TEST_CASE][PASSED] - Test Cases/Spend_Report/test_monthly_spend_report: Test Cases/Spend_Report/test_monthly_spend_report

2023-12-14 09:19:03 - [TEST_STEP][PASSED] - callTestCase(findTestCase("Reusable_Functions/Login"), [:], CONTINUE_ON_FAILURE): Call Test Case 'Test Cases/Reusable_Functions/Login' successfully

2023-12-14 09:19:03 - [TEST_CASE][PASSED] - Test Cases/Reusable_Functions/Login: Test Cases/Reusable_Functions/Login

2023-12-14 09:19:03 - [TEST_STEP][PASSED] - openBrowser(""): Browser is opened with url: ''

2023-12-14 09:19:03 - [MESSAGE][INFO] - Starting 'Chrome' driver

2023-12-14 09:19:03 - [MESSAGE][INFO] - Action delay is set to 0 milliseconds

2023-12-14 09:19:04 - [MESSAGE][PASSED] - Browser is opened with url: ''

2023-12-14 09:19:04 - [TEST_STEP][PASSED] - maximizeWindow(): Current window maximized

2023-12-14 09:19:05 - [MESSAGE][PASSED] - Current window maximized

2023-12-14 09:19:05 - [TEST_STEP][PASSED] - navigateToUrl("https://dev-dash.admetrics.ai/"): Navigate to 'https://dev-dash.admetrics.ai/' successfully

2023-12-14 09:19:05 - [MESSAGE][PASSED] - Navigate to 'https://dev-dash.admetrics.ai/' successfully

2023-12-14 09:19:05 - [TEST_STEP][PASSED] - setText(findTestObject("Object Repository/Page_Project_Title/input_User ID_username"), "admin"): Text 'admin' is set on object 'Object Repository/Page_Project_Title/input_User ID_username'

2023-12-14 09:19:08 - [MESSAGE][PASSED] - Text 'admin' is set on object 'Object Repository/Page_Project_Title/input_User ID_username'

2023-12-14 09:19:08 - [TEST_STEP][PASSED] - setEncryptedText(findTestObject("Object Repository/Page_Project_Title/input_Password_password"), "7Dxoto1EjKfQbGop/Ov+1g=="): Text ****** has been set on object 'Object Repository/Page_Project_Title/input_Password_password'

2023-12-14 09:19:08 - [MESSAGE][PASSED] - Text ****** has been set on object 'Object Repository/Page_Project_Title/input_Password_password'

2023-12-14 09:19:08 - [TEST_STEP][PASSED] - click(findTestObject("Object Repository/Page_Project_Title/button_Login")): Object: 'Object Repository/Page_Project_Title/button_Login' is clicked on

2023-12-14 09:19:09 - [MESSAGE][PASSED] - Object: 'Object Repository/Page_Project_Title/button_Login' is clicked on

2023-12-14 09:19:09 - [MESSAGE][PASSED] - Call Test Case 'Test Cases/Reusable_Functions/Login' successfully

2023-12-14 09:19:09 - [TEST_STEP][PASSED] - click(findTestObject("Object Repository/Page_Monthly_Spend_Report/Page_/button_Access dashboard")): Object: 'Object Repository/Page_Monthly_Spend_Report/Page_/button_Access dashboard' is clicked on

2023-12-14 09:19:11 - [MESSAGE][PASSED] - Object: 'Object Repository/Page_Monthly_Spend_Report/Page_/button_Access dashboard' is clicked on

2023-12-14 09:19:11 - [TEST_STEP][PASSED] - verifyElementClickable(findTestObject("Object Repository/Page_Monthly_Spend_Report/Page_/div_Monthly Spend Report")): Object 'Object Repository/Page_Monthly_Spend_Report/Page_/div_Monthly Spend Report' is clickable

2023-12-14 09:19:14 - [MESSAGE][PASSED] - Object 'Object Repository/Page_Monthly_Spend_Report/Page_/div_Monthly Spend Report' is clickable

2023-12-14 09:19:14 - [TEST_STEP][PASSED] - click(findTestObject("Object Repository/Page_Monthly_Spend_Report/Page_/div_Monthly Spend Report")): Object: 'Object Repository/Page_Monthly_Spend_Report/Page_/div_Monthly Spend Report' is clicked on

2023-12-14 09:19:14 - [MESSAGE][PASSED] - Object: 'Object Repository/Page_Monthly_Spend_Report/Page_/div_Monthly Spend Report' is clicked on

2023-12-14 09:19:14 - [TEST_STEP][PASSED] - verifyElementClickable(findTestObject("Object Repository/Page_Monthly_Spend_Report/Page_/svg_Enter a date range_mat-datepicker-toggl_ef015c")): Object 'Object Repository/Page_Monthly_Spend_Report/Page_/svg_Enter a date range_mat-datepicker-toggl_ef015c' is clickable

2023-12-14 09:19:17 - [MESSAGE][PASSED] - Object 'Object Repository/Page_Monthly_Spend_Report/Page_/svg_Enter a date range_mat-datepicker-toggl_ef015c' is clickable

2023-12-14 09:19:17 - [TEST_STEP][PASSED] - verifyElementClickable(findTestObject("Object Repository/Page_Monthly_Spend_Report/Page_/mat-icon_clear")): Object 'Object Repository/Page_Monthly_Spend_Report/Page_/mat-icon_clear' is clickable

2023-12-14 09:19:48 - [MESSAGE][INFO] - Unable to find the element located by 'By.xpath: //mat-tab-body[@id='mat-tab-content-0-0']/div/app-monthly-admetric/div/div/div/app-time-series-filter-panel/div/mat-form-field/div/div/div/mat-icon'. Please recheck the objects properties to make sure the desired element is located. 

2023-12-14 09:19:48 - [MESSAGE][WARNING] - [SELF-HEALING] Failed to find element with id 'Object Repository/Page_Monthly_Spend_Report/Page_/mat-icon_clear'. Try using Self-healing.

2023-12-14 09:19:48 - [MESSAGE][WARNING] - [SELF-HEALING] The current locator of test object 'Object Repository/Page_Monthly_Spend_Report/Page_/mat-icon_clear' was broken. Propose an alternative one: '(.//*[normalize-space(text()) and normalize-space(.)='–'])[1]/following::mat-icon[1]'.

2023-12-14 09:19:48 - [MESSAGE][PASSED] - Object 'Object Repository/Page_Monthly_Spend_Report/Page_/mat-icon_clear' is clickable

2023-12-14 09:19:48 - [TEST_STEP][PASSED] - click(findTestObject("Object Repository/Page_Monthly_Spend_Report/Page_/svg_Enter a date range_mat-datepicker-toggl_ef015c")): Object: 'Object Repository/Page_Monthly_Spend_Report/Page_/svg_Enter a date range_mat-datepicker-toggl_ef015c' is clicked on

2023-12-14 09:19:49 - [MESSAGE][PASSED] - Object: 'Object Repository/Page_Monthly_Spend_Report/Page_/svg_Enter a date range_mat-datepicker-toggl_ef015c' is clicked on

2023-12-14 09:19:49 - [TEST_STEP][PASSED] - click(findTestObject("Object Repository/Page_Monthly_Spend_Report/Page_/button_SEPT 2023_mat-focus-indicator mat-ca_7a0138")): Object: 'Object Repository/Page_Monthly_Spend_Report/Page_/button_SEPT 2023_mat-focus-indicator mat-ca_7a0138' is clicked on

2023-12-14 09:19:50 - [MESSAGE][PASSED] - Object: 'Object Repository/Page_Monthly_Spend_Report/Page_/button_SEPT 2023_mat-focus-indicator mat-ca_7a0138' is clicked on

2023-12-14 09:19:50 - [TEST_STEP][PASSED] - click(findTestObject("Object Repository/Page_Monthly_Spend_Report/Page_/button_SEPT 2023_mat-focus-indicator mat-ca_7a0138")): Object: 'Object Repository/Page_Monthly_Spend_Report/Page_/button_SEPT 2023_mat-focus-indicator mat-ca_7a0138' is clicked on

2023-12-14 09:19:51 - [MESSAGE][PASSED] - Object: 'Object Repository/Page_Monthly_Spend_Report/Page_/button_SEPT 2023_mat-focus-indicator mat-ca_7a0138' is clicked on

2023-12-14 09:19:51 - [TEST_STEP][PASSED] - click(findTestObject("Object Repository/Page_Monthly_Spend_Report/Page_/button_SEPT 2023_mat-focus-indicator mat-ca_7a0138")): Object: 'Object Repository/Page_Monthly_Spend_Report/Page_/button_SEPT 2023_mat-focus-indicator mat-ca_7a0138' is clicked on

2023-12-14 09:19:52 - [MESSAGE][PASSED] - Object: 'Object Repository/Page_Monthly_Spend_Report/Page_/button_SEPT 2023_mat-focus-indicator mat-ca_7a0138' is clicked on

2023-12-14 09:19:52 - [TEST_STEP][PASSED] - click(findTestObject("Object Repository/Page_Monthly_Spend_Report/Page_/div_1")): Object: 'Object Repository/Page_Monthly_Spend_Report/Page_/div_1' is clicked on

2023-12-14 09:20:24 - [MESSAGE][INFO] - Unable to find the element located by 'By.xpath: //mat-calendar[@id='mat-datepicker-0']/div/mat-month-view/table/tbody/tr/td[2]/button/div'. Please recheck the objects properties to make sure the desired element is located. 

2023-12-14 09:20:24 - [MESSAGE][WARNING] - [SELF-HEALING] Failed to find element with id 'Object Repository/Page_Monthly_Spend_Report/Page_/div_1'. Try using Self-healing.

2023-12-14 09:20:24 - [MESSAGE][WARNING] - [SELF-HEALING] The current locator of test object 'Object Repository/Page_Monthly_Spend_Report/Page_/div_1' was broken. Propose an alternative one: '(.//*[normalize-space(text()) and normalize-space(.)='JUN'])[1]/following::div[1]'.

2023-12-14 09:20:24 - [MESSAGE][PASSED] - Object: 'Object Repository/Page_Monthly_Spend_Report/Page_/div_1' is clicked on

2023-12-14 09:20:24 - [TEST_STEP][PASSED] - click(findTestObject("Object Repository/Page_Monthly_Spend_Report/Page_/div_30")): Object: 'Object Repository/Page_Monthly_Spend_Report/Page_/div_30' is clicked on

2023-12-14 09:20:55 - [MESSAGE][INFO] - Unable to find the element located by 'By.xpath: //mat-calendar[@id='mat-datepicker-0']/div/mat-month-view/table/tbody/tr[5]/td[6]/button/div'. Please recheck the objects properties to make sure the desired element is located. 

2023-12-14 09:20:55 - [MESSAGE][WARNING] - [SELF-HEALING] Failed to find element with id 'Object Repository/Page_Monthly_Spend_Report/Page_/div_30'. Try using Self-healing.

2023-12-14 09:20:56 - [MESSAGE][WARNING] - [SELF-HEALING] The current locator of test object 'Object Repository/Page_Monthly_Spend_Report/Page_/div_30' was broken. Propose an alternative one: '(.//*[normalize-space(text()) and normalize-space(.)='JUN'])[1]/following::div[59]'.

2023-12-14 09:20:56 - [MESSAGE][PASSED] - Object: 'Object Repository/Page_Monthly_Spend_Report/Page_/div_30' is clicked on

2023-12-14 09:20:56 - [TEST_STEP][PASSED] - click(findTestObject("Object Repository/Page_Monthly_Spend_Report/Page_/svg_Enter a date range_mat-datepicker-toggl_ef015c_1")): Object: 'Object Repository/Page_Monthly_Spend_Report/Page_/svg_Enter a date range_mat-datepicker-toggl_ef015c_1' is clicked on

2023-12-14 09:20:58 - [MESSAGE][PASSED] - Object: 'Object Repository/Page_Monthly_Spend_Report/Page_/svg_Enter a date range_mat-datepicker-toggl_ef015c_1' is clicked on

2023-12-14 09:20:58 - [TEST_STEP][PASSED] - click(findTestObject("Object Repository/Page_Monthly_Spend_Report/Page_/button_SEPT 2023_mat-focus-indicator mat-ca_7a0138")): Object: 'Object Repository/Page_Monthly_Spend_Report/Page_/button_SEPT 2023_mat-focus-indicator mat-ca_7a0138' is clicked on

2023-12-14 09:20:59 - [MESSAGE][PASSED] - Object: 'Object Repository/Page_Monthly_Spend_Report/Page_/button_SEPT 2023_mat-focus-indicator mat-ca_7a0138' is clicked on

2023-12-14 09:20:59 - [TEST_STEP][PASSED] - click(findTestObject("Object Repository/Page_Monthly_Spend_Report/Page_/div_1")): Object: 'Object Repository/Page_Monthly_Spend_Report/Page_/div_1' is clicked on

2023-12-14 09:21:30 - [MESSAGE][INFO] - Unable to find the element located by 'By.xpath: //mat-calendar[@id='mat-datepicker-0']/div/mat-month-view/table/tbody/tr/td[2]/button/div'. Please recheck the objects properties to make sure the desired element is located. 

2023-12-14 09:21:30 - [MESSAGE][WARNING] - [SELF-HEALING] Failed to find element with id 'Object Repository/Page_Monthly_Spend_Report/Page_/div_1'. Try using Self-healing.

2023-12-14 09:21:32 - [MESSAGE][INFO] - Unable to find the element located by 'By.xpath: (.//*[normalize-space(text()) and normalize-space(.)='JUN'])[1]/following::div[1]'. Please recheck the objects properties to make sure the desired element is located. 

2023-12-14 09:21:32 - [MESSAGE][WARNING] - [SELF-HEALING] The current locator of test object 'Object Repository/Page_Monthly_Spend_Report/Page_/div_1' was broken. Propose an alternative one: '(.//*[normalize-space(text()) and normalize-space(.)='Saturday'])[1]/following::div[1]'.

2023-12-14 09:21:32 - [MESSAGE][PASSED] - Object: 'Object Repository/Page_Monthly_Spend_Report/Page_/div_1' is clicked on

2023-12-14 09:21:32 - [TEST_STEP][PASSED] - click(findTestObject("Object Repository/Page_Monthly_Spend_Report/Page_/div_31")): Object: 'Object Repository/Page_Monthly_Spend_Report/Page_/div_31' is clicked on

2023-12-14 09:22:03 - [MESSAGE][INFO] - Unable to find the element located by 'By.xpath: //mat-calendar[@id='mat-datepicker-0']/div/mat-month-view/table/tbody/tr[6]/td[4]/button/div'. Please recheck the objects properties to make sure the desired element is located. 

2023-12-14 09:22:03 - [MESSAGE][WARNING] - [SELF-HEALING] Failed to find element with id 'Object Repository/Page_Monthly_Spend_Report/Page_/div_31'. Try using Self-healing.

2023-12-14 09:22:04 - [MESSAGE][WARNING] - [SELF-HEALING] The current locator of test object 'Object Repository/Page_Monthly_Spend_Report/Page_/div_31' was broken. Propose an alternative one: '(.//*[normalize-space(text()) and normalize-space(.)='Saturday'])[1]/following::div[61]'.

2023-12-14 09:22:04 - [MESSAGE][PASSED] - Object: 'Object Repository/Page_Monthly_Spend_Report/Page_/div_31' is clicked on

2023-12-14 09:22:04 - [TEST_STEP][PASSED] - delay(2): Delayed 2 second(s)

2023-12-14 09:22:06 - [MESSAGE][PASSED] - Delayed 2 second(s)

2023-12-14 09:22:06 - [TEST_STEP][PASSED] - closeBrowser(): Browser is closed

2023-12-14 09:22:07 - [MESSAGE][PASSED] - Browser is closed]]></system-out>
         <system-err><![CDATA[]]></system-err>
      </testcase>
      <testcase name="Test Cases/Spend_Report/test_weekly_spend_report" time="112.045" classname="Test Cases/Spend_Report/test_weekly_spend_report" status="PASSED">
         <system-out><![CDATA[2023-12-14 09:22:07 - [TEST_CASE][PASSED] - Test Cases/Spend_Report/test_weekly_spend_report: Test Cases/Spend_Report/test_weekly_spend_report

2023-12-14 09:22:07 - [TEST_STEP][PASSED] - callTestCase(findTestCase("Reusable_Functions/Login"), [:], CONTINUE_ON_FAILURE): Call Test Case 'Test Cases/Reusable_Functions/Login' successfully

2023-12-14 09:22:07 - [TEST_CASE][PASSED] - Test Cases/Reusable_Functions/Login: Test Cases/Reusable_Functions/Login

2023-12-14 09:22:07 - [TEST_STEP][PASSED] - openBrowser(""): Browser is opened with url: ''

2023-12-14 09:22:07 - [MESSAGE][INFO] - Starting 'Chrome' driver

2023-12-14 09:22:07 - [MESSAGE][INFO] - Action delay is set to 0 milliseconds

2023-12-14 09:22:09 - [MESSAGE][PASSED] - Browser is opened with url: ''

2023-12-14 09:22:09 - [TEST_STEP][PASSED] - maximizeWindow(): Current window maximized

2023-12-14 09:22:09 - [MESSAGE][PASSED] - Current window maximized

2023-12-14 09:22:09 - [TEST_STEP][PASSED] - navigateToUrl("https://dev-dash.admetrics.ai/"): Navigate to 'https://dev-dash.admetrics.ai/' successfully

2023-12-14 09:22:09 - [MESSAGE][PASSED] - Navigate to 'https://dev-dash.admetrics.ai/' successfully

2023-12-14 09:22:09 - [TEST_STEP][PASSED] - setText(findTestObject("Object Repository/Page_Project_Title/input_User ID_username"), "admin"): Text 'admin' is set on object 'Object Repository/Page_Project_Title/input_User ID_username'

2023-12-14 09:22:12 - [MESSAGE][PASSED] - Text 'admin' is set on object 'Object Repository/Page_Project_Title/input_User ID_username'

2023-12-14 09:22:12 - [TEST_STEP][PASSED] - setEncryptedText(findTestObject("Object Repository/Page_Project_Title/input_Password_password"), "7Dxoto1EjKfQbGop/Ov+1g=="): Text ****** has been set on object 'Object Repository/Page_Project_Title/input_Password_password'

2023-12-14 09:22:13 - [MESSAGE][PASSED] - Text ****** has been set on object 'Object Repository/Page_Project_Title/input_Password_password'

2023-12-14 09:22:13 - [TEST_STEP][PASSED] - click(findTestObject("Object Repository/Page_Project_Title/button_Login")): Object: 'Object Repository/Page_Project_Title/button_Login' is clicked on

2023-12-14 09:22:13 - [MESSAGE][PASSED] - Object: 'Object Repository/Page_Project_Title/button_Login' is clicked on

2023-12-14 09:22:13 - [MESSAGE][PASSED] - Call Test Case 'Test Cases/Reusable_Functions/Login' successfully

2023-12-14 09:22:13 - [TEST_STEP][PASSED] - click(findTestObject("Object Repository/Page_Weekly_Spend_Report/Page_/button_Access dashboard")): Object: 'Object Repository/Page_Weekly_Spend_Report/Page_/button_Access dashboard' is clicked on

2023-12-14 09:22:15 - [MESSAGE][PASSED] - Object: 'Object Repository/Page_Weekly_Spend_Report/Page_/button_Access dashboard' is clicked on

2023-12-14 09:22:15 - [TEST_STEP][PASSED] - verifyElementClickable(findTestObject("Object Repository/Page_Weekly_Spend_Report/Page_/div_Weekly Spend Report")): Object 'Object Repository/Page_Weekly_Spend_Report/Page_/div_Weekly Spend Report' is clickable

2023-12-14 09:22:18 - [MESSAGE][PASSED] - Object 'Object Repository/Page_Weekly_Spend_Report/Page_/div_Weekly Spend Report' is clickable

[...]

2023-12-14 09:32:05 - [TEST_STEP][PASSED] - verifyElementText(findTestObject("Object Repository/Page_Campaign_Metric_Table/Page_/input_text"), ""): Actual text and expected text of test object 'Object Repository/Page_Campaign_Metric_Table/Page_/input_text' are matched.

2023-12-14 09:32:05 - [MESSAGE][PASSED] - Actual text and expected text of test object 'Object Repository/Page_Campaign_Metric_Table/Page_/input_text' are matched.

2023-12-14 09:32:05 - [TEST_STEP][PASSED] - verifyElementClickable(findTestObject("Object Repository/Page_Campaign_Metric_Table/Page_/span_Select Campaign Name_ng-arrow-wrapper")): Object 'Object Repository/Page_Campaign_Metric_Table/Page_/span_Select Campaign Name_ng-arrow-wrapper' is clickable

2023-12-14 09:32:06 - [MESSAGE][PASSED] - Object 'Object Repository/Page_Campaign_Metric_Table/Page_/span_Select Campaign Name_ng-arrow-wrapper' is clickable

2023-12-14 09:32:06 - [TEST_STEP][PASSED] - click(findTestObject("Object Repository/Page_Campaign_Metric_Table/Page_/span_Select Campaign Name_ng-arrow-wrapper_1")): Object: 'Object Repository/Page_Campaign_Metric_Table/Page_/span_Select Campaign Name_ng-arrow-wrapper_1' is clicked on

2023-12-14 09:32:06 - [MESSAGE][PASSED] - Object: 'Object Repository/Page_Campaign_Metric_Table/Page_/span_Select Campaign Name_ng-arrow-wrapper_1' is clicked on

2023-12-14 09:32:06 - [TEST_STEP][PASSED] - click(findTestObject("Object Repository/Page_Campaign_Metric_Table/Page_/span_Select Campaign Name_ng-arrow-wrapper_1_2")): Object: 'Object Repository/Page_Campaign_Metric_Table/Page_/span_Select Campaign Name_ng-arrow-wrapper_1_2' is clicked on

2023-12-14 09:32:07 - [MESSAGE][PASSED] - Object: 'Object Repository/Page_Campaign_Metric_Table/Page_/span_Select Campaign Name_ng-arrow-wrapper_1_2' is clicked on

2023-12-14 09:32:07 - [TEST_STEP][PASSED] - verifyElementText(findTestObject("Object Repository/Page_Campaign_Metric_Table/Page_/h2_Campaign Metrics"), "Campaign Metrics"): Actual text and expected text of test object 'Object Repository/Page_Campaign_Metric_Table/Page_/h2_Campaign Metrics' are matched.

2023-12-14 09:32:07 - [MESSAGE][PASSED] - Actual text and expected text of test object 'Object Repository/Page_Campaign_Metric_Table/Page_/h2_Campaign Metrics' are matched.

2023-12-14 09:32:07 - [TEST_STEP][PASSED] - verifyElementText(findTestObject("Object Repository/Page_Campaign_Metric_Table/Page_/div_Date"), "Date"): Actual text and expected text of test object 'Object Repository/Page_Campaign_Metric_Table/Page_/div_Date' are matched.

2023-12-14 09:32:08 - [MESSAGE][PASSED] - Actual text and expected text of test object 'Object Repository/Page_Campaign_Metric_Table/Page_/div_Date' are matched.

2023-12-14 09:32:08 - [TEST_STEP][PASSED] - verifyElementClickable(findTestObject("Object Repository/Page_Campaign_Metric_Table/Page_/div_Date_mat-sort-header-arrow ng-trigger n_fe89c8")): Object 'Object Repository/Page_Campaign_Metric_Table/Page_/div_Date_mat-sort-header-arrow ng-trigger n_fe89c8' is clickable

2023-12-14 09:32:08 - [MESSAGE][PASSED] - Object 'Object Repository/Page_Campaign_Metric_Table/Page_/div_Date_mat-sort-header-arrow ng-trigger n_fe89c8' is clickable

2023-12-14 09:32:08 - [TEST_STEP][PASSED] - click(findTestObject("Object Repository/Page_Campaign_Metric_Table/Page_/div_Date_mat-sort-header-arrow ng-trigger n_b4c982")): Object: 'Object Repository/Page_Campaign_Metric_Table/Page_/div_Date_mat-sort-header-arrow ng-trigger n_b4c982' is clicked on

2023-12-14 09:32:09 - [MESSAGE][PASSED] - Object: 'Object Repository/Page_Campaign_Metric_Table/Page_/div_Date_mat-sort-header-arrow ng-trigger n_b4c982' is clicked on

2023-12-14 09:32:09 - [TEST_STEP][PASSED] - verifyElementText(findTestObject("Object Repository/Page_Campaign_Metric_Table/Page_/div_Channel"), "Channel"): Actual text and expected text of test object 'Object Repository/Page_Campaign_Metric_Table/Page_/div_Channel' are matched.

2023-12-14 09:32:09 - [MESSAGE][PASSED] - Actual text and expected text of test object 'Object Repository/Page_Campaign_Metric_Table/Page_/div_Channel' are matched.

2023-12-14 09:32:09 - [TEST_STEP][PASSED] - verifyElementClickable(findTestObject("Object Repository/Page_Campaign_Metric_Table/Page_/div_Channel_mat-sort-header-arrow ng-trigge_fafc0e")): Object 'Object Repository/Page_Campaign_Metric_Table/Page_/div_Channel_mat-sort-header-arrow ng-trigge_fafc0e' is clickable

2023-12-14 09:32:10 - [MESSAGE][PASSED] - Object 'Object Repository/Page_Campaign_Metric_Table/Page_/div_Channel_mat-sort-header-arrow ng-trigge_fafc0e' is clickable

2023-12-14 09:32:10 - [TEST_STEP][PASSED] - click(findTestObject("Object Repository/Page_Campaign_Metric_Table/Page_/div_Channel_mat-sort-header-stem ng-tns-c99-16")): Object: 'Object Repository/Page_Campaign_Metric_Table/Page_/div_Channel_mat-sort-header-stem ng-tns-c99-16' is clicked on

2023-12-14 09:32:10 - [MESSAGE][PASSED] - Object: 'Object Repository/Page_Campaign_Metric_Table/Page_/div_Channel_mat-sort-header-stem ng-tns-c99-16' is clicked on

2023-12-14 09:32:10 - [TEST_STEP][PASSED] - verifyElementText(findTestObject("Object Repository/Page_Campaign_Metric_Table/Page_/div_Campaign Name"), "Campaign Name"): Actual text and expected text of test object 'Object Repository/Page_Campaign_Metric_Table/Page_/div_Campaign Name' are matched.

2023-12-14 09:32:11 - [MESSAGE][PASSED] - Actual text and expected text of test object 'Object Repository/Page_Campaign_Metric_Table/Page_/div_Campaign Name' are matched.

2023-12-14 09:32:11 - [TEST_STEP][PASSED] - verifyElementClickable(findTestObject("Object Repository/Page_Campaign_Metric_Table/Page_/div_Campaign Name_mat-sort-header-arrow ng-_b639d6")): Object 'Object Repository/Page_Campaign_Metric_Table/Page_/div_Campaign Name_mat-sort-header-arrow ng-_b639d6' is clickable

2023-12-14 09:32:11 - [MESSAGE][PASSED] - Object 'Object Repository/Page_Campaign_Metric_Table/Page_/div_Campaign Name_mat-sort-header-arrow ng-_b639d6' is clickable

2023-12-14 09:32:11 - [TEST_STEP][PASSED] - click(findTestObject("Object Repository/Page_Campaign_Metric_Table/Page_/div_Campaign Name_mat-sort-header-stem ng-t_f89802")): Object: 'Object Repository/Page_Campaign_Metric_Table/Page_/div_Campaign Name_mat-sort-header-stem ng-t_f89802' is clicked on

2023-12-14 09:32:12 - [MESSAGE][PASSED] - Object: 'Object Repository/Page_Campaign_Metric_Table/Page_/div_Campaign Name_mat-sort-header-stem ng-t_f89802' is clicked on

2023-12-14 09:32:12 - [TEST_STEP][PASSED] - verifyElementText(findTestObject("Object Repository/Page_Campaign_Metric_Table/Page_/div_Clicks"), "Clicks"): Actual text and expected text of test object 'Object Repository/Page_Campaign_Metric_Table/Page_/div_Clicks' are matched.

2023-12-14 09:32:12 - [MESSAGE][PASSED] - Actual text and expected text of test object 'Object Repository/Page_Campaign_Metric_Table/Page_/div_Clicks' are matched.

2023-12-14 09:32:12 - [TEST_STEP][PASSED] - verifyElementClickable(findTestObject("Object Repository/Page_Campaign_Metric_Table/Page_/div_Clicks_mat-sort-header-stem ng-tns-c99-18_1")): Object 'Object Repository/Page_Campaign_Metric_Table/Page_/div_Clicks_mat-sort-header-stem ng-tns-c99-18_1' is clickable

2023-12-14 09:32:13 - [MESSAGE][PASSED] - Object 'Object Repository/Page_Campaign_Metric_Table/Page_/div_Clicks_mat-sort-header-stem ng-tns-c99-18_1' is clickable

2023-12-14 09:32:13 - [TEST_STEP][PASSED] - click(findTestObject("Object Repository/Page_Campaign_Metric_Table/Page_/div_Clicks_mat-sort-header-arrow ng-trigger_1fb1a2")): Object: 'Object Repository/Page_Campaign_Metric_Table/Page_/div_Clicks_mat-sort-header-arrow ng-trigger_1fb1a2' is clicked on

2023-12-14 09:32:14 - [MESSAGE][PASSED] - Object: 'Object Repository/Page_Campaign_Metric_Table/Page_/div_Clicks_mat-sort-header-arrow ng-trigger_1fb1a2' is clicked on

2023-12-14 09:32:14 - [TEST_STEP][PASSED] - verifyElementText(findTestObject("Object Repository/Page_Campaign_Metric_Table/Page_/div_Impressions"), "Impressions"): Actual text and expected text of test object 'Object Repository/Page_Campaign_Metric_Table/Page_/div_Impressions' are matched.

2023-12-14 09:32:14 - [MESSAGE][PASSED] - Actual text and expected text of test object 'Object Repository/Page_Campaign_Metric_Table/Page_/div_Impressions' are matched.

2023-12-14 09:32:14 - [TEST_STEP][PASSED] - verifyElementClickable(findTestObject("Object Repository/Page_Campaign_Metric_Table/Page_/div_Impressions_mat-sort-header-stem ng-tns-c99-19_1")): Object 'Object Repository/Page_Campaign_Metric_Table/Page_/div_Impressions_mat-sort-header-stem ng-tns-c99-19_1' is clickable

2023-12-14 09:32:15 - [MESSAGE][PASSED] - Object 'Object Repository/Page_Campaign_Metric_Table/Page_/div_Impressions_mat-sort-header-stem ng-tns-c99-19_1' is clickable

2023-12-14 09:32:15 - [TEST_STEP][PASSED] - click(findTestObject("Object Repository/Page_Campaign_Metric_Table/Page_/div_Impressions_mat-sort-header-stem ng-tns-c99-19")): Object: 'Object Repository/Page_Campaign_Metric_Table/Page_/div_Impressions_mat-sort-header-stem ng-tns-c99-19' is clicked on

2023-12-14 09:32:15 - [MESSAGE][PASSED] - Object: 'Object Repository/Page_Campaign_Metric_Table/Page_/div_Impressions_mat-sort-header-stem ng-tns-c99-19' is clicked on

2023-12-14 09:32:15 - [TEST_STEP][PASSED] - verifyElementText(findTestObject("Object Repository/Page_Campaign_Metric_Table/Page_/div_CTR"), "CTR"): Actual text and expected text of test object 'Object Repository/Page_Campaign_Metric_Table/Page_/div_CTR' are matched.

2023-12-14 09:32:16 - [MESSAGE][PASSED] - Actual text and expected text of test object 'Object Repository/Page_Campaign_Metric_Table/Page_/div_CTR' are matched.

2023-12-14 09:32:16 - [TEST_STEP][PASSED] - verifyElementClickable(findTestObject("Object Repository/Page_Campaign_Metric_Table/Page_/div_CTR_mat-sort-header-arrow ng-trigger ng_722320")): Object 'Object Repository/Page_Campaign_Metric_Table/Page_/div_CTR_mat-sort-header-arrow ng-trigger ng_722320' is clickable

2023-12-14 09:32:16 - [MESSAGE][PASSED] - Object 'Object Repository/Page_Campaign_Metric_Table/Page_/div_CTR_mat-sort-header-arrow ng-trigger ng_722320' is clickable

2023-12-14 09:32:16 - [TEST_STEP][PASSED] - click(findTestObject("Object Repository/Page_Campaign_Metric_Table/Page_/div_CTR_mat-sort-header-arrow ng-trigger ng_722320")): Object: 'Object Repository/Page_Campaign_Metric_Table/Page_/div_CTR_mat-sort-header-arrow ng-trigger ng_722320' is clicked on

2023-12-14 09:32:17 - [MESSAGE][PASSED] - Object: 'Object Repository/Page_Campaign_Metric_Table/Page_/div_CTR_mat-sort-header-arrow ng-trigger ng_722320' is clicked on

2023-12-14 09:32:17 - [TEST_STEP][PASSED] - verifyElementText(findTestObject("Object Repository/Page_Campaign_Metric_Table/Page_/div_Reach"), "Reach"): Actual text and expected text of test object 'Object Repository/Page_Campaign_Metric_Table/Page_/div_Reach' are matched.

2023-12-14 09:32:17 - [MESSAGE][PASSED] - Actual text and expected text of test object 'Object Repository/Page_Campaign_Metric_Table/Page_/div_Reach' are matched.

2023-12-14 09:32:17 - [TEST_STEP][PASSED] - verifyElementClickable(findTestObject("Object Repository/Page_Campaign_Metric_Table/Page_/div_Reach_mat-sort-header-arrow ng-trigger _a51bd7")): Object 'Object Repository/Page_Campaign_Metric_Table/Page_/div_Reach_mat-sort-header-arrow ng-trigger _a51bd7' is clickable

2023-12-14 09:32:18 - [MESSAGE][PASSED] - Object 'Object Repository/Page_Campaign_Metric_Table/Page_/div_Reach_mat-sort-header-arrow ng-trigger _a51bd7' is clickable

2023-12-14 09:32:18 - [TEST_STEP][PASSED] - click(findTestObject("Object Repository/Page_Campaign_Metric_Table/Page_/div_Reach_mat-sort-header-arrow ng-trigger _e0742d")): Object: 'Object Repository/Page_Campaign_Metric_Table/Page_/div_Reach_mat-sort-header-arrow ng-trigger _e0742d' is clicked on

2023-12-14 09:32:18 - [MESSAGE][PASSED] - Object: 'Object Repository/Page_Campaign_Metric_Table/Page_/div_Reach_mat-sort-header-arrow ng-trigger _e0742d' is clicked on

2023-12-14 09:32:18 - [TEST_STEP][PASSED] - verifyElementText(findTestObject("Object Repository/Page_Campaign_Metric_Table/Page_/div_Spend"), "Spend"): Actual text and expected text of test object 'Object Repository/Page_Campaign_Metric_Table/Page_/div_Spend' are matched.

2023-12-14 09:32:19 - [MESSAGE][PASSED] - Actual text and expected text of test object 'Object Repository/Page_Campaign_Metric_Table/Page_/div_Spend' are matched.

2023-12-14 09:32:19 - [TEST_STEP][PASSED] - verifyElementClickable(findTestObject("Object Repository/Page_Campaign_Metric_Table/Page_/div_Spend_mat-sort-header-stem ng-tns-c99-22_1")): Object 'Object Repository/Page_Campaign_Metric_Table/Page_/div_Spend_mat-sort-header-stem ng-tns-c99-22_1' is clickable

2023-12-14 09:32:19 - [MESSAGE][PASSED] - Object 'Object Repository/Page_Campaign_Metric_Table/Page_/div_Spend_mat-sort-header-stem ng-tns-c99-22_1' is clickable

2023-12-14 09:32:19 - [TEST_STEP][PASSED] - click(findTestObject("Object Repository/Page_Campaign_Metric_Table/Page_/div_Spend_mat-sort-header-arrow ng-trigger _df96b4")): Object: 'Object Repository/Page_Campaign_Metric_Table/Page_/div_Spend_mat-sort-header-arrow ng-trigger _df96b4' is clicked on

2023-12-14 09:32:20 - [MESSAGE][PASSED] - Object: 'Object Repository/Page_Campaign_Metric_Table/Page_/div_Spend_mat-sort-header-arrow ng-trigger _df96b4' is clicked on

2023-12-14 09:32:20 - [TEST_STEP][PASSED] - verifyElementText(findTestObject("Object Repository/Page_Campaign_Metric_Table/Page_/div_Items per page"), "Items per page:"): Actual text and expected text of test object 'Object Repository/Page_Campaign_Metric_Table/Page_/div_Items per page' are matched.

2023-12-14 09:32:20 - [MESSAGE][PASSED] - Actual text and expected text of test object 'Object Repository/Page_Campaign_Metric_Table/Page_/div_Items per page' are matched.

2023-12-14 09:32:20 - [TEST_STEP][PASSED] - verifyElementClickable(findTestObject("Object Repository/Page_Campaign_Metric_Table/Page_/div_Items per page_mat-select-arrow ng-tns-c110-14")): Object 'Object Repository/Page_Campaign_Metric_Table/Page_/div_Items per page_mat-select-arrow ng-tns-c110-14' is clickable

2023-12-14 09:32:21 - [MESSAGE][PASSED] - Object 'Object Repository/Page_Campaign_Metric_Table/Page_/div_Items per page_mat-select-arrow ng-tns-c110-14' is clickable

2023-12-14 09:32:21 - [TEST_STEP][PASSED] - verifyElementClickable(findTestObject("Object Repository/Page_Campaign_Metric_Table/Page_/svg_Items per page_mat-paginator-icon")): Object 'Object Repository/Page_Campaign_Metric_Table/Page_/svg_Items per page_mat-paginator-icon' is clickable

2023-12-14 09:32:21 - [MESSAGE][PASSED] - Object 'Object Repository/Page_Campaign_Metric_Table/Page_/svg_Items per page_mat-paginator-icon' is clickable

2023-12-14 09:32:21 - [TEST_STEP][PASSED] - click(findTestObject("Object Repository/Page_Campaign_Metric_Table/Page_/svg_Items per page_mat-paginator-icon")): Object: 'Object Repository/Page_Campaign_Metric_Table/Page_/svg_Items per page_mat-paginator-icon' is clicked on

2023-12-14 09:32:22 - [MESSAGE][PASSED] - Object: 'Object Repository/Page_Campaign_Metric_Table/Page_/svg_Items per page_mat-paginator-icon' is clicked on

2023-12-14 09:32:22 - [TEST_STEP][PASSED] - verifyElementClickable(findTestObject("Object Repository/Page_Campaign_Metric_Table/Page_/svg_Items per page_mat-paginator-icon_1")): Object 'Object Repository/Page_Campaign_Metric_Table/Page_/svg_Items per page_mat-paginator-icon_1' is clickable

2023-12-14 09:32:22 - [MESSAGE][PASSED] - Object 'Object Repository/Page_Campaign_Metric_Table/Page_/svg_Items per page_mat-paginator-icon_1' is clickable

2023-12-14 09:32:22 - [TEST_STEP][PASSED] - click(findTestObject("Object Repository/Page_Campaign_Metric_Table/Page_/svg_Items per page_mat-paginator-icon_1")): Object: 'Object Repository/Page_Campaign_Metric_Table/Page_/svg_Items per page_mat-paginator-icon_1' is clicked on

2023-12-14 09:32:23 - [MESSAGE][PASSED] - Object: 'Object Repository/Page_Campaign_Metric_Table/Page_/svg_Items per page_mat-paginator-icon_1' is clicked on

2023-12-14 09:32:23 - [TEST_STEP][PASSED] - click(findTestObject("Object Repository/Page_Campaign_Metric_Table/Page_/div_Items per page_mat-select-arrow ng-tns-c110-14")): Object: 'Object Repository/Page_Campaign_Metric_Table/Page_/div_Items per page_mat-select-arrow ng-tns-c110-14' is clicked on

2023-12-14 09:32:24 - [MESSAGE][PASSED] - Object: 'Object Repository/Page_Campaign_Metric_Table/Page_/div_Items per page_mat-select-arrow ng-tns-c110-14' is clicked on

2023-12-14 09:32:24 - [TEST_STEP][PASSED] - click(findTestObject("Object Repository/Page_Campaign_Metric_Table/Page_/span_10")): Object: 'Object Repository/Page_Campaign_Metric_Table/Page_/span_10' is clicked on

2023-12-14 09:32:24 - [MESSAGE][PASSED] - Object: 'Object Repository/Page_Campaign_Metric_Table/Page_/span_10' is clicked on

2023-12-14 09:32:24 - [TEST_STEP][PASSED] - click(findTestObject("Object Repository/Page_Campaign_Metric_Table/Page_/div_Items per page_mat-select-arrow-wrapper_9322e4")): Object: 'Object Repository/Page_Campaign_Metric_Table/Page_/div_Items per page_mat-select-arrow-wrapper_9322e4' is clicked on

2023-12-14 09:32:25 - [MESSAGE][PASSED] - Object: 'Object Repository/Page_Campaign_Metric_Table/Page_/div_Items per page_mat-select-arrow-wrapper_9322e4' is clicked on

2023-12-14 09:32:25 - [TEST_STEP][PASSED] - click(findTestObject("Object Repository/Page_Campaign_Metric_Table/Page_/span_20")): Object: 'Object Repository/Page_Campaign_Metric_Table/Page_/span_20' is clicked on

2023-12-14 09:32:26 - [MESSAGE][PASSED] - Object: 'Object Repository/Page_Campaign_Metric_Table/Page_/span_20' is clicked on

2023-12-14 09:32:26 - [TEST_STEP][PASSED] - click(findTestObject("Object Repository/Page_Campaign_Metric_Table/Page_/div_Items per page_mat-select-arrow-wrapper_9322e4")): Object: 'Object Repository/Page_Campaign_Metric_Table/Page_/div_Items per page_mat-select-arrow-wrapper_9322e4' is clicked on

2023-12-14 09:32:27 - [MESSAGE][PASSED] - Object: 'Object Repository/Page_Campaign_Metric_Table/Page_/div_Items per page_mat-select-arrow-wrapper_9322e4' is clicked on

2023-12-14 09:32:27 - [TEST_STEP][PASSED] - click(findTestObject("Object Repository/Page_Campaign_Metric_Table/Page_/span_30")): Object: 'Object Repository/Page_Campaign_Metric_Table/Page_/span_30' is clicked on

2023-12-14 09:32:27 - [MESSAGE][PASSED] - Object: 'Object Repository/Page_Campaign_Metric_Table/Page_/span_30' is clicked on

2023-12-14 09:32:27 - [TEST_STEP][PASSED] - click(findTestObject("Object Repository/Page_Campaign_Metric_Table/Page_/div_Items per page_mat-select-arrow ng-tns-c110-14")): Object: 'Object Repository/Page_Campaign_Metric_Table/Page_/div_Items per page_mat-select-arrow ng-tns-c110-14' is clicked on

2023-12-14 09:32:28 - [MESSAGE][PASSED] - Object: 'Object Repository/Page_Campaign_Metric_Table/Page_/div_Items per page_mat-select-arrow ng-tns-c110-14' is clicked on

2023-12-14 09:32:28 - [TEST_STEP][PASSED] - click(findTestObject("Object Repository/Page_Campaign_Metric_Table/Page_/span_5")): Object: 'Object Repository/Page_Campaign_Metric_Table/Page_/span_5' is clicked on

2023-12-14 09:32:29 - [MESSAGE][PASSED] - Object: 'Object Repository/Page_Campaign_Metric_Table/Page_/span_5' is clicked on

2023-12-14 09:32:29 - [TEST_STEP][PASSED] - closeBrowser(): Browser is closed

2023-12-14 09:32:30 - [MESSAGE][PASSED] - Browser is closed]]></system-out>
         <system-err><![CDATA[]]></system-err>
      </testcase>
      <system-out><![CDATA[2023-12-14 09:16:25 - [TEST_SUITE][PASSED] - Function_test: Test Cases/Campaign/test_campaign_metric_table]]></system-out>
      <system-err><![CDATA[]]></system-err>
   </testsuite>
</testsuites>
